---------------------------------------------------------------
[ 2019-04-08T15:17:12+08:00 ] 0.0.0.0 GET www.frame.com:8888/
[运行时间：0.074384s] [吞吐率：13.44req/s] [内存消耗：1,380.85kb] [文件加载：36]
[ info ] [ LANG ] /Users/xinjiashuodemac/workspace/my/frame/thinkphp/lang/zh-cn.php
[ info ] [ ROUTE ] array (
  'type' => 'module',
  'module' => 
  array (
    0 => '',
    1 => NULL,
    2 => NULL,
  ),
)
[ info ] [ HEADER ] array (
  'host' => 'www.frame.com:8888',
  'connection' => 'keep-alive',
  'upgrade-insecure-requests' => '1',
  'user-agent' => 'Mozilla/5.0 (Macintosh; Intel Mac OS X 10_14_3) AppleWebKit/537.36 (KHTML, like Gecko) Chrome/72.0.3626.121 Safari/537.36',
  'accept' => 'text/html,application/xhtml+xml,application/xml;q=0.9,image/webp,image/apng,*/*;q=0.8',
  'accept-encoding' => 'gzip, deflate',
  'accept-language' => 'zh-CN,zh;q=0.9',
)
[ info ] [ PARAM ] array (
)
[ info ] [ RUN ] app\index\controller\Index->index[ /Users/xinjiashuodemac/workspace/my/frame/application/index/controller/Index.php ]
[ info ] [ VIEW ] /Users/xinjiashuodemac/workspace/my/frame/public/../application/index/view/index/index.html [ array (
) ]
[ info ] [ SESSION ] INIT array (
  'id' => '',
  'var_session_id' => '',
  'prefix' => 'think',
  'type' => '',
  'auto_start' => true,
)
[ info ] [ LOG ] INIT File
---------------------------------------------------------------
[ 2019-04-08T15:17:21+08:00 ] 0.0.0.0 GET www.frame.com:8888/admin
[运行时间：0.643033s] [吞吐率：1.56req/s] [内存消耗：2,493.81kb] [文件加载：47]
[ info ] [ LANG ] /Users/xinjiashuodemac/workspace/my/frame/thinkphp/lang/zh-cn.php
[ info ] [ ROUTE ] array (
  'type' => 'module',
  'module' => 
  array (
    0 => 'admin',
    1 => NULL,
    2 => NULL,
  ),
)
[ info ] [ HEADER ] array (
  'host' => 'www.frame.com:8888',
  'connection' => 'keep-alive',
  'upgrade-insecure-requests' => '1',
  'user-agent' => 'Mozilla/5.0 (Macintosh; Intel Mac OS X 10_14_3) AppleWebKit/537.36 (KHTML, like Gecko) Chrome/72.0.3626.121 Safari/537.36',
  'accept' => 'text/html,application/xhtml+xml,application/xml;q=0.9,image/webp,image/apng,*/*;q=0.8',
  'accept-encoding' => 'gzip, deflate',
  'accept-language' => 'zh-CN,zh;q=0.9',
  'cookie' => 'PHPSESSID=1sancef27v55e9s1j0tdr6h01r',
)
[ info ] [ PARAM ] array (
)
[ info ] [ SESSION ] INIT array (
  'id' => '',
  'var_session_id' => '',
  'prefix' => 'think',
  'type' => '',
  'auto_start' => true,
)
[ info ] [ DB ] INIT mysql
[ info ] [ LOG ] INIT File
[ sql ] [ DB ] CONNECT:[ UseTime:0.252257s ] mysql:host=161.117.4.120;dbname=leesin;charset=utf8
[ sql ] [ SQL ] SHOW COLUMNS FROM `xin_config` [ RunTime:0.166681s ]
[ sql ] [ SQL ] SELECT * FROM `xin_config` WHERE  `config_id` = 1 LIMIT 1 [ RunTime:0.166224s ]
---------------------------------------------------------------
[ 2019-04-08T15:17:21+08:00 ] 0.0.0.0 GET www.frame.com:8888/admin/login/login.html
[运行时间：0.042875s] [吞吐率：23.32req/s] [内存消耗：2,632.53kb] [文件加载：51]
[ info ] [ LANG ] /Users/xinjiashuodemac/workspace/my/frame/thinkphp/lang/zh-cn.php
[ info ] [ ROUTE ] array (
  'type' => 'module',
  'module' => 
  array (
    0 => 'admin',
    1 => 'login',
    2 => 'login',
  ),
)
[ info ] [ HEADER ] array (
  'host' => 'www.frame.com:8888',
  'connection' => 'keep-alive',
  'upgrade-insecure-requests' => '1',
  'user-agent' => 'Mozilla/5.0 (Macintosh; Intel Mac OS X 10_14_3) AppleWebKit/537.36 (KHTML, like Gecko) Chrome/72.0.3626.121 Safari/537.36',
  'accept' => 'text/html,application/xhtml+xml,application/xml;q=0.9,image/webp,image/apng,*/*;q=0.8',
  'accept-encoding' => 'gzip, deflate',
  'accept-language' => 'zh-CN,zh;q=0.9',
  'cookie' => 'PHPSESSID=1sancef27v55e9s1j0tdr6h01r',
)
[ info ] [ PARAM ] array (
)
[ info ] [ SESSION ] INIT array (
  'id' => '',
  'var_session_id' => '',
  'prefix' => 'think',
  'type' => '',
  'auto_start' => true,
)
[ info ] [ DB ] INIT mysql
[ info ] [ RUN ] app\admin\controller\Login->login[ /Users/xinjiashuodemac/workspace/my/frame/application/admin/controller/Login.php ]
[ info ] [ VIEW ] /Users/xinjiashuodemac/workspace/my/frame/public/../application/admin/view/login/login.html [ array (
) ]
[ info ] [ LOG ] INIT File
---------------------------------------------------------------
[ 2019-04-08T15:28:14+08:00 ] 0.0.0.0 GET www.frame.com:8888/admin/login/login.html
[运行时间：0.037941s] [吞吐率：26.36req/s] [内存消耗：2,485.05kb] [文件加载：49]
[ info ] [ LANG ] /Users/xinjiashuodemac/workspace/my/frame/thinkphp/lang/zh-cn.php
[ info ] [ ROUTE ] array (
  'type' => 'module',
  'module' => 
  array (
    0 => 'admin',
    1 => 'login',
    2 => 'login',
  ),
)
[ info ] [ HEADER ] array (
  'host' => 'www.frame.com:8888',
  'connection' => 'keep-alive',
  'cache-control' => 'max-age=0',
  'upgrade-insecure-requests' => '1',
  'user-agent' => 'Mozilla/5.0 (Macintosh; Intel Mac OS X 10_14_3) AppleWebKit/537.36 (KHTML, like Gecko) Chrome/72.0.3626.121 Safari/537.36',
  'accept' => 'text/html,application/xhtml+xml,application/xml;q=0.9,image/webp,image/apng,*/*;q=0.8',
  'accept-encoding' => 'gzip, deflate',
  'accept-language' => 'zh-CN,zh;q=0.9',
  'cookie' => 'PHPSESSID=1sancef27v55e9s1j0tdr6h01r',
)
[ info ] [ PARAM ] array (
)
[ info ] [ SESSION ] INIT array (
  'id' => '',
  'var_session_id' => '',
  'prefix' => 'think',
  'type' => '',
  'auto_start' => true,
)
[ info ] [ DB ] INIT mysql
[ info ] [ RUN ] app\admin\controller\Login->login[ /Users/xinjiashuodemac/workspace/my/frame/application/admin/controller/Login.php ]
[ info ] [ VIEW ] /Users/xinjiashuodemac/workspace/my/frame/public/../application/admin/view/login/login.html [ array (
) ]
[ info ] [ LOG ] INIT File
---------------------------------------------------------------
[ 2019-04-08T15:28:16+08:00 ] 0.0.0.0 GET www.frame.com:8888/admin/login/login.html
[运行时间：0.033802s] [吞吐率：29.58req/s] [内存消耗：2,485.05kb] [文件加载：49]
[ info ] [ LANG ] /Users/xinjiashuodemac/workspace/my/frame/thinkphp/lang/zh-cn.php
[ info ] [ ROUTE ] array (
  'type' => 'module',
  'module' => 
  array (
    0 => 'admin',
    1 => 'login',
    2 => 'login',
  ),
)
[ info ] [ HEADER ] array (
  'host' => 'www.frame.com:8888',
  'connection' => 'keep-alive',
  'cache-control' => 'max-age=0',
  'upgrade-insecure-requests' => '1',
  'user-agent' => 'Mozilla/5.0 (Macintosh; Intel Mac OS X 10_14_3) AppleWebKit/537.36 (KHTML, like Gecko) Chrome/72.0.3626.121 Safari/537.36',
  'accept' => 'text/html,application/xhtml+xml,application/xml;q=0.9,image/webp,image/apng,*/*;q=0.8',
  'accept-encoding' => 'gzip, deflate',
  'accept-language' => 'zh-CN,zh;q=0.9',
  'cookie' => 'PHPSESSID=1sancef27v55e9s1j0tdr6h01r',
)
[ info ] [ PARAM ] array (
)
[ info ] [ SESSION ] INIT array (
  'id' => '',
  'var_session_id' => '',
  'prefix' => 'think',
  'type' => '',
  'auto_start' => true,
)
[ info ] [ DB ] INIT mysql
[ info ] [ RUN ] app\admin\controller\Login->login[ /Users/xinjiashuodemac/workspace/my/frame/application/admin/controller/Login.php ]
[ info ] [ VIEW ] /Users/xinjiashuodemac/workspace/my/frame/public/../application/admin/view/login/login.html [ array (
) ]
[ info ] [ LOG ] INIT File
---------------------------------------------------------------
[ 2019-04-08T15:29:03+08:00 ] 0.0.0.0 GET www.frame.com:8888/admin/login/login.html
[运行时间：0.041733s] [吞吐率：23.96req/s] [内存消耗：2,485.05kb] [文件加载：49]
[ info ] [ LANG ] /Users/xinjiashuodemac/workspace/my/frame/thinkphp/lang/zh-cn.php
[ info ] [ ROUTE ] array (
  'type' => 'module',
  'module' => 
  array (
    0 => 'admin',
    1 => 'login',
    2 => 'login',
  ),
)
[ info ] [ HEADER ] array (
  'host' => 'www.frame.com:8888',
  'connection' => 'keep-alive',
  'cache-control' => 'max-age=0',
  'upgrade-insecure-requests' => '1',
  'user-agent' => 'Mozilla/5.0 (Macintosh; Intel Mac OS X 10_14_3) AppleWebKit/537.36 (KHTML, like Gecko) Chrome/72.0.3626.121 Safari/537.36',
  'accept' => 'text/html,application/xhtml+xml,application/xml;q=0.9,image/webp,image/apng,*/*;q=0.8',
  'accept-encoding' => 'gzip, deflate',
  'accept-language' => 'zh-CN,zh;q=0.9',
  'cookie' => 'PHPSESSID=1sancef27v55e9s1j0tdr6h01r',
)
[ info ] [ PARAM ] array (
)
[ info ] [ SESSION ] INIT array (
  'id' => '',
  'var_session_id' => '',
  'prefix' => 'think',
  'type' => '',
  'auto_start' => true,
)
[ info ] [ DB ] INIT mysql
[ info ] [ RUN ] app\admin\controller\Login->login[ /Users/xinjiashuodemac/workspace/my/frame/application/admin/controller/Login.php ]
[ info ] [ VIEW ] /Users/xinjiashuodemac/workspace/my/frame/public/../application/admin/view/login/login.html [ array (
) ]
[ info ] [ LOG ] INIT File
---------------------------------------------------------------
[ 2019-04-08T15:29:04+08:00 ] 0.0.0.0 GET www.frame.com:8888/admin/login/login.html
[运行时间：0.036799s] [吞吐率：27.17req/s] [内存消耗：2,485.05kb] [文件加载：49]
[ info ] [ LANG ] /Users/xinjiashuodemac/workspace/my/frame/thinkphp/lang/zh-cn.php
[ info ] [ ROUTE ] array (
  'type' => 'module',
  'module' => 
  array (
    0 => 'admin',
    1 => 'login',
    2 => 'login',
  ),
)
[ info ] [ HEADER ] array (
  'host' => 'www.frame.com:8888',
  'connection' => 'keep-alive',
  'cache-control' => 'max-age=0',
  'upgrade-insecure-requests' => '1',
  'user-agent' => 'Mozilla/5.0 (Macintosh; Intel Mac OS X 10_14_3) AppleWebKit/537.36 (KHTML, like Gecko) Chrome/72.0.3626.121 Safari/537.36',
  'accept' => 'text/html,application/xhtml+xml,application/xml;q=0.9,image/webp,image/apng,*/*;q=0.8',
  'accept-encoding' => 'gzip, deflate',
  'accept-language' => 'zh-CN,zh;q=0.9',
  'cookie' => 'PHPSESSID=1sancef27v55e9s1j0tdr6h01r',
)
[ info ] [ PARAM ] array (
)
[ info ] [ SESSION ] INIT array (
  'id' => '',
  'var_session_id' => '',
  'prefix' => 'think',
  'type' => '',
  'auto_start' => true,
)
[ info ] [ DB ] INIT mysql
[ info ] [ RUN ] app\admin\controller\Login->login[ /Users/xinjiashuodemac/workspace/my/frame/application/admin/controller/Login.php ]
[ info ] [ VIEW ] /Users/xinjiashuodemac/workspace/my/frame/public/../application/admin/view/login/login.html [ array (
) ]
[ info ] [ LOG ] INIT File
---------------------------------------------------------------
[ 2019-04-08T15:29:04+08:00 ] 0.0.0.0 GET www.frame.com:8888/admin/login/login.html
[运行时间：0.035900s] [吞吐率：27.86req/s] [内存消耗：2,485.05kb] [文件加载：49]
[ info ] [ LANG ] /Users/xinjiashuodemac/workspace/my/frame/thinkphp/lang/zh-cn.php
[ info ] [ ROUTE ] array (
  'type' => 'module',
  'module' => 
  array (
    0 => 'admin',
    1 => 'login',
    2 => 'login',
  ),
)
[ info ] [ HEADER ] array (
  'host' => 'www.frame.com:8888',
  'connection' => 'keep-alive',
  'cache-control' => 'max-age=0',
  'upgrade-insecure-requests' => '1',
  'user-agent' => 'Mozilla/5.0 (Macintosh; Intel Mac OS X 10_14_3) AppleWebKit/537.36 (KHTML, like Gecko) Chrome/72.0.3626.121 Safari/537.36',
  'accept' => 'text/html,application/xhtml+xml,application/xml;q=0.9,image/webp,image/apng,*/*;q=0.8',
  'accept-encoding' => 'gzip, deflate',
  'accept-language' => 'zh-CN,zh;q=0.9',
  'cookie' => 'PHPSESSID=1sancef27v55e9s1j0tdr6h01r',
)
[ info ] [ PARAM ] array (
)
[ info ] [ SESSION ] INIT array (
  'id' => '',
  'var_session_id' => '',
  'prefix' => 'think',
  'type' => '',
  'auto_start' => true,
)
[ info ] [ DB ] INIT mysql
[ info ] [ RUN ] app\admin\controller\Login->login[ /Users/xinjiashuodemac/workspace/my/frame/application/admin/controller/Login.php ]
[ info ] [ VIEW ] /Users/xinjiashuodemac/workspace/my/frame/public/../application/admin/view/login/login.html [ array (
) ]
[ info ] [ LOG ] INIT File
---------------------------------------------------------------
[ 2019-04-08T15:29:05+08:00 ] 0.0.0.0 GET www.frame.com:8888/admin/login/login.html
[运行时间：0.036612s] [吞吐率：27.31req/s] [内存消耗：2,485.05kb] [文件加载：49]
[ info ] [ LANG ] /Users/xinjiashuodemac/workspace/my/frame/thinkphp/lang/zh-cn.php
[ info ] [ ROUTE ] array (
  'type' => 'module',
  'module' => 
  array (
    0 => 'admin',
    1 => 'login',
    2 => 'login',
  ),
)
[ info ] [ HEADER ] array (
  'host' => 'www.frame.com:8888',
  'connection' => 'keep-alive',
  'cache-control' => 'max-age=0',
  'upgrade-insecure-requests' => '1',
  'user-agent' => 'Mozilla/5.0 (Macintosh; Intel Mac OS X 10_14_3) AppleWebKit/537.36 (KHTML, like Gecko) Chrome/72.0.3626.121 Safari/537.36',
  'accept' => 'text/html,application/xhtml+xml,application/xml;q=0.9,image/webp,image/apng,*/*;q=0.8',
  'accept-encoding' => 'gzip, deflate',
  'accept-language' => 'zh-CN,zh;q=0.9',
  'cookie' => 'PHPSESSID=1sancef27v55e9s1j0tdr6h01r',
)
[ info ] [ PARAM ] array (
)
[ info ] [ SESSION ] INIT array (
  'id' => '',
  'var_session_id' => '',
  'prefix' => 'think',
  'type' => '',
  'auto_start' => true,
)
[ info ] [ DB ] INIT mysql
[ info ] [ RUN ] app\admin\controller\Login->login[ /Users/xinjiashuodemac/workspace/my/frame/application/admin/controller/Login.php ]
[ info ] [ VIEW ] /Users/xinjiashuodemac/workspace/my/frame/public/../application/admin/view/login/login.html [ array (
) ]
[ info ] [ LOG ] INIT File
---------------------------------------------------------------
[ 2019-04-08T15:29:06+08:00 ] 0.0.0.0 GET www.frame.com:8888/admin/login/login.html
[运行时间：0.034917s] [吞吐率：28.64req/s] [内存消耗：2,485.05kb] [文件加载：49]
[ info ] [ LANG ] /Users/xinjiashuodemac/workspace/my/frame/thinkphp/lang/zh-cn.php
[ info ] [ ROUTE ] array (
  'type' => 'module',
  'module' => 
  array (
    0 => 'admin',
    1 => 'login',
    2 => 'login',
  ),
)
[ info ] [ HEADER ] array (
  'host' => 'www.frame.com:8888',
  'connection' => 'keep-alive',
  'cache-control' => 'max-age=0',
  'upgrade-insecure-requests' => '1',
  'user-agent' => 'Mozilla/5.0 (Macintosh; Intel Mac OS X 10_14_3) AppleWebKit/537.36 (KHTML, like Gecko) Chrome/72.0.3626.121 Safari/537.36',
  'accept' => 'text/html,application/xhtml+xml,application/xml;q=0.9,image/webp,image/apng,*/*;q=0.8',
  'accept-encoding' => 'gzip, deflate',
  'accept-language' => 'zh-CN,zh;q=0.9',
  'cookie' => 'PHPSESSID=1sancef27v55e9s1j0tdr6h01r',
)
[ info ] [ PARAM ] array (
)
[ info ] [ SESSION ] INIT array (
  'id' => '',
  'var_session_id' => '',
  'prefix' => 'think',
  'type' => '',
  'auto_start' => true,
)
[ info ] [ DB ] INIT mysql
[ info ] [ RUN ] app\admin\controller\Login->login[ /Users/xinjiashuodemac/workspace/my/frame/application/admin/controller/Login.php ]
[ info ] [ VIEW ] /Users/xinjiashuodemac/workspace/my/frame/public/../application/admin/view/login/login.html [ array (
) ]
[ info ] [ LOG ] INIT File
---------------------------------------------------------------
[ 2019-04-08T15:29:06+08:00 ] 0.0.0.0 GET www.frame.com:8888/admin/login/login.html
[运行时间：0.035642s] [吞吐率：28.06req/s] [内存消耗：2,485.05kb] [文件加载：49]
[ info ] [ LANG ] /Users/xinjiashuodemac/workspace/my/frame/thinkphp/lang/zh-cn.php
[ info ] [ ROUTE ] array (
  'type' => 'module',
  'module' => 
  array (
    0 => 'admin',
    1 => 'login',
    2 => 'login',
  ),
)
[ info ] [ HEADER ] array (
  'host' => 'www.frame.com:8888',
  'connection' => 'keep-alive',
  'cache-control' => 'max-age=0',
  'upgrade-insecure-requests' => '1',
  'user-agent' => 'Mozilla/5.0 (Macintosh; Intel Mac OS X 10_14_3) AppleWebKit/537.36 (KHTML, like Gecko) Chrome/72.0.3626.121 Safari/537.36',
  'accept' => 'text/html,application/xhtml+xml,application/xml;q=0.9,image/webp,image/apng,*/*;q=0.8',
  'accept-encoding' => 'gzip, deflate',
  'accept-language' => 'zh-CN,zh;q=0.9',
  'cookie' => 'PHPSESSID=1sancef27v55e9s1j0tdr6h01r',
)
[ info ] [ PARAM ] array (
)
[ info ] [ SESSION ] INIT array (
  'id' => '',
  'var_session_id' => '',
  'prefix' => 'think',
  'type' => '',
  'auto_start' => true,
)
[ info ] [ DB ] INIT mysql
[ info ] [ RUN ] app\admin\controller\Login->login[ /Users/xinjiashuodemac/workspace/my/frame/application/admin/controller/Login.php ]
[ info ] [ VIEW ] /Users/xinjiashuodemac/workspace/my/frame/public/../application/admin/view/login/login.html [ array (
) ]
[ info ] [ LOG ] INIT File
---------------------------------------------------------------
[ 2019-04-08T15:29:06+08:00 ] 0.0.0.0 GET www.frame.com:8888/admin/login/login.html
[运行时间：0.034650s] [吞吐率：28.86req/s] [内存消耗：2,485.05kb] [文件加载：49]
[ info ] [ LANG ] /Users/xinjiashuodemac/workspace/my/frame/thinkphp/lang/zh-cn.php
[ info ] [ ROUTE ] array (
  'type' => 'module',
  'module' => 
  array (
    0 => 'admin',
    1 => 'login',
    2 => 'login',
  ),
)
[ info ] [ HEADER ] array (
  'host' => 'www.frame.com:8888',
  'connection' => 'keep-alive',
  'cache-control' => 'max-age=0',
  'upgrade-insecure-requests' => '1',
  'user-agent' => 'Mozilla/5.0 (Macintosh; Intel Mac OS X 10_14_3) AppleWebKit/537.36 (KHTML, like Gecko) Chrome/72.0.3626.121 Safari/537.36',
  'accept' => 'text/html,application/xhtml+xml,application/xml;q=0.9,image/webp,image/apng,*/*;q=0.8',
  'accept-encoding' => 'gzip, deflate',
  'accept-language' => 'zh-CN,zh;q=0.9',
  'cookie' => 'PHPSESSID=1sancef27v55e9s1j0tdr6h01r',
)
[ info ] [ PARAM ] array (
)
[ info ] [ SESSION ] INIT array (
  'id' => '',
  'var_session_id' => '',
  'prefix' => 'think',
  'type' => '',
  'auto_start' => true,
)
[ info ] [ DB ] INIT mysql
[ info ] [ RUN ] app\admin\controller\Login->login[ /Users/xinjiashuodemac/workspace/my/frame/application/admin/controller/Login.php ]
[ info ] [ VIEW ] /Users/xinjiashuodemac/workspace/my/frame/public/../application/admin/view/login/login.html [ array (
) ]
[ info ] [ LOG ] INIT File
---------------------------------------------------------------
[ 2019-04-08T15:29:07+08:00 ] 0.0.0.0 GET www.frame.com:8888/admin/login/login.html
[运行时间：0.034679s] [吞吐率：28.84req/s] [内存消耗：2,485.05kb] [文件加载：49]
[ info ] [ LANG ] /Users/xinjiashuodemac/workspace/my/frame/thinkphp/lang/zh-cn.php
[ info ] [ ROUTE ] array (
  'type' => 'module',
  'module' => 
  array (
    0 => 'admin',
    1 => 'login',
    2 => 'login',
  ),
)
[ info ] [ HEADER ] array (
  'host' => 'www.frame.com:8888',
  'connection' => 'keep-alive',
  'cache-control' => 'max-age=0',
  'upgrade-insecure-requests' => '1',
  'user-agent' => 'Mozilla/5.0 (Macintosh; Intel Mac OS X 10_14_3) AppleWebKit/537.36 (KHTML, like Gecko) Chrome/72.0.3626.121 Safari/537.36',
  'accept' => 'text/html,application/xhtml+xml,application/xml;q=0.9,image/webp,image/apng,*/*;q=0.8',
  'accept-encoding' => 'gzip, deflate',
  'accept-language' => 'zh-CN,zh;q=0.9',
  'cookie' => 'PHPSESSID=1sancef27v55e9s1j0tdr6h01r',
)
[ info ] [ PARAM ] array (
)
[ info ] [ SESSION ] INIT array (
  'id' => '',
  'var_session_id' => '',
  'prefix' => 'think',
  'type' => '',
  'auto_start' => true,
)
[ info ] [ DB ] INIT mysql
[ info ] [ RUN ] app\admin\controller\Login->login[ /Users/xinjiashuodemac/workspace/my/frame/application/admin/controller/Login.php ]
[ info ] [ VIEW ] /Users/xinjiashuodemac/workspace/my/frame/public/../application/admin/view/login/login.html [ array (
) ]
[ info ] [ LOG ] INIT File
---------------------------------------------------------------
[ 2019-04-08T15:29:07+08:00 ] 0.0.0.0 GET www.frame.com:8888/admin/login/login.html
[运行时间：0.035131s] [吞吐率：28.46req/s] [内存消耗：2,485.05kb] [文件加载：49]
[ info ] [ LANG ] /Users/xinjiashuodemac/workspace/my/frame/thinkphp/lang/zh-cn.php
[ info ] [ ROUTE ] array (
  'type' => 'module',
  'module' => 
  array (
    0 => 'admin',
    1 => 'login',
    2 => 'login',
  ),
)
[ info ] [ HEADER ] array (
  'host' => 'www.frame.com:8888',
  'connection' => 'keep-alive',
  'cache-control' => 'max-age=0',
  'upgrade-insecure-requests' => '1',
  'user-agent' => 'Mozilla/5.0 (Macintosh; Intel Mac OS X 10_14_3) AppleWebKit/537.36 (KHTML, like Gecko) Chrome/72.0.3626.121 Safari/537.36',
  'accept' => 'text/html,application/xhtml+xml,application/xml;q=0.9,image/webp,image/apng,*/*;q=0.8',
  'accept-encoding' => 'gzip, deflate',
  'accept-language' => 'zh-CN,zh;q=0.9',
  'cookie' => 'PHPSESSID=1sancef27v55e9s1j0tdr6h01r',
)
[ info ] [ PARAM ] array (
)
[ info ] [ SESSION ] INIT array (
  'id' => '',
  'var_session_id' => '',
  'prefix' => 'think',
  'type' => '',
  'auto_start' => true,
)
[ info ] [ DB ] INIT mysql
[ info ] [ RUN ] app\admin\controller\Login->login[ /Users/xinjiashuodemac/workspace/my/frame/application/admin/controller/Login.php ]
[ info ] [ VIEW ] /Users/xinjiashuodemac/workspace/my/frame/public/../application/admin/view/login/login.html [ array (
) ]
[ info ] [ LOG ] INIT File
---------------------------------------------------------------
[ 2019-04-08T15:29:07+08:00 ] 0.0.0.0 GET www.frame.com:8888/admin/login/login.html
[运行时间：0.035031s] [吞吐率：28.55req/s] [内存消耗：2,485.05kb] [文件加载：49]
[ info ] [ LANG ] /Users/xinjiashuodemac/workspace/my/frame/thinkphp/lang/zh-cn.php
[ info ] [ ROUTE ] array (
  'type' => 'module',
  'module' => 
  array (
    0 => 'admin',
    1 => 'login',
    2 => 'login',
  ),
)
[ info ] [ HEADER ] array (
  'host' => 'www.frame.com:8888',
  'connection' => 'keep-alive',
  'cache-control' => 'max-age=0',
  'upgrade-insecure-requests' => '1',
  'user-agent' => 'Mozilla/5.0 (Macintosh; Intel Mac OS X 10_14_3) AppleWebKit/537.36 (KHTML, like Gecko) Chrome/72.0.3626.121 Safari/537.36',
  'accept' => 'text/html,application/xhtml+xml,application/xml;q=0.9,image/webp,image/apng,*/*;q=0.8',
  'accept-encoding' => 'gzip, deflate',
  'accept-language' => 'zh-CN,zh;q=0.9',
  'cookie' => 'PHPSESSID=1sancef27v55e9s1j0tdr6h01r',
)
[ info ] [ PARAM ] array (
)
[ info ] [ SESSION ] INIT array (
  'id' => '',
  'var_session_id' => '',
  'prefix' => 'think',
  'type' => '',
  'auto_start' => true,
)
[ info ] [ DB ] INIT mysql
[ info ] [ RUN ] app\admin\controller\Login->login[ /Users/xinjiashuodemac/workspace/my/frame/application/admin/controller/Login.php ]
[ info ] [ VIEW ] /Users/xinjiashuodemac/workspace/my/frame/public/../application/admin/view/login/login.html [ array (
) ]
[ info ] [ LOG ] INIT File
---------------------------------------------------------------
[ 2019-04-08T15:29:23+08:00 ] 0.0.0.0 GET www.frame.com:8888/admin/login/login.html
[运行时间：0.035674s] [吞吐率：28.03req/s] [内存消耗：2,568.13kb] [文件加载：50]
[ info ] [ LANG ] /Users/xinjiashuodemac/workspace/my/frame/thinkphp/lang/zh-cn.php
[ info ] [ ROUTE ] array (
  'type' => 'module',
  'module' => 
  array (
    0 => 'admin',
    1 => 'login',
    2 => 'login',
  ),
)
[ info ] [ HEADER ] array (
  'host' => 'www.frame.com:8888',
  'upgrade-insecure-requests' => '1',
  'accept' => 'text/html,application/xhtml+xml,application/xml;q=0.9,*/*;q=0.8',
  'user-agent' => 'Mozilla/5.0 (Macintosh; Intel Mac OS X 10_14_3) AppleWebKit/605.1.15 (KHTML, like Gecko) Version/12.0.3 Safari/605.1.15',
  'accept-language' => 'zh-cn',
  'accept-encoding' => 'gzip, deflate',
  'connection' => 'keep-alive',
)
[ info ] [ PARAM ] array (
)
[ info ] [ SESSION ] INIT array (
  'id' => '',
  'var_session_id' => '',
  'prefix' => 'think',
  'type' => '',
  'auto_start' => true,
)
[ info ] [ DB ] INIT mysql
[ info ] [ RUN ] app\admin\controller\Login->login[ /Users/xinjiashuodemac/workspace/my/frame/application/admin/controller/Login.php ]
[ info ] [ VIEW ] /Users/xinjiashuodemac/workspace/my/frame/public/../application/admin/view/login/login.html [ array (
) ]
[ info ] [ LOG ] INIT File
[ sql ] [ DB ] CONNECT:[ UseTime:0.000433s ] mysql:host=localhost;dbname=frame;charset=utf8
[ sql ] [ SQL ] SHOW COLUMNS FROM `xin_config` [ RunTime:0.001182s ]
[ sql ] [ SQL ] SELECT * FROM `xin_config` WHERE  `config_id` = 1 LIMIT 1 [ RunTime:0.000309s ]
---------------------------------------------------------------
[ 2019-04-08T15:33:03+08:00 ] 0.0.0.0 GET www.frame.com:8888/admin/login/login.html
[运行时间：0.043958s] [吞吐率：22.75req/s] [内存消耗：2,485.05kb] [文件加载：49]
[ info ] [ LANG ] /Users/xinjiashuodemac/workspace/my/frame/thinkphp/lang/zh-cn.php
[ info ] [ ROUTE ] array (
  'type' => 'module',
  'module' => 
  array (
    0 => 'admin',
    1 => 'login',
    2 => 'login',
  ),
)
[ info ] [ HEADER ] array (
  'host' => 'www.frame.com:8888',
  'connection' => 'keep-alive',
  'cache-control' => 'max-age=0',
  'upgrade-insecure-requests' => '1',
  'user-agent' => 'Mozilla/5.0 (Macintosh; Intel Mac OS X 10_14_3) AppleWebKit/537.36 (KHTML, like Gecko) Chrome/72.0.3626.121 Safari/537.36',
  'accept' => 'text/html,application/xhtml+xml,application/xml;q=0.9,image/webp,image/apng,*/*;q=0.8',
  'accept-encoding' => 'gzip, deflate',
  'accept-language' => 'zh-CN,zh;q=0.9',
  'cookie' => 'PHPSESSID=1sancef27v55e9s1j0tdr6h01r',
)
[ info ] [ PARAM ] array (
)
[ info ] [ SESSION ] INIT array (
  'id' => '',
  'var_session_id' => '',
  'prefix' => 'think',
  'type' => '',
  'auto_start' => true,
)
[ info ] [ DB ] INIT mysql
[ info ] [ RUN ] app\admin\controller\Login->login[ /Users/xinjiashuodemac/workspace/my/frame/application/admin/controller/Login.php ]
[ info ] [ VIEW ] /Users/xinjiashuodemac/workspace/my/frame/public/../application/admin/view/login/login.html [ array (
) ]
[ info ] [ LOG ] INIT File
---------------------------------------------------------------
[ 2019-04-08T15:33:05+08:00 ] 0.0.0.0 GET www.frame.com:8888/admin/login/login.html
[运行时间：0.036457s] [吞吐率：27.43req/s] [内存消耗：2,485.05kb] [文件加载：49]
[ info ] [ LANG ] /Users/xinjiashuodemac/workspace/my/frame/thinkphp/lang/zh-cn.php
[ info ] [ ROUTE ] array (
  'type' => 'module',
  'module' => 
  array (
    0 => 'admin',
    1 => 'login',
    2 => 'login',
  ),
)
[ info ] [ HEADER ] array (
  'host' => 'www.frame.com:8888',
  'connection' => 'keep-alive',
  'cache-control' => 'max-age=0',
  'upgrade-insecure-requests' => '1',
  'user-agent' => 'Mozilla/5.0 (Macintosh; Intel Mac OS X 10_14_3) AppleWebKit/537.36 (KHTML, like Gecko) Chrome/72.0.3626.121 Safari/537.36',
  'accept' => 'text/html,application/xhtml+xml,application/xml;q=0.9,image/webp,image/apng,*/*;q=0.8',
  'accept-encoding' => 'gzip, deflate',
  'accept-language' => 'zh-CN,zh;q=0.9',
  'cookie' => 'PHPSESSID=1sancef27v55e9s1j0tdr6h01r',
)
[ info ] [ PARAM ] array (
)
[ info ] [ SESSION ] INIT array (
  'id' => '',
  'var_session_id' => '',
  'prefix' => 'think',
  'type' => '',
  'auto_start' => true,
)
[ info ] [ DB ] INIT mysql
[ info ] [ RUN ] app\admin\controller\Login->login[ /Users/xinjiashuodemac/workspace/my/frame/application/admin/controller/Login.php ]
[ info ] [ VIEW ] /Users/xinjiashuodemac/workspace/my/frame/public/../application/admin/view/login/login.html [ array (
) ]
[ info ] [ LOG ] INIT File
---------------------------------------------------------------
[ 2019-04-08T15:42:08+08:00 ] 0.0.0.0 GET www.frame.com:8888/admin/login/login.html
[运行时间：0.025550s] [吞吐率：39.14req/s] [内存消耗：1,063.36kb] [文件加载：30]
[ info ] [ LANG ] /Users/xinjiashuodemac/workspace/my/frame/thinkphp/lang/zh-cn.php
[ info ] [ ROUTE ] array (
  'type' => 'module',
  'module' => 
  array (
    0 => 'admin',
    1 => 'login',
    2 => 'login',
  ),
)
[ info ] [ HEADER ] array (
  'host' => 'www.frame.com:8888',
  'connection' => 'keep-alive',
  'cache-control' => 'max-age=0',
  'upgrade-insecure-requests' => '1',
  'user-agent' => 'Mozilla/5.0 (Macintosh; Intel Mac OS X 10_14_3) AppleWebKit/537.36 (KHTML, like Gecko) Chrome/72.0.3626.121 Safari/537.36',
  'accept' => 'text/html,application/xhtml+xml,application/xml;q=0.9,image/webp,image/apng,*/*;q=0.8',
  'accept-encoding' => 'gzip, deflate',
  'accept-language' => 'zh-CN,zh;q=0.9',
  'cookie' => 'PHPSESSID=1sancef27v55e9s1j0tdr6h01r',
)
[ info ] [ PARAM ] array (
)
[ info ] [ LOG ] INIT File
[ error ] [0]语法解析错误: syntax error, unexpected '=', expecting ')'[/Users/xinjiashuodemac/workspace/my/frame/application/admin/controller/Login.php:66]
---------------------------------------------------------------
[ 2019-04-08T15:45:40+08:00 ] 0.0.0.0 GET www.frame.com:8888/admin/login/login.html
[运行时间：0.028388s] [吞吐率：35.23req/s] [内存消耗：1,717.66kb] [文件加载：40]
[ info ] [ LANG ] /Users/xinjiashuodemac/workspace/my/frame/thinkphp/lang/zh-cn.php
[ info ] [ ROUTE ] array (
  'type' => 'module',
  'module' => 
  array (
    0 => 'admin',
    1 => 'login',
    2 => 'login',
  ),
)
[ info ] [ HEADER ] array (
  'host' => 'www.frame.com:8888',
  'connection' => 'keep-alive',
  'cache-control' => 'max-age=0',
  'upgrade-insecure-requests' => '1',
  'user-agent' => 'Mozilla/5.0 (Macintosh; Intel Mac OS X 10_14_3) AppleWebKit/537.36 (KHTML, like Gecko) Chrome/72.0.3626.121 Safari/537.36',
  'accept' => 'text/html,application/xhtml+xml,application/xml;q=0.9,image/webp,image/apng,*/*;q=0.8',
  'accept-encoding' => 'gzip, deflate',
  'accept-language' => 'zh-CN,zh;q=0.9',
  'cookie' => 'PHPSESSID=1sancef27v55e9s1j0tdr6h01r',
)
[ info ] [ PARAM ] array (
)
[ info ] [ SESSION ] INIT array (
  'id' => '',
  'var_session_id' => '',
  'prefix' => 'think',
  'type' => '',
  'auto_start' => true,
)
[ info ] [ LOG ] INIT File
[ error ] [0]致命错误: Class 'app\admin\model\MemberLogin' not found[/Users/xinjiashuodemac/workspace/my/frame/application/admin/controller/Login.php:23]
---------------------------------------------------------------
[ 2019-04-08T15:46:35+08:00 ] 0.0.0.0 GET www.frame.com:8888/admin/login/login.html
[运行时间：0.034202s] [吞吐率：29.24req/s] [内存消耗：1,644.67kb] [文件加载：40]
[ info ] [ LANG ] /Users/xinjiashuodemac/workspace/my/frame/thinkphp/lang/zh-cn.php
[ info ] [ ROUTE ] array (
  'type' => 'module',
  'module' => 
  array (
    0 => 'admin',
    1 => 'login',
    2 => 'login',
  ),
)
[ info ] [ HEADER ] array (
  'host' => 'www.frame.com:8888',
  'connection' => 'keep-alive',
  'cache-control' => 'max-age=0',
  'upgrade-insecure-requests' => '1',
  'user-agent' => 'Mozilla/5.0 (Macintosh; Intel Mac OS X 10_14_3) AppleWebKit/537.36 (KHTML, like Gecko) Chrome/72.0.3626.121 Safari/537.36',
  'accept' => 'text/html,application/xhtml+xml,application/xml;q=0.9,image/webp,image/apng,*/*;q=0.8',
  'accept-encoding' => 'gzip, deflate',
  'accept-language' => 'zh-CN,zh;q=0.9',
  'cookie' => 'PHPSESSID=1sancef27v55e9s1j0tdr6h01r',
)
[ info ] [ PARAM ] array (
)
[ info ] [ SESSION ] INIT array (
  'id' => '',
  'var_session_id' => '',
  'prefix' => 'think',
  'type' => '',
  'auto_start' => true,
)
[ info ] [ LOG ] INIT File
[ error ] [0]致命错误: Class 'app\admin\model\MemberLogin' not found[/Users/xinjiashuodemac/workspace/my/frame/application/admin/controller/Login.php:23]
---------------------------------------------------------------
[ 2019-04-08T15:59:08+08:00 ] 0.0.0.0 GET www.frame.com:8888/admin/login/login.html
[运行时间：0.029096s] [吞吐率：34.37req/s] [内存消耗：1,644.65kb] [文件加载：40]
[ info ] [ LANG ] /Users/xinjiashuodemac/workspace/my/frame/thinkphp/lang/zh-cn.php
[ info ] [ ROUTE ] array (
  'type' => 'module',
  'module' => 
  array (
    0 => 'admin',
    1 => 'login',
    2 => 'login',
  ),
)
[ info ] [ HEADER ] array (
  'host' => 'www.frame.com:8888',
  'connection' => 'keep-alive',
  'cache-control' => 'max-age=0',
  'upgrade-insecure-requests' => '1',
  'user-agent' => 'Mozilla/5.0 (Macintosh; Intel Mac OS X 10_14_3) AppleWebKit/537.36 (KHTML, like Gecko) Chrome/72.0.3626.121 Safari/537.36',
  'accept' => 'text/html,application/xhtml+xml,application/xml;q=0.9,image/webp,image/apng,*/*;q=0.8',
  'accept-encoding' => 'gzip, deflate',
  'accept-language' => 'zh-CN,zh;q=0.9',
  'cookie' => 'PHPSESSID=1sancef27v55e9s1j0tdr6h01r',
)
[ info ] [ PARAM ] array (
)
[ info ] [ SESSION ] INIT array (
  'id' => '',
  'var_session_id' => '',
  'prefix' => 'think',
  'type' => '',
  'auto_start' => true,
)
[ info ] [ LOG ] INIT File
[ error ] [0]致命错误: Class 'app\admin\model\MemberModel' not found[/Users/xinjiashuodemac/workspace/my/frame/application/admin/controller/Login.php:23]
---------------------------------------------------------------
[ 2019-04-08T16:00:21+08:00 ] 0.0.0.0 GET www.frame.com:8888/admin/login/login.html
[运行时间：0.032261s] [吞吐率：31.00req/s] [内存消耗：1,736.16kb] [文件加载：41]
[ info ] [ LANG ] /Users/xinjiashuodemac/workspace/my/frame/thinkphp/lang/zh-cn.php
[ info ] [ ROUTE ] array (
  'type' => 'module',
  'module' => 
  array (
    0 => 'admin',
    1 => 'login',
    2 => 'login',
  ),
)
[ info ] [ HEADER ] array (
  'host' => 'www.frame.com:8888',
  'connection' => 'keep-alive',
  'cache-control' => 'max-age=0',
  'upgrade-insecure-requests' => '1',
  'user-agent' => 'Mozilla/5.0 (Macintosh; Intel Mac OS X 10_14_3) AppleWebKit/537.36 (KHTML, like Gecko) Chrome/72.0.3626.121 Safari/537.36',
  'accept' => 'text/html,application/xhtml+xml,application/xml;q=0.9,image/webp,image/apng,*/*;q=0.8',
  'accept-encoding' => 'gzip, deflate',
  'accept-language' => 'zh-CN,zh;q=0.9',
  'cookie' => 'PHPSESSID=1sancef27v55e9s1j0tdr6h01r',
)
[ info ] [ PARAM ] array (
)
[ info ] [ SESSION ] INIT array (
  'id' => '',
  'var_session_id' => '',
  'prefix' => 'think',
  'type' => '',
  'auto_start' => true,
)
[ info ] [ LOG ] INIT File
[ error ] [0]致命错误: Class 'app\admin\model\MemberModel' not found[/Users/xinjiashuodemac/workspace/my/frame/application/admin/controller/Login.php:23]
---------------------------------------------------------------
[ 2019-04-08T16:01:03+08:00 ] 0.0.0.0 GET www.frame.com:8888/admin/login/login.html
[运行时间：0.040959s] [吞吐率：24.41req/s] [内存消耗：2,440.15kb] [文件加载：47]
[ info ] [ LANG ] /Users/xinjiashuodemac/workspace/my/frame/thinkphp/lang/zh-cn.php
[ info ] [ ROUTE ] array (
  'type' => 'module',
  'module' => 
  array (
    0 => 'admin',
    1 => 'login',
    2 => 'login',
  ),
)
[ info ] [ HEADER ] array (
  'host' => 'www.frame.com:8888',
  'connection' => 'keep-alive',
  'cache-control' => 'max-age=0',
  'upgrade-insecure-requests' => '1',
  'user-agent' => 'Mozilla/5.0 (Macintosh; Intel Mac OS X 10_14_3) AppleWebKit/537.36 (KHTML, like Gecko) Chrome/72.0.3626.121 Safari/537.36',
  'accept' => 'text/html,application/xhtml+xml,application/xml;q=0.9,image/webp,image/apng,*/*;q=0.8',
  'accept-encoding' => 'gzip, deflate',
  'accept-language' => 'zh-CN,zh;q=0.9',
  'cookie' => 'PHPSESSID=1sancef27v55e9s1j0tdr6h01r',
)
[ info ] [ PARAM ] array (
)
[ info ] [ SESSION ] INIT array (
  'id' => '',
  'var_session_id' => '',
  'prefix' => 'think',
  'type' => '',
  'auto_start' => true,
)
[ info ] [ DB ] INIT mysql
[ info ] [ RUN ] app\admin\controller\Login->login[ /Users/xinjiashuodemac/workspace/my/frame/application/admin/controller/Login.php ]
[ info ] [ VIEW ] /Users/xinjiashuodemac/workspace/my/frame/public/../application/admin/view/login/login.html [ array (
) ]
[ info ] [ LOG ] INIT File
---------------------------------------------------------------
[ 2019-04-08T16:11:42+08:00 ] 0.0.0.0 GET www.frame.com:8888/admin/login/login.html
[运行时间：0.036685s] [吞吐率：27.26req/s] [内存消耗：2,436.90kb] [文件加载：47]
[ info ] [ LANG ] /Users/xinjiashuodemac/workspace/my/frame/thinkphp/lang/zh-cn.php
[ info ] [ ROUTE ] array (
  'type' => 'module',
  'module' => 
  array (
    0 => 'admin',
    1 => 'login',
    2 => 'login',
  ),
)
[ info ] [ HEADER ] array (
  'host' => 'www.frame.com:8888',
  'connection' => 'keep-alive',
  'cache-control' => 'max-age=0',
  'upgrade-insecure-requests' => '1',
  'user-agent' => 'Mozilla/5.0 (Macintosh; Intel Mac OS X 10_14_3) AppleWebKit/537.36 (KHTML, like Gecko) Chrome/72.0.3626.121 Safari/537.36',
  'accept' => 'text/html,application/xhtml+xml,application/xml;q=0.9,image/webp,image/apng,*/*;q=0.8',
  'accept-encoding' => 'gzip, deflate',
  'accept-language' => 'zh-CN,zh;q=0.9',
  'cookie' => 'PHPSESSID=1sancef27v55e9s1j0tdr6h01r',
)
[ info ] [ PARAM ] array (
)
[ info ] [ SESSION ] INIT array (
  'id' => '',
  'var_session_id' => '',
  'prefix' => 'think',
  'type' => '',
  'auto_start' => true,
)
[ info ] [ DB ] INIT mysql
[ info ] [ RUN ] app\admin\controller\Login->login[ /Users/xinjiashuodemac/workspace/my/frame/application/admin/controller/Login.php ]
[ info ] [ VIEW ] /Users/xinjiashuodemac/workspace/my/frame/public/../application/admin/view/login/login.html [ array (
) ]
[ info ] [ LOG ] INIT File
---------------------------------------------------------------
[ 2019-04-08T16:13:14+08:00 ] 0.0.0.0 GET www.frame.com:8888/admin/login/login.html
[运行时间：0.038427s] [吞吐率：26.02req/s] [内存消耗：2,523.27kb] [文件加载：48]
[ info ] [ LANG ] /Users/xinjiashuodemac/workspace/my/frame/thinkphp/lang/zh-cn.php
[ info ] [ ROUTE ] array (
  'type' => 'module',
  'module' => 
  array (
    0 => 'admin',
    1 => 'login',
    2 => 'login',
  ),
)
[ info ] [ HEADER ] array (
  'host' => 'www.frame.com:8888',
  'connection' => 'keep-alive',
  'cache-control' => 'max-age=0',
  'upgrade-insecure-requests' => '1',
  'user-agent' => 'Mozilla/5.0 (Macintosh; Intel Mac OS X 10_14_3) AppleWebKit/537.36 (KHTML, like Gecko) Chrome/72.0.3626.121 Safari/537.36',
  'accept' => 'text/html,application/xhtml+xml,application/xml;q=0.9,image/webp,image/apng,*/*;q=0.8',
  'accept-encoding' => 'gzip, deflate',
  'accept-language' => 'zh-CN,zh;q=0.9',
  'cookie' => 'PHPSESSID=1sancef27v55e9s1j0tdr6h01r',
)
[ info ] [ PARAM ] array (
)
[ info ] [ SESSION ] INIT array (
  'id' => '',
  'var_session_id' => '',
  'prefix' => 'think',
  'type' => '',
  'auto_start' => true,
)
[ info ] [ DB ] INIT mysql
[ info ] [ RUN ] app\admin\controller\Login->login[ /Users/xinjiashuodemac/workspace/my/frame/application/admin/controller/Login.php ]
[ info ] [ VIEW ] /Users/xinjiashuodemac/workspace/my/frame/public/../application/admin/view/login/login.html [ array (
) ]
[ info ] [ LOG ] INIT File
[ sql ] [ DB ] CONNECT:[ UseTime:0.000336s ] mysql:host=localhost;dbname=frame;charset=utf8
[ sql ] [ SQL ] SHOW COLUMNS FROM `xin_config` [ RunTime:0.000710s ]
[ sql ] [ SQL ] SELECT * FROM `xin_config` WHERE  `config_id` = 1 LIMIT 1 [ RunTime:0.000321s ]
---------------------------------------------------------------
[ 2019-04-08T16:13:22+08:00 ] 0.0.0.0 GET www.frame.com:8888/admin/login/login.html
[运行时间：0.036201s] [吞吐率：27.62req/s] [内存消耗：2,436.87kb] [文件加载：47]
[ info ] [ LANG ] /Users/xinjiashuodemac/workspace/my/frame/thinkphp/lang/zh-cn.php
[ info ] [ ROUTE ] array (
  'type' => 'module',
  'module' => 
  array (
    0 => 'admin',
    1 => 'login',
    2 => 'login',
  ),
)
[ info ] [ HEADER ] array (
  'host' => 'www.frame.com:8888',
  'connection' => 'keep-alive',
  'cache-control' => 'max-age=0',
  'upgrade-insecure-requests' => '1',
  'user-agent' => 'Mozilla/5.0 (Macintosh; Intel Mac OS X 10_14_3) AppleWebKit/537.36 (KHTML, like Gecko) Chrome/72.0.3626.121 Safari/537.36',
  'accept' => 'text/html,application/xhtml+xml,application/xml;q=0.9,image/webp,image/apng,*/*;q=0.8',
  'accept-encoding' => 'gzip, deflate',
  'accept-language' => 'zh-CN,zh;q=0.9',
  'cookie' => 'PHPSESSID=1sancef27v55e9s1j0tdr6h01r',
)
[ info ] [ PARAM ] array (
)
[ info ] [ SESSION ] INIT array (
  'id' => '',
  'var_session_id' => '',
  'prefix' => 'think',
  'type' => '',
  'auto_start' => true,
)
[ info ] [ DB ] INIT mysql
[ info ] [ RUN ] app\admin\controller\Login->login[ /Users/xinjiashuodemac/workspace/my/frame/application/admin/controller/Login.php ]
[ info ] [ VIEW ] /Users/xinjiashuodemac/workspace/my/frame/public/../application/admin/view/login/login.html [ array (
) ]
[ info ] [ LOG ] INIT File
---------------------------------------------------------------
[ 2019-04-08T16:24:55+08:00 ] 0.0.0.0 GET www.frame.com:8888/admin/login/login.html
[运行时间：0.036298s] [吞吐率：27.55req/s] [内存消耗：2,436.87kb] [文件加载：47]
[ info ] [ LANG ] /Users/xinjiashuodemac/workspace/my/frame/thinkphp/lang/zh-cn.php
[ info ] [ ROUTE ] array (
  'type' => 'module',
  'module' => 
  array (
    0 => 'admin',
    1 => 'login',
    2 => 'login',
  ),
)
[ info ] [ HEADER ] array (
  'host' => 'www.frame.com:8888',
  'connection' => 'keep-alive',
  'cache-control' => 'max-age=0',
  'upgrade-insecure-requests' => '1',
  'user-agent' => 'Mozilla/5.0 (Macintosh; Intel Mac OS X 10_14_3) AppleWebKit/537.36 (KHTML, like Gecko) Chrome/72.0.3626.121 Safari/537.36',
  'accept' => 'text/html,application/xhtml+xml,application/xml;q=0.9,image/webp,image/apng,*/*;q=0.8',
  'accept-encoding' => 'gzip, deflate',
  'accept-language' => 'zh-CN,zh;q=0.9',
  'cookie' => 'PHPSESSID=1sancef27v55e9s1j0tdr6h01r',
)
[ info ] [ PARAM ] array (
)
[ info ] [ SESSION ] INIT array (
  'id' => '',
  'var_session_id' => '',
  'prefix' => 'think',
  'type' => '',
  'auto_start' => true,
)
[ info ] [ DB ] INIT mysql
[ info ] [ RUN ] app\admin\controller\Login->login[ /Users/xinjiashuodemac/workspace/my/frame/application/admin/controller/Login.php ]
[ info ] [ VIEW ] /Users/xinjiashuodemac/workspace/my/frame/public/../application/admin/view/login/login.html [ array (
) ]
[ info ] [ LOG ] INIT File
---------------------------------------------------------------
[ 2019-04-08T16:25:05+08:00 ] 0.0.0.0 POST www.frame.com:8888/admin/login/login.html
[运行时间：0.040039s] [吞吐率：24.98req/s] [内存消耗：2,512.31kb] [文件加载：47]
[ info ] [ LANG ] /Users/xinjiashuodemac/workspace/my/frame/thinkphp/lang/zh-cn.php
[ info ] [ ROUTE ] array (
  'type' => 'module',
  'module' => 
  array (
    0 => 'admin',
    1 => 'login',
    2 => 'login',
  ),
)
[ info ] [ HEADER ] array (
  'host' => 'www.frame.com:8888',
  'connection' => 'keep-alive',
  'content-length' => '43',
  'accept' => '*/*',
  'origin' => 'http://www.frame.com:8888',
  'x-requested-with' => 'XMLHttpRequest',
  'user-agent' => 'Mozilla/5.0 (Macintosh; Intel Mac OS X 10_14_3) AppleWebKit/537.36 (KHTML, like Gecko) Chrome/72.0.3626.121 Safari/537.36',
  'content-type' => 'application/x-www-form-urlencoded; charset=UTF-8',
  'referer' => 'http://www.frame.com:8888/admin/login/login.html',
  'accept-encoding' => 'gzip, deflate',
  'accept-language' => 'zh-CN,zh;q=0.9',
  'cookie' => 'PHPSESSID=1sancef27v55e9s1j0tdr6h01r',
)
[ info ] [ PARAM ] array (
  'mobile' => '18365976266',
  'password' => '123456',
  'vercode' => '',
)
[ info ] [ SESSION ] INIT array (
  'id' => '',
  'var_session_id' => '',
  'prefix' => 'think',
  'type' => '',
  'auto_start' => true,
)
[ info ] [ DB ] INIT mysql
[ info ] [ RUN ] app\admin\controller\Login->login[ /Users/xinjiashuodemac/workspace/my/frame/application/admin/controller/Login.php ]
[ info ] [ LOG ] INIT File
[ sql ] [ DB ] CONNECT:[ UseTime:0.000291s ] mysql:host=localhost;dbname=frame;charset=utf8
[ sql ] [ SQL ] SHOW COLUMNS FROM `xin_member` [ RunTime:0.000654s ]
[ sql ] [ SQL ] SELECT * FROM `xin_member` WHERE  `member_mobile` = '18365976266' LIMIT 1 [ RunTime:0.000330s ]
[ error ] [0]类的属性不存在:app\admin\model\Member->login_password[/Users/xinjiashuodemac/workspace/my/frame/thinkphp/library/think/Model.php:626]
---------------------------------------------------------------
[ 2019-04-08T16:25:19+08:00 ] 0.0.0.0 POST www.frame.com:8888/admin/login/login.html
[运行时间：0.040370s] [吞吐率：24.77req/s] [内存消耗：2,512.31kb] [文件加载：47]
[ info ] [ LANG ] /Users/xinjiashuodemac/workspace/my/frame/thinkphp/lang/zh-cn.php
[ info ] [ ROUTE ] array (
  'type' => 'module',
  'module' => 
  array (
    0 => 'admin',
    1 => 'login',
    2 => 'login',
  ),
)
[ info ] [ HEADER ] array (
  'host' => 'www.frame.com:8888',
  'connection' => 'keep-alive',
  'content-length' => '43',
  'accept' => '*/*',
  'origin' => 'http://www.frame.com:8888',
  'x-requested-with' => 'XMLHttpRequest',
  'user-agent' => 'Mozilla/5.0 (Macintosh; Intel Mac OS X 10_14_3) AppleWebKit/537.36 (KHTML, like Gecko) Chrome/72.0.3626.121 Safari/537.36',
  'content-type' => 'application/x-www-form-urlencoded; charset=UTF-8',
  'referer' => 'http://www.frame.com:8888/admin/login/login.html',
  'accept-encoding' => 'gzip, deflate',
  'accept-language' => 'zh-CN,zh;q=0.9',
  'cookie' => 'PHPSESSID=1sancef27v55e9s1j0tdr6h01r',
)
[ info ] [ PARAM ] array (
  'mobile' => '18365976266',
  'password' => '123456',
  'vercode' => '',
)
[ info ] [ SESSION ] INIT array (
  'id' => '',
  'var_session_id' => '',
  'prefix' => 'think',
  'type' => '',
  'auto_start' => true,
)
[ info ] [ DB ] INIT mysql
[ info ] [ RUN ] app\admin\controller\Login->login[ /Users/xinjiashuodemac/workspace/my/frame/application/admin/controller/Login.php ]
[ info ] [ LOG ] INIT File
[ sql ] [ DB ] CONNECT:[ UseTime:0.000598s ] mysql:host=localhost;dbname=frame;charset=utf8
[ sql ] [ SQL ] SHOW COLUMNS FROM `xin_member` [ RunTime:0.000765s ]
[ sql ] [ SQL ] SELECT * FROM `xin_member` WHERE  `member_mobile` = '18365976266' LIMIT 1 [ RunTime:0.000384s ]
[ error ] [0]类的属性不存在:app\admin\model\Member->login_password[/Users/xinjiashuodemac/workspace/my/frame/thinkphp/library/think/Model.php:626]
---------------------------------------------------------------
[ 2019-04-08T16:34:16+08:00 ] 0.0.0.0 POST www.frame.com:8888/admin/login/login.html
[运行时间：0.048716s] [吞吐率：20.53req/s] [内存消耗：2,503.96kb] [文件加载：49]
[ info ] [ LANG ] /Users/xinjiashuodemac/workspace/my/frame/thinkphp/lang/zh-cn.php
[ info ] [ ROUTE ] array (
  'type' => 'module',
  'module' => 
  array (
    0 => 'admin',
    1 => 'login',
    2 => 'login',
  ),
)
[ info ] [ HEADER ] array (
  'host' => 'www.frame.com:8888',
  'connection' => 'keep-alive',
  'content-length' => '43',
  'accept' => '*/*',
  'origin' => 'http://www.frame.com:8888',
  'x-requested-with' => 'XMLHttpRequest',
  'user-agent' => 'Mozilla/5.0 (Macintosh; Intel Mac OS X 10_14_3) AppleWebKit/537.36 (KHTML, like Gecko) Chrome/72.0.3626.121 Safari/537.36',
  'content-type' => 'application/x-www-form-urlencoded; charset=UTF-8',
  'referer' => 'http://www.frame.com:8888/admin/login/login.html',
  'accept-encoding' => 'gzip, deflate',
  'accept-language' => 'zh-CN,zh;q=0.9',
  'cookie' => 'PHPSESSID=1sancef27v55e9s1j0tdr6h01r',
)
[ info ] [ PARAM ] array (
  'mobile' => '18365976266',
  'password' => '123456',
  'vercode' => '',
)
[ info ] [ SESSION ] INIT array (
  'id' => '',
  'var_session_id' => '',
  'prefix' => 'think',
  'type' => '',
  'auto_start' => true,
)
[ info ] [ DB ] INIT mysql
[ info ] [ RUN ] app\admin\controller\Login->login[ /Users/xinjiashuodemac/workspace/my/frame/application/admin/controller/Login.php ]
[ info ] [ CACHE ] INIT File
[ info ] [ LOG ] INIT File
[ sql ] [ DB ] CONNECT:[ UseTime:0.000353s ] mysql:host=localhost;dbname=frame;charset=utf8
[ sql ] [ SQL ] SHOW COLUMNS FROM `xin_member` [ RunTime:0.000731s ]
[ sql ] [ SQL ] SELECT * FROM `xin_member` WHERE  `member_mobile` = '18365976266' LIMIT 1 [ RunTime:0.000369s ]
[ sql ] [ SQL ] UPDATE `xin_member`  SET `member_last_ip`='::1',`member_last_time`=1554712456  WHERE  `member_id` = 1 [ RunTime:0.000574s ]
---------------------------------------------------------------
[ 2019-04-08T16:34:18+08:00 ] 0.0.0.0 GET www.frame.com:8888/admin/index/index.html
[运行时间：0.056698s] [吞吐率：17.64req/s] [内存消耗：2,728.58kb] [文件加载：51]
[ info ] [ LANG ] /Users/xinjiashuodemac/workspace/my/frame/thinkphp/lang/zh-cn.php
[ info ] [ ROUTE ] array (
  'type' => 'module',
  'module' => 
  array (
    0 => 'admin',
    1 => 'index',
    2 => 'index',
  ),
)
[ info ] [ HEADER ] array (
  'host' => 'www.frame.com:8888',
  'connection' => 'keep-alive',
  'upgrade-insecure-requests' => '1',
  'user-agent' => 'Mozilla/5.0 (Macintosh; Intel Mac OS X 10_14_3) AppleWebKit/537.36 (KHTML, like Gecko) Chrome/72.0.3626.121 Safari/537.36',
  'accept' => 'text/html,application/xhtml+xml,application/xml;q=0.9,image/webp,image/apng,*/*;q=0.8',
  'referer' => 'http://www.frame.com:8888/admin/login/login.html',
  'accept-encoding' => 'gzip, deflate',
  'accept-language' => 'zh-CN,zh;q=0.9',
  'cookie' => 'PHPSESSID=1sancef27v55e9s1j0tdr6h01r',
)
[ info ] [ PARAM ] array (
)
[ info ] [ SESSION ] INIT array (
  'id' => '',
  'var_session_id' => '',
  'prefix' => 'think',
  'type' => '',
  'auto_start' => true,
)
[ info ] [ RUN ] app\admin\controller\Index->Index[ /Users/xinjiashuodemac/workspace/my/frame/application/admin/controller/Index.php ]
[ info ] [ DB ] INIT mysql
[ info ] [ VIEW ] /Users/xinjiashuodemac/workspace/my/frame/public/../application/admin/view/index/index.html [ array (
  0 => 'adminmenu',
) ]
[ info ] [ LOG ] INIT File
[ sql ] [ DB ] CONNECT:[ UseTime:0.000334s ] mysql:host=localhost;dbname=frame;charset=utf8
[ sql ] [ SQL ] SHOW COLUMNS FROM `xin_menu` [ RunTime:0.000621s ]
[ sql ] [ SQL ] SELECT * FROM `xin_menu` WHERE  `menu_status` = 1  AND `menu_parent` = 0 ORDER BY `menu_rank` DESC LIMIT 0,100 [ RunTime:0.000798s ]
[ sql ] [ SQL ] SELECT * FROM `xin_menu` WHERE  `menu_parent` = 1  AND `menu_status` = 1 ORDER BY `menu_rank` DESC LIMIT 0,100 [ RunTime:0.000342s ]
[ sql ] [ SQL ] SELECT * FROM `xin_menu` WHERE  `menu_parent` = 5  AND `menu_status` = 1 ORDER BY `menu_rank` DESC LIMIT 0,100 [ RunTime:0.000308s ]
[ sql ] [ SQL ] SELECT * FROM `xin_menu` WHERE  `menu_parent` = 7  AND `menu_status` = 1 ORDER BY `menu_rank` DESC LIMIT 0,100 [ RunTime:0.000298s ]
[ sql ] [ SQL ] SELECT * FROM `xin_menu` WHERE  `menu_parent` = 10  AND `menu_status` = 1 ORDER BY `menu_rank` DESC LIMIT 0,100 [ RunTime:0.000318s ]
[ sql ] [ SQL ] SELECT * FROM `xin_menu` WHERE  `menu_parent` = 13  AND `menu_status` = 1 ORDER BY `menu_rank` DESC LIMIT 0,100 [ RunTime:0.000366s ]
[ sql ] [ SQL ] SELECT * FROM `xin_menu` WHERE  `menu_parent` = 17  AND `menu_status` = 1 ORDER BY `menu_rank` DESC LIMIT 0,100 [ RunTime:0.000313s ]
---------------------------------------------------------------
[ 2019-04-08T16:34:18+08:00 ] 0.0.0.0 GET www.frame.com:8888/admin/index/welcome.html
[运行时间：0.047260s] [吞吐率：21.16req/s] [内存消耗：1,847.47kb] [文件加载：42]
[ info ] [ LANG ] /Users/xinjiashuodemac/workspace/my/frame/thinkphp/lang/zh-cn.php
[ info ] [ ROUTE ] array (
  'type' => 'module',
  'module' => 
  array (
    0 => 'admin',
    1 => 'index',
    2 => 'welcome',
  ),
)
[ info ] [ HEADER ] array (
  'host' => 'www.frame.com:8888',
  'connection' => 'keep-alive',
  'upgrade-insecure-requests' => '1',
  'user-agent' => 'Mozilla/5.0 (Macintosh; Intel Mac OS X 10_14_3) AppleWebKit/537.36 (KHTML, like Gecko) Chrome/72.0.3626.121 Safari/537.36',
  'accept' => 'text/html,application/xhtml+xml,application/xml;q=0.9,image/webp,image/apng,*/*;q=0.8',
  'referer' => 'http://www.frame.com:8888/admin/index/index.html',
  'accept-encoding' => 'gzip, deflate',
  'accept-language' => 'zh-CN,zh;q=0.9',
  'cookie' => 'PHPSESSID=1sancef27v55e9s1j0tdr6h01r',
)
[ info ] [ PARAM ] array (
)
[ info ] [ SESSION ] INIT array (
  'id' => '',
  'var_session_id' => '',
  'prefix' => 'think',
  'type' => '',
  'auto_start' => true,
)
[ info ] [ RUN ] app\admin\controller\Index->Welcome[ /Users/xinjiashuodemac/workspace/my/frame/application/admin/controller/Index.php ]
[ info ] [ VIEW ] /Users/xinjiashuodemac/workspace/my/frame/public/../application/admin/view/index/welcome.html [ array (
  0 => 'Greetings',
) ]
[ info ] [ LOG ] INIT File
---------------------------------------------------------------
[ 2019-04-08T16:34:31+08:00 ] 0.0.0.0 GET www.frame.com:8888/admin/index/controlcenter.html
[运行时间：0.030989s] [吞吐率：32.27req/s] [内存消耗：1,946.44kb] [文件加载：43]
[ info ] [ LANG ] /Users/xinjiashuodemac/workspace/my/frame/thinkphp/lang/zh-cn.php
[ info ] [ ROUTE ] array (
  'type' => 'module',
  'module' => 
  array (
    0 => 'admin',
    1 => 'index',
    2 => 'controlcenter',
  ),
)
[ info ] [ HEADER ] array (
  'host' => 'www.frame.com:8888',
  'connection' => 'keep-alive',
  'upgrade-insecure-requests' => '1',
  'user-agent' => 'Mozilla/5.0 (Macintosh; Intel Mac OS X 10_14_3) AppleWebKit/537.36 (KHTML, like Gecko) Chrome/72.0.3626.121 Safari/537.36',
  'accept' => 'text/html,application/xhtml+xml,application/xml;q=0.9,image/webp,image/apng,*/*;q=0.8',
  'referer' => 'http://www.frame.com:8888/admin/index/index.html',
  'accept-encoding' => 'gzip, deflate',
  'accept-language' => 'zh-CN,zh;q=0.9',
  'cookie' => 'PHPSESSID=1sancef27v55e9s1j0tdr6h01r',
)
[ info ] [ PARAM ] array (
)
[ info ] [ SESSION ] INIT array (
  'id' => '',
  'var_session_id' => '',
  'prefix' => 'think',
  'type' => '',
  'auto_start' => true,
)
[ info ] [ RUN ] app\admin\controller\Index->ControlCenter[ /Users/xinjiashuodemac/workspace/my/frame/application/admin/controller/Index.php ]
[ info ] [ VIEW ] /Users/xinjiashuodemac/workspace/my/frame/public/../application/admin/view/index/control_center.html [ array (
) ]
[ info ] [ LOG ] INIT File
---------------------------------------------------------------
[ 2019-04-08T16:34:32+08:00 ] 0.0.0.0 GET www.frame.com:8888/static/admin/json/console/top-search.js?page=1&limit=10
[运行时间：0.022928s] [吞吐率：43.61req/s] [内存消耗：1,043.52kb] [文件加载：28]
[ info ] [ LANG ] /Users/xinjiashuodemac/workspace/my/frame/thinkphp/lang/zh-cn.php
[ info ] [ ROUTE ] array (
  'type' => 'module',
  'module' => 
  array (
    0 => 'static',
    1 => 'admin',
    2 => 'json',
  ),
)
[ info ] [ HEADER ] array (
  'host' => 'www.frame.com:8888',
  'connection' => 'keep-alive',
  'accept' => 'application/json, text/javascript, */*; q=0.01',
  'x-requested-with' => 'XMLHttpRequest',
  'user-agent' => 'Mozilla/5.0 (Macintosh; Intel Mac OS X 10_14_3) AppleWebKit/537.36 (KHTML, like Gecko) Chrome/72.0.3626.121 Safari/537.36',
  'referer' => 'http://www.frame.com:8888/admin/index/controlcenter.html',
  'accept-encoding' => 'gzip, deflate',
  'accept-language' => 'zh-CN,zh;q=0.9',
  'cookie' => 'PHPSESSID=1sancef27v55e9s1j0tdr6h01r',
)
[ info ] [ PARAM ] array (
  'page' => '1',
  'limit' => '10',
  'console' => 'top-search.js',
)
[ info ] [ LOG ] INIT File
---------------------------------------------------------------
[ 2019-04-08T16:34:32+08:00 ] 0.0.0.0 GET www.frame.com:8888/static/admin/json/console/top-card.js?page=1&limit=10
[运行时间：0.021359s] [吞吐率：46.82req/s] [内存消耗：1,043.42kb] [文件加载：28]
[ info ] [ LANG ] /Users/xinjiashuodemac/workspace/my/frame/thinkphp/lang/zh-cn.php
[ info ] [ ROUTE ] array (
  'type' => 'module',
  'module' => 
  array (
    0 => 'static',
    1 => 'admin',
    2 => 'json',
  ),
)
[ info ] [ HEADER ] array (
  'host' => 'www.frame.com:8888',
  'connection' => 'keep-alive',
  'accept' => 'application/json, text/javascript, */*; q=0.01',
  'x-requested-with' => 'XMLHttpRequest',
  'user-agent' => 'Mozilla/5.0 (Macintosh; Intel Mac OS X 10_14_3) AppleWebKit/537.36 (KHTML, like Gecko) Chrome/72.0.3626.121 Safari/537.36',
  'referer' => 'http://www.frame.com:8888/admin/index/controlcenter.html',
  'accept-encoding' => 'gzip, deflate',
  'accept-language' => 'zh-CN,zh;q=0.9',
  'cookie' => 'PHPSESSID=1sancef27v55e9s1j0tdr6h01r',
)
[ info ] [ PARAM ] array (
  'page' => '1',
  'limit' => '10',
  'console' => 'top-card.js',
)
[ info ] [ LOG ] INIT File
