---------------------------------------------------------------
[ 2019-06-02T11:02:49+08:00 ] 0.0.0.0 GET www.frame.com:8888/
[运行时间：0.068229s] [吞吐率：14.66req/s] [内存消耗：1,609.79kb] [文件加载：37]
[ info ] [ LANG ] /Users/xinjiashuodemac/workspace/my/frame/thinkphp/lang/zh-cn.php
[ info ] [ ROUTE ] array (
  'type' => 'module',
  'module' => 
  array (
    0 => '',
    1 => NULL,
    2 => NULL,
  ),
)
[ info ] [ HEADER ] array (
  'host' => 'www.frame.com:8888',
  'connection' => 'keep-alive',
  'upgrade-insecure-requests' => '1',
  'user-agent' => 'Mozilla/5.0 (Macintosh; Intel Mac OS X 10_14_3) AppleWebKit/537.36 (KHTML, like Gecko) Chrome/74.0.3729.169 Safari/537.36',
  'accept' => 'text/html,application/xhtml+xml,application/xml;q=0.9,image/webp,image/apng,*/*;q=0.8,application/signed-exchange;v=b3',
  'accept-encoding' => 'gzip, deflate',
  'accept-language' => 'zh-CN,zh;q=0.9',
  'cookie' => 'PHPSESSID=frqtmdmr2v84bikiv3pvfkjj1g',
)
[ info ] [ PARAM ] array (
)
[ info ] [ RUN ] app\index\controller\Index->index[ /Users/xinjiashuodemac/workspace/my/frame/application/index/controller/Index.php ]
[ info ] [ VIEW ] /Users/xinjiashuodemac/workspace/my/frame/public/../application/index/view/index/index.html [ array (
) ]
[ info ] [ SESSION ] INIT array (
  'id' => '',
  'var_session_id' => '',
  'prefix' => 'think',
  'type' => '',
  'auto_start' => true,
)
[ info ] [ LOG ] INIT File
---------------------------------------------------------------
[ 2019-06-02T11:02:54+08:00 ] 0.0.0.0 GET www.frame.com:8888/admin
[运行时间：0.072554s] [吞吐率：13.78req/s] [内存消耗：2,571.94kb] [文件加载：49]
[ info ] [ LANG ] /Users/xinjiashuodemac/workspace/my/frame/thinkphp/lang/zh-cn.php
[ info ] [ ROUTE ] array (
  'type' => 'module',
  'module' => 
  array (
    0 => 'admin',
    1 => NULL,
    2 => NULL,
  ),
)
[ info ] [ HEADER ] array (
  'host' => 'www.frame.com:8888',
  'connection' => 'keep-alive',
  'upgrade-insecure-requests' => '1',
  'user-agent' => 'Mozilla/5.0 (Macintosh; Intel Mac OS X 10_14_3) AppleWebKit/537.36 (KHTML, like Gecko) Chrome/74.0.3729.169 Safari/537.36',
  'accept' => 'text/html,application/xhtml+xml,application/xml;q=0.9,image/webp,image/apng,*/*;q=0.8,application/signed-exchange;v=b3',
  'accept-encoding' => 'gzip, deflate',
  'accept-language' => 'zh-CN,zh;q=0.9',
  'cookie' => 'PHPSESSID=frqtmdmr2v84bikiv3pvfkjj1g',
)
[ info ] [ PARAM ] array (
)
[ info ] [ SESSION ] INIT array (
  'id' => '',
  'var_session_id' => '',
  'prefix' => 'think',
  'type' => '',
  'auto_start' => true,
)
[ info ] [ RUN ] app\admin\controller\Index->Index[ /Users/xinjiashuodemac/workspace/my/frame/application/admin/controller/Index.php ]
[ info ] [ DB ] INIT mysql
[ info ] [ VIEW ] /Users/xinjiashuodemac/workspace/my/frame/public/../application/admin/view/index/index.html [ array (
  0 => 'adminmenu',
) ]
[ info ] [ LOG ] INIT File
[ sql ] [ DB ] CONNECT:[ UseTime:0.001944s ] mysql:host=localhost;dbname=frame;charset=utf8
[ sql ] [ SQL ] SHOW COLUMNS FROM `xin_menu` [ RunTime:0.014226s ]
[ sql ] [ SQL ] SELECT * FROM `xin_menu` WHERE  `menu_status` = 1  AND `menu_parent` = 0 ORDER BY `menu_rank` DESC LIMIT 0,100 [ RunTime:0.003946s ]
[ sql ] [ SQL ] SELECT * FROM `xin_menu` WHERE  `menu_parent` = 1  AND `menu_status` = 1 ORDER BY `menu_rank` DESC LIMIT 0,100 [ RunTime:0.000477s ]
[ sql ] [ SQL ] SELECT * FROM `xin_menu` WHERE  `menu_parent` = 5  AND `menu_status` = 1 ORDER BY `menu_rank` DESC LIMIT 0,100 [ RunTime:0.000619s ]
[ sql ] [ SQL ] SELECT * FROM `xin_menu` WHERE  `menu_parent` = 17  AND `menu_status` = 1 ORDER BY `menu_rank` DESC LIMIT 0,100 [ RunTime:0.000470s ]
---------------------------------------------------------------
[ 2019-06-02T11:02:54+08:00 ] 0.0.0.0 GET www.frame.com:8888/admin/index/welcome.html
[运行时间：0.031423s] [吞吐率：31.82req/s] [内存消耗：1,641.63kb] [文件加载：40]
[ info ] [ LANG ] /Users/xinjiashuodemac/workspace/my/frame/thinkphp/lang/zh-cn.php
[ info ] [ ROUTE ] array (
  'type' => 'module',
  'module' => 
  array (
    0 => 'admin',
    1 => 'index',
    2 => 'welcome',
  ),
)
[ info ] [ HEADER ] array (
  'host' => 'www.frame.com:8888',
  'connection' => 'keep-alive',
  'upgrade-insecure-requests' => '1',
  'user-agent' => 'Mozilla/5.0 (Macintosh; Intel Mac OS X 10_14_3) AppleWebKit/537.36 (KHTML, like Gecko) Chrome/74.0.3729.169 Safari/537.36',
  'accept' => 'text/html,application/xhtml+xml,application/xml;q=0.9,image/webp,image/apng,*/*;q=0.8,application/signed-exchange;v=b3',
  'referer' => 'http://www.frame.com:8888/admin',
  'accept-encoding' => 'gzip, deflate',
  'accept-language' => 'zh-CN,zh;q=0.9',
  'cookie' => 'PHPSESSID=frqtmdmr2v84bikiv3pvfkjj1g',
)
[ info ] [ PARAM ] array (
)
[ info ] [ SESSION ] INIT array (
  'id' => '',
  'var_session_id' => '',
  'prefix' => 'think',
  'type' => '',
  'auto_start' => true,
)
[ info ] [ RUN ] app\admin\controller\Index->Welcome[ /Users/xinjiashuodemac/workspace/my/frame/application/admin/controller/Index.php ]
[ info ] [ VIEW ] /Users/xinjiashuodemac/workspace/my/frame/public/../application/admin/view/index/welcome.html [ array (
  0 => 'Greetings',
) ]
[ info ] [ LOG ] INIT File
---------------------------------------------------------------
[ 2019-06-02T11:02:59+08:00 ] 0.0.0.0 GET www.frame.com:8888/admin/index/aboutme.html
[运行时间：0.033744s] [吞吐率：29.64req/s] [内存消耗：1,847.43kb] [文件加载：42]
[ info ] [ LANG ] /Users/xinjiashuodemac/workspace/my/frame/thinkphp/lang/zh-cn.php
[ info ] [ ROUTE ] array (
  'type' => 'module',
  'module' => 
  array (
    0 => 'admin',
    1 => 'index',
    2 => 'aboutme',
  ),
)
[ info ] [ HEADER ] array (
  'host' => 'www.frame.com:8888',
  'connection' => 'keep-alive',
  'upgrade-insecure-requests' => '1',
  'user-agent' => 'Mozilla/5.0 (Macintosh; Intel Mac OS X 10_14_3) AppleWebKit/537.36 (KHTML, like Gecko) Chrome/74.0.3729.169 Safari/537.36',
  'accept' => 'text/html,application/xhtml+xml,application/xml;q=0.9,image/webp,image/apng,*/*;q=0.8,application/signed-exchange;v=b3',
  'referer' => 'http://www.frame.com:8888/admin',
  'accept-encoding' => 'gzip, deflate',
  'accept-language' => 'zh-CN,zh;q=0.9',
  'cookie' => 'PHPSESSID=frqtmdmr2v84bikiv3pvfkjj1g',
)
[ info ] [ PARAM ] array (
)
[ info ] [ SESSION ] INIT array (
  'id' => '',
  'var_session_id' => '',
  'prefix' => 'think',
  'type' => '',
  'auto_start' => true,
)
[ info ] [ RUN ] app\admin\controller\Index->AboutMe[ /Users/xinjiashuodemac/workspace/my/frame/application/admin/controller/Index.php ]
[ info ] [ VIEW ] /Users/xinjiashuodemac/workspace/my/frame/public/../application/admin/view/index/about_me.html [ array (
) ]
[ info ] [ LOG ] INIT File
---------------------------------------------------------------
[ 2019-06-02T11:03:05+08:00 ] 0.0.0.0 GET www.frame.com:8888/static/admin/tpl/system/about.html
[运行时间：0.023351s] [吞吐率：42.82req/s] [内存消耗：1,042.18kb] [文件加载：28]
[ info ] [ LANG ] /Users/xinjiashuodemac/workspace/my/frame/thinkphp/lang/zh-cn.php
[ info ] [ ROUTE ] array (
  'type' => 'module',
  'module' => 
  array (
    0 => 'static',
    1 => 'admin',
    2 => 'tpl',
  ),
)
[ info ] [ HEADER ] array (
  'host' => 'www.frame.com:8888',
  'connection' => 'keep-alive',
  'accept' => 'text/html, */*; q=0.01',
  'x-requested-with' => 'XMLHttpRequest',
  'user-agent' => 'Mozilla/5.0 (Macintosh; Intel Mac OS X 10_14_3) AppleWebKit/537.36 (KHTML, like Gecko) Chrome/74.0.3729.169 Safari/537.36',
  'referer' => 'http://www.frame.com:8888/admin',
  'accept-encoding' => 'gzip, deflate',
  'accept-language' => 'zh-CN,zh;q=0.9',
  'cookie' => 'PHPSESSID=frqtmdmr2v84bikiv3pvfkjj1g',
)
[ info ] [ PARAM ] array (
  'system' => 'about',
)
[ info ] [ LOG ] INIT File
---------------------------------------------------------------
[ 2019-06-02T11:03:05+08:00 ] 0.0.0.0 GET www.frame.com:8888/static/admin/tpl/template/tips/404.html
[运行时间：0.014555s] [吞吐率：68.71req/s] [内存消耗：1,042.28kb] [文件加载：28]
[ info ] [ LANG ] /Users/xinjiashuodemac/workspace/my/frame/thinkphp/lang/zh-cn.php
[ info ] [ ROUTE ] array (
  'type' => 'module',
  'module' => 
  array (
    0 => 'static',
    1 => 'admin',
    2 => 'tpl',
  ),
)
[ info ] [ HEADER ] array (
  'host' => 'www.frame.com:8888',
  'connection' => 'keep-alive',
  'accept' => 'text/html, */*; q=0.01',
  'x-requested-with' => 'XMLHttpRequest',
  'user-agent' => 'Mozilla/5.0 (Macintosh; Intel Mac OS X 10_14_3) AppleWebKit/537.36 (KHTML, like Gecko) Chrome/74.0.3729.169 Safari/537.36',
  'referer' => 'http://www.frame.com:8888/admin',
  'accept-encoding' => 'gzip, deflate',
  'accept-language' => 'zh-CN,zh;q=0.9',
  'cookie' => 'PHPSESSID=frqtmdmr2v84bikiv3pvfkjj1g',
)
[ info ] [ PARAM ] array (
  'template' => 'tips',
)
[ info ] [ LOG ] INIT File
---------------------------------------------------------------
[ 2019-06-02T11:04:10+08:00 ] 0.0.0.0 GET www.frame.com:8888/admin
[运行时间：0.043836s] [吞吐率：22.81req/s] [内存消耗：2,572.50kb] [文件加载：49]
[ info ] [ LANG ] /Users/xinjiashuodemac/workspace/my/frame/thinkphp/lang/zh-cn.php
[ info ] [ ROUTE ] array (
  'type' => 'module',
  'module' => 
  array (
    0 => 'admin',
    1 => NULL,
    2 => NULL,
  ),
)
[ info ] [ HEADER ] array (
  'host' => 'www.frame.com:8888',
  'connection' => 'keep-alive',
  'cache-control' => 'max-age=0',
  'upgrade-insecure-requests' => '1',
  'user-agent' => 'Mozilla/5.0 (Macintosh; Intel Mac OS X 10_14_3) AppleWebKit/537.36 (KHTML, like Gecko) Chrome/74.0.3729.169 Safari/537.36',
  'accept' => 'text/html,application/xhtml+xml,application/xml;q=0.9,image/webp,image/apng,*/*;q=0.8,application/signed-exchange;v=b3',
  'accept-encoding' => 'gzip, deflate',
  'accept-language' => 'zh-CN,zh;q=0.9',
  'cookie' => 'PHPSESSID=frqtmdmr2v84bikiv3pvfkjj1g',
)
[ info ] [ PARAM ] array (
)
[ info ] [ SESSION ] INIT array (
  'id' => '',
  'var_session_id' => '',
  'prefix' => 'think',
  'type' => '',
  'auto_start' => true,
)
[ info ] [ RUN ] app\admin\controller\Index->Index[ /Users/xinjiashuodemac/workspace/my/frame/application/admin/controller/Index.php ]
[ info ] [ DB ] INIT mysql
[ info ] [ VIEW ] /Users/xinjiashuodemac/workspace/my/frame/public/../application/admin/view/index/index.html [ array (
  0 => 'adminmenu',
) ]
[ info ] [ LOG ] INIT File
[ sql ] [ DB ] CONNECT:[ UseTime:0.000430s ] mysql:host=localhost;dbname=frame;charset=utf8
[ sql ] [ SQL ] SHOW COLUMNS FROM `xin_menu` [ RunTime:0.000696s ]
[ sql ] [ SQL ] SELECT * FROM `xin_menu` WHERE  `menu_status` = 1  AND `menu_parent` = 0 ORDER BY `menu_rank` DESC LIMIT 0,100 [ RunTime:0.000402s ]
[ sql ] [ SQL ] SELECT * FROM `xin_menu` WHERE  `menu_parent` = 1  AND `menu_status` = 1 ORDER BY `menu_rank` DESC LIMIT 0,100 [ RunTime:0.000324s ]
[ sql ] [ SQL ] SELECT * FROM `xin_menu` WHERE  `menu_parent` = 5  AND `menu_status` = 1 ORDER BY `menu_rank` DESC LIMIT 0,100 [ RunTime:0.000356s ]
[ sql ] [ SQL ] SELECT * FROM `xin_menu` WHERE  `menu_parent` = 17  AND `menu_status` = 1 ORDER BY `menu_rank` DESC LIMIT 0,100 [ RunTime:0.000321s ]
---------------------------------------------------------------
[ 2019-06-02T11:04:10+08:00 ] 0.0.0.0 GET www.frame.com:8888/admin/index/welcome.html
[运行时间：0.025097s] [吞吐率：39.85req/s] [内存消耗：1,641.63kb] [文件加载：40]
[ info ] [ LANG ] /Users/xinjiashuodemac/workspace/my/frame/thinkphp/lang/zh-cn.php
[ info ] [ ROUTE ] array (
  'type' => 'module',
  'module' => 
  array (
    0 => 'admin',
    1 => 'index',
    2 => 'welcome',
  ),
)
[ info ] [ HEADER ] array (
  'host' => 'www.frame.com:8888',
  'connection' => 'keep-alive',
  'upgrade-insecure-requests' => '1',
  'user-agent' => 'Mozilla/5.0 (Macintosh; Intel Mac OS X 10_14_3) AppleWebKit/537.36 (KHTML, like Gecko) Chrome/74.0.3729.169 Safari/537.36',
  'accept' => 'text/html,application/xhtml+xml,application/xml;q=0.9,image/webp,image/apng,*/*;q=0.8,application/signed-exchange;v=b3',
  'referer' => 'http://www.frame.com:8888/admin',
  'accept-encoding' => 'gzip, deflate',
  'accept-language' => 'zh-CN,zh;q=0.9',
  'cookie' => 'PHPSESSID=frqtmdmr2v84bikiv3pvfkjj1g',
)
[ info ] [ PARAM ] array (
)
[ info ] [ SESSION ] INIT array (
  'id' => '',
  'var_session_id' => '',
  'prefix' => 'think',
  'type' => '',
  'auto_start' => true,
)
[ info ] [ RUN ] app\admin\controller\Index->Welcome[ /Users/xinjiashuodemac/workspace/my/frame/application/admin/controller/Index.php ]
[ info ] [ VIEW ] /Users/xinjiashuodemac/workspace/my/frame/public/../application/admin/view/index/welcome.html [ array (
  0 => 'Greetings',
) ]
[ info ] [ LOG ] INIT File
---------------------------------------------------------------
[ 2019-06-02T11:04:16+08:00 ] 0.0.0.0 GET www.frame.com:8888/admin/index/controlcenter.html
[运行时间：0.031333s] [吞吐率：31.92req/s] [内存消耗：1,710.13kb] [文件加载：41]
[ info ] [ LANG ] /Users/xinjiashuodemac/workspace/my/frame/thinkphp/lang/zh-cn.php
[ info ] [ ROUTE ] array (
  'type' => 'module',
  'module' => 
  array (
    0 => 'admin',
    1 => 'index',
    2 => 'controlcenter',
  ),
)
[ info ] [ HEADER ] array (
  'host' => 'www.frame.com:8888',
  'connection' => 'keep-alive',
  'upgrade-insecure-requests' => '1',
  'user-agent' => 'Mozilla/5.0 (Macintosh; Intel Mac OS X 10_14_3) AppleWebKit/537.36 (KHTML, like Gecko) Chrome/74.0.3729.169 Safari/537.36',
  'accept' => 'text/html,application/xhtml+xml,application/xml;q=0.9,image/webp,image/apng,*/*;q=0.8,application/signed-exchange;v=b3',
  'referer' => 'http://www.frame.com:8888/admin',
  'accept-encoding' => 'gzip, deflate',
  'accept-language' => 'zh-CN,zh;q=0.9',
  'cookie' => 'PHPSESSID=frqtmdmr2v84bikiv3pvfkjj1g',
)
[ info ] [ PARAM ] array (
)
[ info ] [ SESSION ] INIT array (
  'id' => '',
  'var_session_id' => '',
  'prefix' => 'think',
  'type' => '',
  'auto_start' => true,
)
[ info ] [ RUN ] app\admin\controller\Index->ControlCenter[ /Users/xinjiashuodemac/workspace/my/frame/application/admin/controller/Index.php ]
[ info ] [ VIEW ] /Users/xinjiashuodemac/workspace/my/frame/public/../application/admin/view/index/control_center.html [ array (
) ]
[ info ] [ LOG ] INIT File
---------------------------------------------------------------
[ 2019-06-02T11:04:16+08:00 ] 0.0.0.0 GET www.frame.com:8888/static/admin/json/console/top-search.js?page=1&limit=10
[运行时间：0.017730s] [吞吐率：56.40req/s] [内存消耗：1,043.52kb] [文件加载：28]
[ info ] [ LANG ] /Users/xinjiashuodemac/workspace/my/frame/thinkphp/lang/zh-cn.php
[ info ] [ ROUTE ] array (
  'type' => 'module',
  'module' => 
  array (
    0 => 'static',
    1 => 'admin',
    2 => 'json',
  ),
)
[ info ] [ HEADER ] array (
  'host' => 'www.frame.com:8888',
  'connection' => 'keep-alive',
  'accept' => 'application/json, text/javascript, */*; q=0.01',
  'x-requested-with' => 'XMLHttpRequest',
  'user-agent' => 'Mozilla/5.0 (Macintosh; Intel Mac OS X 10_14_3) AppleWebKit/537.36 (KHTML, like Gecko) Chrome/74.0.3729.169 Safari/537.36',
  'referer' => 'http://www.frame.com:8888/admin/index/controlcenter.html',
  'accept-encoding' => 'gzip, deflate',
  'accept-language' => 'zh-CN,zh;q=0.9',
  'cookie' => 'PHPSESSID=frqtmdmr2v84bikiv3pvfkjj1g',
)
[ info ] [ PARAM ] array (
  'page' => '1',
  'limit' => '10',
  'console' => 'top-search.js',
)
[ info ] [ LOG ] INIT File
---------------------------------------------------------------
[ 2019-06-02T11:04:16+08:00 ] 0.0.0.0 GET www.frame.com:8888/static/admin/json/console/top-card.js?page=1&limit=10
[运行时间：0.020962s] [吞吐率：47.71req/s] [内存消耗：1,043.42kb] [文件加载：28]
[ info ] [ LANG ] /Users/xinjiashuodemac/workspace/my/frame/thinkphp/lang/zh-cn.php
[ info ] [ ROUTE ] array (
  'type' => 'module',
  'module' => 
  array (
    0 => 'static',
    1 => 'admin',
    2 => 'json',
  ),
)
[ info ] [ HEADER ] array (
  'host' => 'www.frame.com:8888',
  'connection' => 'keep-alive',
  'accept' => 'application/json, text/javascript, */*; q=0.01',
  'x-requested-with' => 'XMLHttpRequest',
  'user-agent' => 'Mozilla/5.0 (Macintosh; Intel Mac OS X 10_14_3) AppleWebKit/537.36 (KHTML, like Gecko) Chrome/74.0.3729.169 Safari/537.36',
  'referer' => 'http://www.frame.com:8888/admin/index/controlcenter.html',
  'accept-encoding' => 'gzip, deflate',
  'accept-language' => 'zh-CN,zh;q=0.9',
  'cookie' => 'PHPSESSID=frqtmdmr2v84bikiv3pvfkjj1g',
)
[ info ] [ PARAM ] array (
  'page' => '1',
  'limit' => '10',
  'console' => 'top-card.js',
)
[ info ] [ LOG ] INIT File
---------------------------------------------------------------
[ 2019-06-02T11:04:17+08:00 ] 0.0.0.0 GET www.frame.com:8888/admin/index/statisticscenter.html
[运行时间：0.029072s] [吞吐率：34.40req/s] [内存消耗：1,680.99kb] [文件加载：42]
[ info ] [ LANG ] /Users/xinjiashuodemac/workspace/my/frame/thinkphp/lang/zh-cn.php
[ info ] [ ROUTE ] array (
  'type' => 'module',
  'module' => 
  array (
    0 => 'admin',
    1 => 'index',
    2 => 'statisticscenter',
  ),
)
[ info ] [ HEADER ] array (
  'host' => 'www.frame.com:8888',
  'connection' => 'keep-alive',
  'upgrade-insecure-requests' => '1',
  'user-agent' => 'Mozilla/5.0 (Macintosh; Intel Mac OS X 10_14_3) AppleWebKit/537.36 (KHTML, like Gecko) Chrome/74.0.3729.169 Safari/537.36',
  'accept' => 'text/html,application/xhtml+xml,application/xml;q=0.9,image/webp,image/apng,*/*;q=0.8,application/signed-exchange;v=b3',
  'referer' => 'http://www.frame.com:8888/admin',
  'accept-encoding' => 'gzip, deflate',
  'accept-language' => 'zh-CN,zh;q=0.9',
  'cookie' => 'PHPSESSID=frqtmdmr2v84bikiv3pvfkjj1g',
)
[ info ] [ PARAM ] array (
)
[ info ] [ SESSION ] INIT array (
  'id' => '',
  'var_session_id' => '',
  'prefix' => 'think',
  'type' => '',
  'auto_start' => true,
)
[ info ] [ RUN ] app\admin\controller\Index->StatisticsCenter[ /Users/xinjiashuodemac/workspace/my/frame/application/admin/controller/Index.php ]
[ info ] [ LOG ] INIT File
[ error ] [0]模板文件不存在:/Users/xinjiashuodemac/workspace/my/frame/public/../application/admin/view/index/statistics_center.html[/Users/xinjiashuodemac/workspace/my/frame/thinkphp/library/think/view/driver/Think.php:82]
---------------------------------------------------------------
[ 2019-06-02T11:05:45+08:00 ] 0.0.0.0 GET www.frame.com:8888/admin/index/datacenter.html
[运行时间：0.031122s] [吞吐率：32.13req/s] [内存消耗：1,680.78kb] [文件加载：42]
[ info ] [ LANG ] /Users/xinjiashuodemac/workspace/my/frame/thinkphp/lang/zh-cn.php
[ info ] [ ROUTE ] array (
  'type' => 'module',
  'module' => 
  array (
    0 => 'admin',
    1 => 'index',
    2 => 'datacenter',
  ),
)
[ info ] [ HEADER ] array (
  'host' => 'www.frame.com:8888',
  'connection' => 'keep-alive',
  'upgrade-insecure-requests' => '1',
  'user-agent' => 'Mozilla/5.0 (Macintosh; Intel Mac OS X 10_14_3) AppleWebKit/537.36 (KHTML, like Gecko) Chrome/74.0.3729.169 Safari/537.36',
  'accept' => 'text/html,application/xhtml+xml,application/xml;q=0.9,image/webp,image/apng,*/*;q=0.8,application/signed-exchange;v=b3',
  'referer' => 'http://www.frame.com:8888/admin',
  'accept-encoding' => 'gzip, deflate',
  'accept-language' => 'zh-CN,zh;q=0.9',
  'cookie' => 'PHPSESSID=frqtmdmr2v84bikiv3pvfkjj1g',
)
[ info ] [ PARAM ] array (
)
[ info ] [ SESSION ] INIT array (
  'id' => '',
  'var_session_id' => '',
  'prefix' => 'think',
  'type' => '',
  'auto_start' => true,
)
[ info ] [ RUN ] app\admin\controller\Index->DataCenter[ /Users/xinjiashuodemac/workspace/my/frame/application/admin/controller/Index.php ]
[ info ] [ LOG ] INIT File
[ error ] [0]模板文件不存在:/Users/xinjiashuodemac/workspace/my/frame/public/../application/admin/view/index/data_center.html[/Users/xinjiashuodemac/workspace/my/frame/thinkphp/library/think/view/driver/Think.php:82]
---------------------------------------------------------------
[ 2019-06-02T11:05:57+08:00 ] 0.0.0.0 GET www.frame.com:8888/admin
[运行时间：0.042012s] [吞吐率：23.80req/s] [内存消耗：2,572.50kb] [文件加载：49]
[ info ] [ LANG ] /Users/xinjiashuodemac/workspace/my/frame/thinkphp/lang/zh-cn.php
[ info ] [ ROUTE ] array (
  'type' => 'module',
  'module' => 
  array (
    0 => 'admin',
    1 => NULL,
    2 => NULL,
  ),
)
[ info ] [ HEADER ] array (
  'host' => 'www.frame.com:8888',
  'connection' => 'keep-alive',
  'cache-control' => 'max-age=0',
  'upgrade-insecure-requests' => '1',
  'user-agent' => 'Mozilla/5.0 (Macintosh; Intel Mac OS X 10_14_3) AppleWebKit/537.36 (KHTML, like Gecko) Chrome/74.0.3729.169 Safari/537.36',
  'accept' => 'text/html,application/xhtml+xml,application/xml;q=0.9,image/webp,image/apng,*/*;q=0.8,application/signed-exchange;v=b3',
  'accept-encoding' => 'gzip, deflate',
  'accept-language' => 'zh-CN,zh;q=0.9',
  'cookie' => 'PHPSESSID=frqtmdmr2v84bikiv3pvfkjj1g',
)
[ info ] [ PARAM ] array (
)
[ info ] [ SESSION ] INIT array (
  'id' => '',
  'var_session_id' => '',
  'prefix' => 'think',
  'type' => '',
  'auto_start' => true,
)
[ info ] [ RUN ] app\admin\controller\Index->Index[ /Users/xinjiashuodemac/workspace/my/frame/application/admin/controller/Index.php ]
[ info ] [ DB ] INIT mysql
[ info ] [ VIEW ] /Users/xinjiashuodemac/workspace/my/frame/public/../application/admin/view/index/index.html [ array (
  0 => 'adminmenu',
) ]
[ info ] [ LOG ] INIT File
[ sql ] [ DB ] CONNECT:[ UseTime:0.000298s ] mysql:host=localhost;dbname=frame;charset=utf8
[ sql ] [ SQL ] SHOW COLUMNS FROM `xin_menu` [ RunTime:0.000563s ]
[ sql ] [ SQL ] SELECT * FROM `xin_menu` WHERE  `menu_status` = 1  AND `menu_parent` = 0 ORDER BY `menu_rank` DESC LIMIT 0,100 [ RunTime:0.000361s ]
[ sql ] [ SQL ] SELECT * FROM `xin_menu` WHERE  `menu_parent` = 1  AND `menu_status` = 1 ORDER BY `menu_rank` DESC LIMIT 0,100 [ RunTime:0.000314s ]
[ sql ] [ SQL ] SELECT * FROM `xin_menu` WHERE  `menu_parent` = 5  AND `menu_status` = 1 ORDER BY `menu_rank` DESC LIMIT 0,100 [ RunTime:0.000312s ]
[ sql ] [ SQL ] SELECT * FROM `xin_menu` WHERE  `menu_parent` = 17  AND `menu_status` = 1 ORDER BY `menu_rank` DESC LIMIT 0,100 [ RunTime:0.000416s ]
---------------------------------------------------------------
[ 2019-06-02T11:05:57+08:00 ] 0.0.0.0 GET www.frame.com:8888/admin/index/welcome.html
[运行时间：0.026227s] [吞吐率：38.13req/s] [内存消耗：1,641.63kb] [文件加载：40]
[ info ] [ LANG ] /Users/xinjiashuodemac/workspace/my/frame/thinkphp/lang/zh-cn.php
[ info ] [ ROUTE ] array (
  'type' => 'module',
  'module' => 
  array (
    0 => 'admin',
    1 => 'index',
    2 => 'welcome',
  ),
)
[ info ] [ HEADER ] array (
  'host' => 'www.frame.com:8888',
  'connection' => 'keep-alive',
  'upgrade-insecure-requests' => '1',
  'user-agent' => 'Mozilla/5.0 (Macintosh; Intel Mac OS X 10_14_3) AppleWebKit/537.36 (KHTML, like Gecko) Chrome/74.0.3729.169 Safari/537.36',
  'accept' => 'text/html,application/xhtml+xml,application/xml;q=0.9,image/webp,image/apng,*/*;q=0.8,application/signed-exchange;v=b3',
  'referer' => 'http://www.frame.com:8888/admin',
  'accept-encoding' => 'gzip, deflate',
  'accept-language' => 'zh-CN,zh;q=0.9',
  'cookie' => 'PHPSESSID=frqtmdmr2v84bikiv3pvfkjj1g',
)
[ info ] [ PARAM ] array (
)
[ info ] [ SESSION ] INIT array (
  'id' => '',
  'var_session_id' => '',
  'prefix' => 'think',
  'type' => '',
  'auto_start' => true,
)
[ info ] [ RUN ] app\admin\controller\Index->Welcome[ /Users/xinjiashuodemac/workspace/my/frame/application/admin/controller/Index.php ]
[ info ] [ VIEW ] /Users/xinjiashuodemac/workspace/my/frame/public/../application/admin/view/index/welcome.html [ array (
  0 => 'Greetings',
) ]
[ info ] [ LOG ] INIT File
---------------------------------------------------------------
[ 2019-06-02T11:05:59+08:00 ] 0.0.0.0 GET www.frame.com:8888/admin/index/datacenter.html
[运行时间：0.031361s] [吞吐率：31.89req/s] [内存消耗：1,891.94kb] [文件加载：42]
[ info ] [ LANG ] /Users/xinjiashuodemac/workspace/my/frame/thinkphp/lang/zh-cn.php
[ info ] [ ROUTE ] array (
  'type' => 'module',
  'module' => 
  array (
    0 => 'admin',
    1 => 'index',
    2 => 'datacenter',
  ),
)
[ info ] [ HEADER ] array (
  'host' => 'www.frame.com:8888',
  'connection' => 'keep-alive',
  'upgrade-insecure-requests' => '1',
  'user-agent' => 'Mozilla/5.0 (Macintosh; Intel Mac OS X 10_14_3) AppleWebKit/537.36 (KHTML, like Gecko) Chrome/74.0.3729.169 Safari/537.36',
  'accept' => 'text/html,application/xhtml+xml,application/xml;q=0.9,image/webp,image/apng,*/*;q=0.8,application/signed-exchange;v=b3',
  'referer' => 'http://www.frame.com:8888/admin',
  'accept-encoding' => 'gzip, deflate',
  'accept-language' => 'zh-CN,zh;q=0.9',
  'cookie' => 'PHPSESSID=frqtmdmr2v84bikiv3pvfkjj1g',
)
[ info ] [ PARAM ] array (
)
[ info ] [ SESSION ] INIT array (
  'id' => '',
  'var_session_id' => '',
  'prefix' => 'think',
  'type' => '',
  'auto_start' => true,
)
[ info ] [ RUN ] app\admin\controller\Index->DataCenter[ /Users/xinjiashuodemac/workspace/my/frame/application/admin/controller/Index.php ]
[ info ] [ VIEW ] /Users/xinjiashuodemac/workspace/my/frame/public/../application/admin/view/index/data_center.html [ array (
) ]
[ info ] [ LOG ] INIT File
---------------------------------------------------------------
[ 2019-06-02T11:05:59+08:00 ] 0.0.0.0 GET www.frame.com:8888/static/admin/json/console/prograss.js?page=1&limit=10
[运行时间：0.017036s] [吞吐率：58.70req/s] [内存消耗：1,043.38kb] [文件加载：28]
[ info ] [ LANG ] /Users/xinjiashuodemac/workspace/my/frame/thinkphp/lang/zh-cn.php
[ info ] [ ROUTE ] array (
  'type' => 'module',
  'module' => 
  array (
    0 => 'static',
    1 => 'admin',
    2 => 'json',
  ),
)
[ info ] [ HEADER ] array (
  'host' => 'www.frame.com:8888',
  'connection' => 'keep-alive',
  'accept' => 'application/json, text/javascript, */*; q=0.01',
  'x-requested-with' => 'XMLHttpRequest',
  'user-agent' => 'Mozilla/5.0 (Macintosh; Intel Mac OS X 10_14_3) AppleWebKit/537.36 (KHTML, like Gecko) Chrome/74.0.3729.169 Safari/537.36',
  'referer' => 'http://www.frame.com:8888/admin/index/datacenter.html',
  'accept-encoding' => 'gzip, deflate',
  'accept-language' => 'zh-CN,zh;q=0.9',
  'cookie' => 'PHPSESSID=frqtmdmr2v84bikiv3pvfkjj1g',
)
[ info ] [ PARAM ] array (
  'page' => '1',
  'limit' => '10',
  'console' => 'prograss.js',
)
[ info ] [ LOG ] INIT File
---------------------------------------------------------------
[ 2019-06-02T11:06:02+08:00 ] 0.0.0.0 GET www.frame.com:8888/admin/index/statisticscenter.html
[运行时间：0.026976s] [吞吐率：37.07req/s] [内存消耗：1,680.99kb] [文件加载：42]
[ info ] [ LANG ] /Users/xinjiashuodemac/workspace/my/frame/thinkphp/lang/zh-cn.php
[ info ] [ ROUTE ] array (
  'type' => 'module',
  'module' => 
  array (
    0 => 'admin',
    1 => 'index',
    2 => 'statisticscenter',
  ),
)
[ info ] [ HEADER ] array (
  'host' => 'www.frame.com:8888',
  'connection' => 'keep-alive',
  'upgrade-insecure-requests' => '1',
  'user-agent' => 'Mozilla/5.0 (Macintosh; Intel Mac OS X 10_14_3) AppleWebKit/537.36 (KHTML, like Gecko) Chrome/74.0.3729.169 Safari/537.36',
  'accept' => 'text/html,application/xhtml+xml,application/xml;q=0.9,image/webp,image/apng,*/*;q=0.8,application/signed-exchange;v=b3',
  'referer' => 'http://www.frame.com:8888/admin',
  'accept-encoding' => 'gzip, deflate',
  'accept-language' => 'zh-CN,zh;q=0.9',
  'cookie' => 'PHPSESSID=frqtmdmr2v84bikiv3pvfkjj1g',
)
[ info ] [ PARAM ] array (
)
[ info ] [ SESSION ] INIT array (
  'id' => '',
  'var_session_id' => '',
  'prefix' => 'think',
  'type' => '',
  'auto_start' => true,
)
[ info ] [ RUN ] app\admin\controller\Index->StatisticsCenter[ /Users/xinjiashuodemac/workspace/my/frame/application/admin/controller/Index.php ]
[ info ] [ LOG ] INIT File
[ error ] [0]模板文件不存在:/Users/xinjiashuodemac/workspace/my/frame/public/../application/admin/view/index/statistics_center.html[/Users/xinjiashuodemac/workspace/my/frame/thinkphp/library/think/view/driver/Think.php:82]
---------------------------------------------------------------
[ 2019-06-02T11:06:39+08:00 ] 0.0.0.0 GET www.frame.com:8888/admin
[运行时间：0.042400s] [吞吐率：23.58req/s] [内存消耗：2,572.50kb] [文件加载：49]
[ info ] [ LANG ] /Users/xinjiashuodemac/workspace/my/frame/thinkphp/lang/zh-cn.php
[ info ] [ ROUTE ] array (
  'type' => 'module',
  'module' => 
  array (
    0 => 'admin',
    1 => NULL,
    2 => NULL,
  ),
)
[ info ] [ HEADER ] array (
  'host' => 'www.frame.com:8888',
  'connection' => 'keep-alive',
  'cache-control' => 'max-age=0',
  'upgrade-insecure-requests' => '1',
  'user-agent' => 'Mozilla/5.0 (Macintosh; Intel Mac OS X 10_14_3) AppleWebKit/537.36 (KHTML, like Gecko) Chrome/74.0.3729.169 Safari/537.36',
  'accept' => 'text/html,application/xhtml+xml,application/xml;q=0.9,image/webp,image/apng,*/*;q=0.8,application/signed-exchange;v=b3',
  'accept-encoding' => 'gzip, deflate',
  'accept-language' => 'zh-CN,zh;q=0.9',
  'cookie' => 'PHPSESSID=frqtmdmr2v84bikiv3pvfkjj1g',
)
[ info ] [ PARAM ] array (
)
[ info ] [ SESSION ] INIT array (
  'id' => '',
  'var_session_id' => '',
  'prefix' => 'think',
  'type' => '',
  'auto_start' => true,
)
[ info ] [ RUN ] app\admin\controller\Index->Index[ /Users/xinjiashuodemac/workspace/my/frame/application/admin/controller/Index.php ]
[ info ] [ DB ] INIT mysql
[ info ] [ VIEW ] /Users/xinjiashuodemac/workspace/my/frame/public/../application/admin/view/index/index.html [ array (
  0 => 'adminmenu',
) ]
[ info ] [ LOG ] INIT File
[ sql ] [ DB ] CONNECT:[ UseTime:0.000450s ] mysql:host=localhost;dbname=frame;charset=utf8
[ sql ] [ SQL ] SHOW COLUMNS FROM `xin_menu` [ RunTime:0.000689s ]
[ sql ] [ SQL ] SELECT * FROM `xin_menu` WHERE  `menu_status` = 1  AND `menu_parent` = 0 ORDER BY `menu_rank` DESC LIMIT 0,100 [ RunTime:0.000416s ]
[ sql ] [ SQL ] SELECT * FROM `xin_menu` WHERE  `menu_parent` = 1  AND `menu_status` = 1 ORDER BY `menu_rank` DESC LIMIT 0,100 [ RunTime:0.000303s ]
[ sql ] [ SQL ] SELECT * FROM `xin_menu` WHERE  `menu_parent` = 5  AND `menu_status` = 1 ORDER BY `menu_rank` DESC LIMIT 0,100 [ RunTime:0.000415s ]
[ sql ] [ SQL ] SELECT * FROM `xin_menu` WHERE  `menu_parent` = 17  AND `menu_status` = 1 ORDER BY `menu_rank` DESC LIMIT 0,100 [ RunTime:0.000337s ]
---------------------------------------------------------------
[ 2019-06-02T11:06:39+08:00 ] 0.0.0.0 GET www.frame.com:8888/admin/index/welcome.html
[运行时间：0.026761s] [吞吐率：37.37req/s] [内存消耗：1,641.63kb] [文件加载：40]
[ info ] [ LANG ] /Users/xinjiashuodemac/workspace/my/frame/thinkphp/lang/zh-cn.php
[ info ] [ ROUTE ] array (
  'type' => 'module',
  'module' => 
  array (
    0 => 'admin',
    1 => 'index',
    2 => 'welcome',
  ),
)
[ info ] [ HEADER ] array (
  'host' => 'www.frame.com:8888',
  'connection' => 'keep-alive',
  'upgrade-insecure-requests' => '1',
  'user-agent' => 'Mozilla/5.0 (Macintosh; Intel Mac OS X 10_14_3) AppleWebKit/537.36 (KHTML, like Gecko) Chrome/74.0.3729.169 Safari/537.36',
  'accept' => 'text/html,application/xhtml+xml,application/xml;q=0.9,image/webp,image/apng,*/*;q=0.8,application/signed-exchange;v=b3',
  'referer' => 'http://www.frame.com:8888/admin',
  'accept-encoding' => 'gzip, deflate',
  'accept-language' => 'zh-CN,zh;q=0.9',
  'cookie' => 'PHPSESSID=frqtmdmr2v84bikiv3pvfkjj1g',
)
[ info ] [ PARAM ] array (
)
[ info ] [ SESSION ] INIT array (
  'id' => '',
  'var_session_id' => '',
  'prefix' => 'think',
  'type' => '',
  'auto_start' => true,
)
[ info ] [ RUN ] app\admin\controller\Index->Welcome[ /Users/xinjiashuodemac/workspace/my/frame/application/admin/controller/Index.php ]
[ info ] [ VIEW ] /Users/xinjiashuodemac/workspace/my/frame/public/../application/admin/view/index/welcome.html [ array (
  0 => 'Greetings',
) ]
[ info ] [ LOG ] INIT File
---------------------------------------------------------------
[ 2019-06-02T11:06:41+08:00 ] 0.0.0.0 GET www.frame.com:8888/admin/index/statisticscenter.html
[运行时间：0.026247s] [吞吐率：38.10req/s] [内存消耗：1,880.15kb] [文件加载：42]
[ info ] [ LANG ] /Users/xinjiashuodemac/workspace/my/frame/thinkphp/lang/zh-cn.php
[ info ] [ ROUTE ] array (
  'type' => 'module',
  'module' => 
  array (
    0 => 'admin',
    1 => 'index',
    2 => 'statisticscenter',
  ),
)
[ info ] [ HEADER ] array (
  'host' => 'www.frame.com:8888',
  'connection' => 'keep-alive',
  'upgrade-insecure-requests' => '1',
  'user-agent' => 'Mozilla/5.0 (Macintosh; Intel Mac OS X 10_14_3) AppleWebKit/537.36 (KHTML, like Gecko) Chrome/74.0.3729.169 Safari/537.36',
  'accept' => 'text/html,application/xhtml+xml,application/xml;q=0.9,image/webp,image/apng,*/*;q=0.8,application/signed-exchange;v=b3',
  'referer' => 'http://www.frame.com:8888/admin',
  'accept-encoding' => 'gzip, deflate',
  'accept-language' => 'zh-CN,zh;q=0.9',
  'cookie' => 'PHPSESSID=frqtmdmr2v84bikiv3pvfkjj1g',
)
[ info ] [ PARAM ] array (
)
[ info ] [ SESSION ] INIT array (
  'id' => '',
  'var_session_id' => '',
  'prefix' => 'think',
  'type' => '',
  'auto_start' => true,
)
[ info ] [ RUN ] app\admin\controller\Index->StatisticsCenter[ /Users/xinjiashuodemac/workspace/my/frame/application/admin/controller/Index.php ]
[ info ] [ VIEW ] /Users/xinjiashuodemac/workspace/my/frame/public/../application/admin/view/index/statistics_center.html [ array (
) ]
[ info ] [ LOG ] INIT File
---------------------------------------------------------------
[ 2019-06-02T11:06:50+08:00 ] 0.0.0.0 GET www.frame.com:8888/admin/index/datacenter.html
[运行时间：0.026239s] [吞吐率：38.11req/s] [内存消耗：1,656.02kb] [文件加载：40]
[ info ] [ LANG ] /Users/xinjiashuodemac/workspace/my/frame/thinkphp/lang/zh-cn.php
[ info ] [ ROUTE ] array (
  'type' => 'module',
  'module' => 
  array (
    0 => 'admin',
    1 => 'index',
    2 => 'datacenter',
  ),
)
[ info ] [ HEADER ] array (
  'host' => 'www.frame.com:8888',
  'connection' => 'keep-alive',
  'upgrade-insecure-requests' => '1',
  'user-agent' => 'Mozilla/5.0 (Macintosh; Intel Mac OS X 10_14_3) AppleWebKit/537.36 (KHTML, like Gecko) Chrome/74.0.3729.169 Safari/537.36',
  'accept' => 'text/html,application/xhtml+xml,application/xml;q=0.9,image/webp,image/apng,*/*;q=0.8,application/signed-exchange;v=b3',
  'referer' => 'http://www.frame.com:8888/admin',
  'accept-encoding' => 'gzip, deflate',
  'accept-language' => 'zh-CN,zh;q=0.9',
  'cookie' => 'PHPSESSID=frqtmdmr2v84bikiv3pvfkjj1g',
)
[ info ] [ PARAM ] array (
)
[ info ] [ SESSION ] INIT array (
  'id' => '',
  'var_session_id' => '',
  'prefix' => 'think',
  'type' => '',
  'auto_start' => true,
)
[ info ] [ RUN ] app\admin\controller\Index->DataCenter[ /Users/xinjiashuodemac/workspace/my/frame/application/admin/controller/Index.php ]
[ info ] [ VIEW ] /Users/xinjiashuodemac/workspace/my/frame/public/../application/admin/view/index/data_center.html [ array (
) ]
[ info ] [ LOG ] INIT File
---------------------------------------------------------------
[ 2019-06-02T11:06:50+08:00 ] 0.0.0.0 GET www.frame.com:8888/static/admin/json/console/prograss.js?page=1&limit=10
[运行时间：0.018269s] [吞吐率：54.74req/s] [内存消耗：1,043.38kb] [文件加载：28]
[ info ] [ LANG ] /Users/xinjiashuodemac/workspace/my/frame/thinkphp/lang/zh-cn.php
[ info ] [ ROUTE ] array (
  'type' => 'module',
  'module' => 
  array (
    0 => 'static',
    1 => 'admin',
    2 => 'json',
  ),
)
[ info ] [ HEADER ] array (
  'host' => 'www.frame.com:8888',
  'connection' => 'keep-alive',
  'accept' => 'application/json, text/javascript, */*; q=0.01',
  'x-requested-with' => 'XMLHttpRequest',
  'user-agent' => 'Mozilla/5.0 (Macintosh; Intel Mac OS X 10_14_3) AppleWebKit/537.36 (KHTML, like Gecko) Chrome/74.0.3729.169 Safari/537.36',
  'referer' => 'http://www.frame.com:8888/admin/index/datacenter.html',
  'accept-encoding' => 'gzip, deflate',
  'accept-language' => 'zh-CN,zh;q=0.9',
  'cookie' => 'PHPSESSID=frqtmdmr2v84bikiv3pvfkjj1g',
)
[ info ] [ PARAM ] array (
  'page' => '1',
  'limit' => '10',
  'console' => 'prograss.js',
)
[ info ] [ LOG ] INIT File
---------------------------------------------------------------
[ 2019-06-02T11:06:58+08:00 ] 0.0.0.0 GET www.frame.com:8888/admin/index/controlcenter.html
[运行时间：0.026891s] [吞吐率：37.19req/s] [内存消耗：1,710.13kb] [文件加载：41]
[ info ] [ LANG ] /Users/xinjiashuodemac/workspace/my/frame/thinkphp/lang/zh-cn.php
[ info ] [ ROUTE ] array (
  'type' => 'module',
  'module' => 
  array (
    0 => 'admin',
    1 => 'index',
    2 => 'controlcenter',
  ),
)
[ info ] [ HEADER ] array (
  'host' => 'www.frame.com:8888',
  'connection' => 'keep-alive',
  'upgrade-insecure-requests' => '1',
  'user-agent' => 'Mozilla/5.0 (Macintosh; Intel Mac OS X 10_14_3) AppleWebKit/537.36 (KHTML, like Gecko) Chrome/74.0.3729.169 Safari/537.36',
  'accept' => 'text/html,application/xhtml+xml,application/xml;q=0.9,image/webp,image/apng,*/*;q=0.8,application/signed-exchange;v=b3',
  'referer' => 'http://www.frame.com:8888/admin',
  'accept-encoding' => 'gzip, deflate',
  'accept-language' => 'zh-CN,zh;q=0.9',
  'cookie' => 'PHPSESSID=frqtmdmr2v84bikiv3pvfkjj1g',
)
[ info ] [ PARAM ] array (
)
[ info ] [ SESSION ] INIT array (
  'id' => '',
  'var_session_id' => '',
  'prefix' => 'think',
  'type' => '',
  'auto_start' => true,
)
[ info ] [ RUN ] app\admin\controller\Index->ControlCenter[ /Users/xinjiashuodemac/workspace/my/frame/application/admin/controller/Index.php ]
[ info ] [ VIEW ] /Users/xinjiashuodemac/workspace/my/frame/public/../application/admin/view/index/control_center.html [ array (
) ]
[ info ] [ LOG ] INIT File
---------------------------------------------------------------
[ 2019-06-02T11:06:58+08:00 ] 0.0.0.0 GET www.frame.com:8888/static/admin/json/console/top-search.js?page=1&limit=10
[运行时间：0.017809s] [吞吐率：56.15req/s] [内存消耗：1,043.52kb] [文件加载：28]
[ info ] [ LANG ] /Users/xinjiashuodemac/workspace/my/frame/thinkphp/lang/zh-cn.php
[ info ] [ ROUTE ] array (
  'type' => 'module',
  'module' => 
  array (
    0 => 'static',
    1 => 'admin',
    2 => 'json',
  ),
)
[ info ] [ HEADER ] array (
  'host' => 'www.frame.com:8888',
  'connection' => 'keep-alive',
  'accept' => 'application/json, text/javascript, */*; q=0.01',
  'x-requested-with' => 'XMLHttpRequest',
  'user-agent' => 'Mozilla/5.0 (Macintosh; Intel Mac OS X 10_14_3) AppleWebKit/537.36 (KHTML, like Gecko) Chrome/74.0.3729.169 Safari/537.36',
  'referer' => 'http://www.frame.com:8888/admin/index/controlcenter.html',
  'accept-encoding' => 'gzip, deflate',
  'accept-language' => 'zh-CN,zh;q=0.9',
  'cookie' => 'PHPSESSID=frqtmdmr2v84bikiv3pvfkjj1g',
)
[ info ] [ PARAM ] array (
  'page' => '1',
  'limit' => '10',
  'console' => 'top-search.js',
)
[ info ] [ LOG ] INIT File
---------------------------------------------------------------
[ 2019-06-02T11:06:58+08:00 ] 0.0.0.0 GET www.frame.com:8888/static/admin/json/console/top-card.js?page=1&limit=10
[运行时间：0.021647s] [吞吐率：46.20req/s] [内存消耗：1,043.42kb] [文件加载：28]
[ info ] [ LANG ] /Users/xinjiashuodemac/workspace/my/frame/thinkphp/lang/zh-cn.php
[ info ] [ ROUTE ] array (
  'type' => 'module',
  'module' => 
  array (
    0 => 'static',
    1 => 'admin',
    2 => 'json',
  ),
)
[ info ] [ HEADER ] array (
  'host' => 'www.frame.com:8888',
  'connection' => 'keep-alive',
  'accept' => 'application/json, text/javascript, */*; q=0.01',
  'x-requested-with' => 'XMLHttpRequest',
  'user-agent' => 'Mozilla/5.0 (Macintosh; Intel Mac OS X 10_14_3) AppleWebKit/537.36 (KHTML, like Gecko) Chrome/74.0.3729.169 Safari/537.36',
  'referer' => 'http://www.frame.com:8888/admin/index/controlcenter.html',
  'accept-encoding' => 'gzip, deflate',
  'accept-language' => 'zh-CN,zh;q=0.9',
  'cookie' => 'PHPSESSID=frqtmdmr2v84bikiv3pvfkjj1g',
)
[ info ] [ PARAM ] array (
  'page' => '1',
  'limit' => '10',
  'console' => 'top-card.js',
)
[ info ] [ LOG ] INIT File
---------------------------------------------------------------
[ 2019-06-02T11:07:48+08:00 ] 0.0.0.0 GET www.frame.com:8888/admin/login/login
[运行时间：0.040590s] [吞吐率：24.64req/s] [内存消耗：2,600.13kb] [文件加载：49]
[ info ] [ LANG ] /Users/xinjiashuodemac/workspace/my/frame/thinkphp/lang/zh-cn.php
[ info ] [ ROUTE ] array (
  'type' => 'module',
  'module' => 
  array (
    0 => 'admin',
    1 => 'login',
    2 => 'login',
  ),
)
[ info ] [ HEADER ] array (
  'host' => 'www.frame.com:8888',
  'connection' => 'keep-alive',
  'upgrade-insecure-requests' => '1',
  'user-agent' => 'Mozilla/5.0 (Macintosh; Intel Mac OS X 10_14_3) AppleWebKit/537.36 (KHTML, like Gecko) Chrome/74.0.3729.169 Safari/537.36',
  'accept' => 'text/html,application/xhtml+xml,application/xml;q=0.9,image/webp,image/apng,*/*;q=0.8,application/signed-exchange;v=b3',
  'accept-encoding' => 'gzip, deflate',
  'accept-language' => 'zh-CN,zh;q=0.9',
  'cookie' => 'PHPSESSID=frqtmdmr2v84bikiv3pvfkjj1g',
)
[ info ] [ PARAM ] array (
)
[ info ] [ SESSION ] INIT array (
  'id' => '',
  'var_session_id' => '',
  'prefix' => 'think',
  'type' => '',
  'auto_start' => true,
)
[ info ] [ DB ] INIT mysql
[ info ] [ RUN ] app\admin\controller\Login->login[ /Users/xinjiashuodemac/workspace/my/frame/application/admin/controller/Login.php ]
[ info ] [ VIEW ] /Users/xinjiashuodemac/workspace/my/frame/public/../application/admin/view/login/login.html [ array (
) ]
[ info ] [ LOG ] INIT File
---------------------------------------------------------------
[ 2019-06-02T11:07:57+08:00 ] 0.0.0.0 GET www.frame.com:8888/admin/login/www.frame.xin
[运行时间：0.036068s] [吞吐率：27.73req/s] [内存消耗：2,426.88kb] [文件加载：47]
[ info ] [ LANG ] /Users/xinjiashuodemac/workspace/my/frame/thinkphp/lang/zh-cn.php
[ info ] [ ROUTE ] array (
  'type' => 'module',
  'module' => 
  array (
    0 => 'admin',
    1 => 'login',
    2 => 'www.frame.xin',
  ),
)
[ info ] [ HEADER ] array (
  'host' => 'www.frame.com:8888',
  'connection' => 'keep-alive',
  'upgrade-insecure-requests' => '1',
  'user-agent' => 'Mozilla/5.0 (Macintosh; Intel Mac OS X 10_14_3) AppleWebKit/537.36 (KHTML, like Gecko) Chrome/74.0.3729.169 Safari/537.36',
  'accept' => 'text/html,application/xhtml+xml,application/xml;q=0.9,image/webp,image/apng,*/*;q=0.8,application/signed-exchange;v=b3',
  'referer' => 'http://www.frame.com:8888/admin/login/login',
  'accept-encoding' => 'gzip, deflate',
  'accept-language' => 'zh-CN,zh;q=0.9',
  'cookie' => 'PHPSESSID=frqtmdmr2v84bikiv3pvfkjj1g',
)
[ info ] [ PARAM ] array (
)
[ info ] [ SESSION ] INIT array (
  'id' => '',
  'var_session_id' => '',
  'prefix' => 'think',
  'type' => '',
  'auto_start' => true,
)
[ info ] [ DB ] INIT mysql
[ info ] [ LOG ] INIT File
---------------------------------------------------------------
[ 2019-06-02T11:08:42+08:00 ] 0.0.0.0 GET www.frame.com:8888/admin/login/login
[运行时间：0.038221s] [吞吐率：26.16req/s] [内存消耗：2,451.70kb] [文件加载：47]
[ info ] [ LANG ] /Users/xinjiashuodemac/workspace/my/frame/thinkphp/lang/zh-cn.php
[ info ] [ ROUTE ] array (
  'type' => 'module',
  'module' => 
  array (
    0 => 'admin',
    1 => 'login',
    2 => 'login',
  ),
)
[ info ] [ HEADER ] array (
  'host' => 'www.frame.com:8888',
  'connection' => 'keep-alive',
  'upgrade-insecure-requests' => '1',
  'user-agent' => 'Mozilla/5.0 (Macintosh; Intel Mac OS X 10_14_3) AppleWebKit/537.36 (KHTML, like Gecko) Chrome/74.0.3729.169 Safari/537.36',
  'accept' => 'text/html,application/xhtml+xml,application/xml;q=0.9,image/webp,image/apng,*/*;q=0.8,application/signed-exchange;v=b3',
  'accept-encoding' => 'gzip, deflate',
  'accept-language' => 'zh-CN,zh;q=0.9',
  'cookie' => 'PHPSESSID=frqtmdmr2v84bikiv3pvfkjj1g',
)
[ info ] [ PARAM ] array (
)
[ info ] [ SESSION ] INIT array (
  'id' => '',
  'var_session_id' => '',
  'prefix' => 'think',
  'type' => '',
  'auto_start' => true,
)
[ info ] [ DB ] INIT mysql
[ info ] [ RUN ] app\admin\controller\Login->login[ /Users/xinjiashuodemac/workspace/my/frame/application/admin/controller/Login.php ]
[ info ] [ VIEW ] /Users/xinjiashuodemac/workspace/my/frame/public/../application/admin/view/login/login.html [ array (
) ]
[ info ] [ LOG ] INIT File
---------------------------------------------------------------
[ 2019-06-02T11:09:10+08:00 ] 0.0.0.0 GET www.frame.com:8888/admin/login/login
[运行时间：0.041033s] [吞吐率：24.37req/s] [内存消耗：2,600.98kb] [文件加载：49]
[ info ] [ LANG ] /Users/xinjiashuodemac/workspace/my/frame/thinkphp/lang/zh-cn.php
[ info ] [ ROUTE ] array (
  'type' => 'module',
  'module' => 
  array (
    0 => 'admin',
    1 => 'login',
    2 => 'login',
  ),
)
[ info ] [ HEADER ] array (
  'host' => 'www.frame.com:8888',
  'connection' => 'keep-alive',
  'cache-control' => 'max-age=0',
  'upgrade-insecure-requests' => '1',
  'user-agent' => 'Mozilla/5.0 (Macintosh; Intel Mac OS X 10_14_3) AppleWebKit/537.36 (KHTML, like Gecko) Chrome/74.0.3729.169 Safari/537.36',
  'accept' => 'text/html,application/xhtml+xml,application/xml;q=0.9,image/webp,image/apng,*/*;q=0.8,application/signed-exchange;v=b3',
  'accept-encoding' => 'gzip, deflate',
  'accept-language' => 'zh-CN,zh;q=0.9',
  'cookie' => 'PHPSESSID=frqtmdmr2v84bikiv3pvfkjj1g',
)
[ info ] [ PARAM ] array (
)
[ info ] [ SESSION ] INIT array (
  'id' => '',
  'var_session_id' => '',
  'prefix' => 'think',
  'type' => '',
  'auto_start' => true,
)
[ info ] [ DB ] INIT mysql
[ info ] [ RUN ] app\admin\controller\Login->login[ /Users/xinjiashuodemac/workspace/my/frame/application/admin/controller/Login.php ]
[ info ] [ VIEW ] /Users/xinjiashuodemac/workspace/my/frame/public/../application/admin/view/login/login.html [ array (
) ]
[ info ] [ LOG ] INIT File
---------------------------------------------------------------
[ 2019-06-02T11:10:17+08:00 ] 0.0.0.0 GET www.frame.com:8888/admin/login/login
[运行时间：0.033599s] [吞吐率：29.76req/s] [内存消耗：2,452.55kb] [文件加载：47]
[ info ] [ LANG ] /Users/xinjiashuodemac/workspace/my/frame/thinkphp/lang/zh-cn.php
[ info ] [ ROUTE ] array (
  'type' => 'module',
  'module' => 
  array (
    0 => 'admin',
    1 => 'login',
    2 => 'login',
  ),
)
[ info ] [ HEADER ] array (
  'host' => 'www.frame.com:8888',
  'connection' => 'keep-alive',
  'cache-control' => 'max-age=0',
  'upgrade-insecure-requests' => '1',
  'user-agent' => 'Mozilla/5.0 (Macintosh; Intel Mac OS X 10_14_3) AppleWebKit/537.36 (KHTML, like Gecko) Chrome/74.0.3729.169 Safari/537.36',
  'accept' => 'text/html,application/xhtml+xml,application/xml;q=0.9,image/webp,image/apng,*/*;q=0.8,application/signed-exchange;v=b3',
  'accept-encoding' => 'gzip, deflate',
  'accept-language' => 'zh-CN,zh;q=0.9',
  'cookie' => 'PHPSESSID=frqtmdmr2v84bikiv3pvfkjj1g',
)
[ info ] [ PARAM ] array (
)
[ info ] [ SESSION ] INIT array (
  'id' => '',
  'var_session_id' => '',
  'prefix' => 'think',
  'type' => '',
  'auto_start' => true,
)
[ info ] [ DB ] INIT mysql
[ info ] [ RUN ] app\admin\controller\Login->login[ /Users/xinjiashuodemac/workspace/my/frame/application/admin/controller/Login.php ]
[ info ] [ VIEW ] /Users/xinjiashuodemac/workspace/my/frame/public/../application/admin/view/login/login.html [ array (
) ]
[ info ] [ LOG ] INIT File
---------------------------------------------------------------
[ 2019-06-02T11:10:19+08:00 ] 0.0.0.0 GET www.frame.com:8888/admin/login/login
[运行时间：0.035166s] [吞吐率：28.44req/s] [内存消耗：2,452.55kb] [文件加载：47]
[ info ] [ LANG ] /Users/xinjiashuodemac/workspace/my/frame/thinkphp/lang/zh-cn.php
[ info ] [ ROUTE ] array (
  'type' => 'module',
  'module' => 
  array (
    0 => 'admin',
    1 => 'login',
    2 => 'login',
  ),
)
[ info ] [ HEADER ] array (
  'host' => 'www.frame.com:8888',
  'connection' => 'keep-alive',
  'cache-control' => 'max-age=0',
  'upgrade-insecure-requests' => '1',
  'user-agent' => 'Mozilla/5.0 (Macintosh; Intel Mac OS X 10_14_3) AppleWebKit/537.36 (KHTML, like Gecko) Chrome/74.0.3729.169 Safari/537.36',
  'accept' => 'text/html,application/xhtml+xml,application/xml;q=0.9,image/webp,image/apng,*/*;q=0.8,application/signed-exchange;v=b3',
  'accept-encoding' => 'gzip, deflate',
  'accept-language' => 'zh-CN,zh;q=0.9',
  'cookie' => 'PHPSESSID=frqtmdmr2v84bikiv3pvfkjj1g',
)
[ info ] [ PARAM ] array (
)
[ info ] [ SESSION ] INIT array (
  'id' => '',
  'var_session_id' => '',
  'prefix' => 'think',
  'type' => '',
  'auto_start' => true,
)
[ info ] [ DB ] INIT mysql
[ info ] [ RUN ] app\admin\controller\Login->login[ /Users/xinjiashuodemac/workspace/my/frame/application/admin/controller/Login.php ]
[ info ] [ VIEW ] /Users/xinjiashuodemac/workspace/my/frame/public/../application/admin/view/login/login.html [ array (
) ]
[ info ] [ LOG ] INIT File
---------------------------------------------------------------
[ 2019-06-02T11:10:19+08:00 ] 0.0.0.0 GET www.frame.com:8888/admin/login/login
[运行时间：0.034191s] [吞吐率：29.25req/s] [内存消耗：2,452.55kb] [文件加载：47]
[ info ] [ LANG ] /Users/xinjiashuodemac/workspace/my/frame/thinkphp/lang/zh-cn.php
[ info ] [ ROUTE ] array (
  'type' => 'module',
  'module' => 
  array (
    0 => 'admin',
    1 => 'login',
    2 => 'login',
  ),
)
[ info ] [ HEADER ] array (
  'host' => 'www.frame.com:8888',
  'connection' => 'keep-alive',
  'cache-control' => 'max-age=0',
  'upgrade-insecure-requests' => '1',
  'user-agent' => 'Mozilla/5.0 (Macintosh; Intel Mac OS X 10_14_3) AppleWebKit/537.36 (KHTML, like Gecko) Chrome/74.0.3729.169 Safari/537.36',
  'accept' => 'text/html,application/xhtml+xml,application/xml;q=0.9,image/webp,image/apng,*/*;q=0.8,application/signed-exchange;v=b3',
  'accept-encoding' => 'gzip, deflate',
  'accept-language' => 'zh-CN,zh;q=0.9',
  'cookie' => 'PHPSESSID=frqtmdmr2v84bikiv3pvfkjj1g',
)
[ info ] [ PARAM ] array (
)
[ info ] [ SESSION ] INIT array (
  'id' => '',
  'var_session_id' => '',
  'prefix' => 'think',
  'type' => '',
  'auto_start' => true,
)
[ info ] [ DB ] INIT mysql
[ info ] [ RUN ] app\admin\controller\Login->login[ /Users/xinjiashuodemac/workspace/my/frame/application/admin/controller/Login.php ]
[ info ] [ VIEW ] /Users/xinjiashuodemac/workspace/my/frame/public/../application/admin/view/login/login.html [ array (
) ]
[ info ] [ LOG ] INIT File
---------------------------------------------------------------
[ 2019-06-02T11:11:16+08:00 ] 0.0.0.0 GET www.frame.com:8888/admin/login/login
[运行时间：0.027113s] [吞吐率：36.88req/s] [内存消耗：1,314.84kb] [文件加载：38]
[ info ] [ LANG ] /Users/xinjiashuodemac/workspace/my/frame/thinkphp/lang/zh-cn.php
[ info ] [ ROUTE ] array (
  'type' => 'module',
  'module' => 
  array (
    0 => 'admin',
    1 => 'login',
    2 => 'login',
  ),
)
[ info ] [ HEADER ] array (
  'host' => 'www.frame.com:8888',
  'connection' => 'keep-alive',
  'cache-control' => 'max-age=0',
  'upgrade-insecure-requests' => '1',
  'user-agent' => 'Mozilla/5.0 (Macintosh; Intel Mac OS X 10_14_3) AppleWebKit/537.36 (KHTML, like Gecko) Chrome/74.0.3729.169 Safari/537.36',
  'accept' => 'text/html,application/xhtml+xml,application/xml;q=0.9,image/webp,image/apng,*/*;q=0.8,application/signed-exchange;v=b3',
  'accept-encoding' => 'gzip, deflate',
  'accept-language' => 'zh-CN,zh;q=0.9',
  'cookie' => 'PHPSESSID=frqtmdmr2v84bikiv3pvfkjj1g',
)
[ info ] [ PARAM ] array (
)
[ info ] [ LOG ] INIT File
[ error ] [0]类型错误: Too few arguments to function think\Session::delete(), 0 passed in /Users/xinjiashuodemac/workspace/my/frame/application/admin/controller/Base.php on line 19 and at least 1 expected[/Users/xinjiashuodemac/workspace/my/frame/thinkphp/library/think/Session.php:247]
---------------------------------------------------------------
[ 2019-06-02T11:11:50+08:00 ] 0.0.0.0 GET www.frame.com:8888/admin/login/login
[运行时间：0.042641s] [吞吐率：23.45req/s] [内存消耗：2,600.94kb] [文件加载：49]
[ info ] [ LANG ] /Users/xinjiashuodemac/workspace/my/frame/thinkphp/lang/zh-cn.php
[ info ] [ ROUTE ] array (
  'type' => 'module',
  'module' => 
  array (
    0 => 'admin',
    1 => 'login',
    2 => 'login',
  ),
)
[ info ] [ HEADER ] array (
  'host' => 'www.frame.com:8888',
  'connection' => 'keep-alive',
  'cache-control' => 'max-age=0',
  'upgrade-insecure-requests' => '1',
  'user-agent' => 'Mozilla/5.0 (Macintosh; Intel Mac OS X 10_14_3) AppleWebKit/537.36 (KHTML, like Gecko) Chrome/74.0.3729.169 Safari/537.36',
  'accept' => 'text/html,application/xhtml+xml,application/xml;q=0.9,image/webp,image/apng,*/*;q=0.8,application/signed-exchange;v=b3',
  'accept-encoding' => 'gzip, deflate',
  'accept-language' => 'zh-CN,zh;q=0.9',
  'cookie' => 'PHPSESSID=frqtmdmr2v84bikiv3pvfkjj1g',
)
[ info ] [ PARAM ] array (
)
[ info ] [ SESSION ] INIT array (
  'id' => '',
  'var_session_id' => '',
  'prefix' => 'think',
  'type' => '',
  'auto_start' => true,
)
[ info ] [ DB ] INIT mysql
[ info ] [ RUN ] app\admin\controller\Login->login[ /Users/xinjiashuodemac/workspace/my/frame/application/admin/controller/Login.php ]
[ info ] [ VIEW ] /Users/xinjiashuodemac/workspace/my/frame/public/../application/admin/view/login/login.html [ array (
) ]
[ info ] [ LOG ] INIT File
---------------------------------------------------------------
[ 2019-06-02T11:11:52+08:00 ] 0.0.0.0 GET www.frame.com:8888/admin/login/reg.html
[运行时间：0.036926s] [吞吐率：27.08req/s] [内存消耗：2,426.78kb] [文件加载：47]
[ info ] [ LANG ] /Users/xinjiashuodemac/workspace/my/frame/thinkphp/lang/zh-cn.php
[ info ] [ ROUTE ] array (
  'type' => 'module',
  'module' => 
  array (
    0 => 'admin',
    1 => 'login',
    2 => 'reg',
  ),
)
[ info ] [ HEADER ] array (
  'host' => 'www.frame.com:8888',
  'connection' => 'keep-alive',
  'upgrade-insecure-requests' => '1',
  'user-agent' => 'Mozilla/5.0 (Macintosh; Intel Mac OS X 10_14_3) AppleWebKit/537.36 (KHTML, like Gecko) Chrome/74.0.3729.169 Safari/537.36',
  'accept' => 'text/html,application/xhtml+xml,application/xml;q=0.9,image/webp,image/apng,*/*;q=0.8,application/signed-exchange;v=b3',
  'referer' => 'http://www.frame.com:8888/admin/login/login',
  'accept-encoding' => 'gzip, deflate',
  'accept-language' => 'zh-CN,zh;q=0.9',
  'cookie' => 'PHPSESSID=frqtmdmr2v84bikiv3pvfkjj1g',
)
[ info ] [ PARAM ] array (
)
[ info ] [ SESSION ] INIT array (
  'id' => '',
  'var_session_id' => '',
  'prefix' => 'think',
  'type' => '',
  'auto_start' => true,
)
[ info ] [ DB ] INIT mysql
[ info ] [ LOG ] INIT File
---------------------------------------------------------------
[ 2019-06-02T11:11:54+08:00 ] 0.0.0.0 GET www.frame.com:8888/admin/login/login
[运行时间：0.034458s] [吞吐率：29.02req/s] [内存消耗：2,451.70kb] [文件加载：47]
[ info ] [ LANG ] /Users/xinjiashuodemac/workspace/my/frame/thinkphp/lang/zh-cn.php
[ info ] [ ROUTE ] array (
  'type' => 'module',
  'module' => 
  array (
    0 => 'admin',
    1 => 'login',
    2 => 'login',
  ),
)
[ info ] [ HEADER ] array (
  'host' => 'www.frame.com:8888',
  'connection' => 'keep-alive',
  'upgrade-insecure-requests' => '1',
  'user-agent' => 'Mozilla/5.0 (Macintosh; Intel Mac OS X 10_14_3) AppleWebKit/537.36 (KHTML, like Gecko) Chrome/74.0.3729.169 Safari/537.36',
  'accept' => 'text/html,application/xhtml+xml,application/xml;q=0.9,image/webp,image/apng,*/*;q=0.8,application/signed-exchange;v=b3',
  'accept-encoding' => 'gzip, deflate',
  'accept-language' => 'zh-CN,zh;q=0.9',
  'cookie' => 'PHPSESSID=frqtmdmr2v84bikiv3pvfkjj1g',
)
[ info ] [ PARAM ] array (
)
[ info ] [ SESSION ] INIT array (
  'id' => '',
  'var_session_id' => '',
  'prefix' => 'think',
  'type' => '',
  'auto_start' => true,
)
[ info ] [ DB ] INIT mysql
[ info ] [ RUN ] app\admin\controller\Login->login[ /Users/xinjiashuodemac/workspace/my/frame/application/admin/controller/Login.php ]
[ info ] [ VIEW ] /Users/xinjiashuodemac/workspace/my/frame/public/../application/admin/view/login/login.html [ array (
) ]
[ info ] [ LOG ] INIT File
---------------------------------------------------------------
[ 2019-06-02T11:13:10+08:00 ] 0.0.0.0 GET www.frame.com:8888/admin/login/login
[运行时间：0.035598s] [吞吐率：28.09req/s] [内存消耗：2,453.03kb] [文件加载：47]
[ info ] [ LANG ] /Users/xinjiashuodemac/workspace/my/frame/thinkphp/lang/zh-cn.php
[ info ] [ ROUTE ] array (
  'type' => 'module',
  'module' => 
  array (
    0 => 'admin',
    1 => 'login',
    2 => 'login',
  ),
)
[ info ] [ HEADER ] array (
  'host' => 'www.frame.com:8888',
  'connection' => 'keep-alive',
  'cache-control' => 'max-age=0',
  'upgrade-insecure-requests' => '1',
  'user-agent' => 'Mozilla/5.0 (Macintosh; Intel Mac OS X 10_14_3) AppleWebKit/537.36 (KHTML, like Gecko) Chrome/74.0.3729.169 Safari/537.36',
  'accept' => 'text/html,application/xhtml+xml,application/xml;q=0.9,image/webp,image/apng,*/*;q=0.8,application/signed-exchange;v=b3',
  'accept-encoding' => 'gzip, deflate',
  'accept-language' => 'zh-CN,zh;q=0.9',
  'cookie' => 'PHPSESSID=frqtmdmr2v84bikiv3pvfkjj1g',
)
[ info ] [ PARAM ] array (
)
[ info ] [ SESSION ] INIT array (
  'id' => '',
  'var_session_id' => '',
  'prefix' => 'think',
  'type' => '',
  'auto_start' => true,
)
[ info ] [ DB ] INIT mysql
[ info ] [ RUN ] app\admin\controller\Login->login[ /Users/xinjiashuodemac/workspace/my/frame/application/admin/controller/Login.php ]
[ info ] [ VIEW ] /Users/xinjiashuodemac/workspace/my/frame/public/../application/admin/view/login/login.html [ array (
) ]
[ info ] [ LOG ] INIT File
---------------------------------------------------------------
[ 2019-06-02T11:13:12+08:00 ] 0.0.0.0 GET www.frame.com:8888/admin/login/reg.html
[运行时间：0.035307s] [吞吐率：28.32req/s] [内存消耗：2,427.30kb] [文件加载：47]
[ info ] [ LANG ] /Users/xinjiashuodemac/workspace/my/frame/thinkphp/lang/zh-cn.php
[ info ] [ ROUTE ] array (
  'type' => 'module',
  'module' => 
  array (
    0 => 'admin',
    1 => 'login',
    2 => 'reg',
  ),
)
[ info ] [ HEADER ] array (
  'host' => 'www.frame.com:8888',
  'connection' => 'keep-alive',
  'upgrade-insecure-requests' => '1',
  'user-agent' => 'Mozilla/5.0 (Macintosh; Intel Mac OS X 10_14_3) AppleWebKit/537.36 (KHTML, like Gecko) Chrome/74.0.3729.169 Safari/537.36',
  'accept' => 'text/html,application/xhtml+xml,application/xml;q=0.9,image/webp,image/apng,*/*;q=0.8,application/signed-exchange;v=b3',
  'referer' => 'http://www.frame.com:8888/admin/login/login',
  'accept-encoding' => 'gzip, deflate',
  'accept-language' => 'zh-CN,zh;q=0.9',
  'cookie' => 'PHPSESSID=frqtmdmr2v84bikiv3pvfkjj1g',
)
[ info ] [ PARAM ] array (
)
[ info ] [ SESSION ] INIT array (
  'id' => '',
  'var_session_id' => '',
  'prefix' => 'think',
  'type' => '',
  'auto_start' => true,
)
[ info ] [ DB ] INIT mysql
[ info ] [ LOG ] INIT File
---------------------------------------------------------------
[ 2019-06-02T11:13:13+08:00 ] 0.0.0.0 GET www.frame.com:8888/admin/login/login
[运行时间：0.034788s] [吞吐率：28.75req/s] [内存消耗：2,452.22kb] [文件加载：47]
[ info ] [ LANG ] /Users/xinjiashuodemac/workspace/my/frame/thinkphp/lang/zh-cn.php
[ info ] [ ROUTE ] array (
  'type' => 'module',
  'module' => 
  array (
    0 => 'admin',
    1 => 'login',
    2 => 'login',
  ),
)
[ info ] [ HEADER ] array (
  'host' => 'www.frame.com:8888',
  'connection' => 'keep-alive',
  'upgrade-insecure-requests' => '1',
  'user-agent' => 'Mozilla/5.0 (Macintosh; Intel Mac OS X 10_14_3) AppleWebKit/537.36 (KHTML, like Gecko) Chrome/74.0.3729.169 Safari/537.36',
  'accept' => 'text/html,application/xhtml+xml,application/xml;q=0.9,image/webp,image/apng,*/*;q=0.8,application/signed-exchange;v=b3',
  'accept-encoding' => 'gzip, deflate',
  'accept-language' => 'zh-CN,zh;q=0.9',
  'cookie' => 'PHPSESSID=frqtmdmr2v84bikiv3pvfkjj1g',
)
[ info ] [ PARAM ] array (
)
[ info ] [ SESSION ] INIT array (
  'id' => '',
  'var_session_id' => '',
  'prefix' => 'think',
  'type' => '',
  'auto_start' => true,
)
[ info ] [ DB ] INIT mysql
[ info ] [ RUN ] app\admin\controller\Login->login[ /Users/xinjiashuodemac/workspace/my/frame/application/admin/controller/Login.php ]
[ info ] [ VIEW ] /Users/xinjiashuodemac/workspace/my/frame/public/../application/admin/view/login/login.html [ array (
) ]
[ info ] [ LOG ] INIT File
---------------------------------------------------------------
[ 2019-06-02T11:13:49+08:00 ] 0.0.0.0 GET www.frame.com:8888/admin/login/login
[运行时间：0.040465s] [吞吐率：24.71req/s] [内存消耗：2,601.80kb] [文件加载：49]
[ info ] [ LANG ] /Users/xinjiashuodemac/workspace/my/frame/thinkphp/lang/zh-cn.php
[ info ] [ ROUTE ] array (
  'type' => 'module',
  'module' => 
  array (
    0 => 'admin',
    1 => 'login',
    2 => 'login',
  ),
)
[ info ] [ HEADER ] array (
  'host' => 'www.frame.com:8888',
  'connection' => 'keep-alive',
  'cache-control' => 'max-age=0',
  'upgrade-insecure-requests' => '1',
  'user-agent' => 'Mozilla/5.0 (Macintosh; Intel Mac OS X 10_14_3) AppleWebKit/537.36 (KHTML, like Gecko) Chrome/74.0.3729.169 Safari/537.36',
  'accept' => 'text/html,application/xhtml+xml,application/xml;q=0.9,image/webp,image/apng,*/*;q=0.8,application/signed-exchange;v=b3',
  'accept-encoding' => 'gzip, deflate',
  'accept-language' => 'zh-CN,zh;q=0.9',
  'cookie' => 'PHPSESSID=frqtmdmr2v84bikiv3pvfkjj1g',
)
[ info ] [ PARAM ] array (
)
[ info ] [ SESSION ] INIT array (
  'id' => '',
  'var_session_id' => '',
  'prefix' => 'think',
  'type' => '',
  'auto_start' => true,
)
[ info ] [ DB ] INIT mysql
[ info ] [ RUN ] app\admin\controller\Login->login[ /Users/xinjiashuodemac/workspace/my/frame/application/admin/controller/Login.php ]
[ info ] [ VIEW ] /Users/xinjiashuodemac/workspace/my/frame/public/../application/admin/view/login/login.html [ array (
) ]
[ info ] [ LOG ] INIT File
---------------------------------------------------------------
[ 2019-06-02T11:13:49+08:00 ] 0.0.0.0 GET www.frame.com:8888/admin/login/login
[运行时间：0.035245s] [吞吐率：28.37req/s] [内存消耗：2,453.38kb] [文件加载：47]
[ info ] [ LANG ] /Users/xinjiashuodemac/workspace/my/frame/thinkphp/lang/zh-cn.php
[ info ] [ ROUTE ] array (
  'type' => 'module',
  'module' => 
  array (
    0 => 'admin',
    1 => 'login',
    2 => 'login',
  ),
)
[ info ] [ HEADER ] array (
  'host' => 'www.frame.com:8888',
  'connection' => 'keep-alive',
  'cache-control' => 'max-age=0',
  'upgrade-insecure-requests' => '1',
  'user-agent' => 'Mozilla/5.0 (Macintosh; Intel Mac OS X 10_14_3) AppleWebKit/537.36 (KHTML, like Gecko) Chrome/74.0.3729.169 Safari/537.36',
  'accept' => 'text/html,application/xhtml+xml,application/xml;q=0.9,image/webp,image/apng,*/*;q=0.8,application/signed-exchange;v=b3',
  'accept-encoding' => 'gzip, deflate',
  'accept-language' => 'zh-CN,zh;q=0.9',
  'cookie' => 'PHPSESSID=frqtmdmr2v84bikiv3pvfkjj1g',
)
[ info ] [ PARAM ] array (
)
[ info ] [ SESSION ] INIT array (
  'id' => '',
  'var_session_id' => '',
  'prefix' => 'think',
  'type' => '',
  'auto_start' => true,
)
[ info ] [ DB ] INIT mysql
[ info ] [ RUN ] app\admin\controller\Login->login[ /Users/xinjiashuodemac/workspace/my/frame/application/admin/controller/Login.php ]
[ info ] [ VIEW ] /Users/xinjiashuodemac/workspace/my/frame/public/../application/admin/view/login/login.html [ array (
) ]
[ info ] [ LOG ] INIT File
---------------------------------------------------------------
[ 2019-06-02T11:13:51+08:00 ] 0.0.0.0 GET www.frame.com:8888/admin/login/register.html
[运行时间：0.031475s] [吞吐率：31.77req/s] [内存消耗：2,435.88kb] [文件加载：48]
[ info ] [ LANG ] /Users/xinjiashuodemac/workspace/my/frame/thinkphp/lang/zh-cn.php
[ info ] [ ROUTE ] array (
  'type' => 'module',
  'module' => 
  array (
    0 => 'admin',
    1 => 'login',
    2 => 'register',
  ),
)
[ info ] [ HEADER ] array (
  'host' => 'www.frame.com:8888',
  'connection' => 'keep-alive',
  'upgrade-insecure-requests' => '1',
  'user-agent' => 'Mozilla/5.0 (Macintosh; Intel Mac OS X 10_14_3) AppleWebKit/537.36 (KHTML, like Gecko) Chrome/74.0.3729.169 Safari/537.36',
  'accept' => 'text/html,application/xhtml+xml,application/xml;q=0.9,image/webp,image/apng,*/*;q=0.8,application/signed-exchange;v=b3',
  'referer' => 'http://www.frame.com:8888/admin/login/login',
  'accept-encoding' => 'gzip, deflate',
  'accept-language' => 'zh-CN,zh;q=0.9',
  'cookie' => 'PHPSESSID=frqtmdmr2v84bikiv3pvfkjj1g',
)
[ info ] [ PARAM ] array (
)
[ info ] [ SESSION ] INIT array (
  'id' => '',
  'var_session_id' => '',
  'prefix' => 'think',
  'type' => '',
  'auto_start' => true,
)
[ info ] [ DB ] INIT mysql
[ info ] [ RUN ] app\admin\controller\Login->register[ /Users/xinjiashuodemac/workspace/my/frame/application/admin/controller/Login.php ]
[ info ] [ LOG ] INIT File
[ error ] [0]模板文件不存在:/Users/xinjiashuodemac/workspace/my/frame/public/../application/admin/view/login/register.html[/Users/xinjiashuodemac/workspace/my/frame/thinkphp/library/think/view/driver/Think.php:82]
---------------------------------------------------------------
[ 2019-06-02T11:13:52+08:00 ] 0.0.0.0 GET www.frame.com:8888/admin/login/login
[运行时间：0.034072s] [吞吐率：29.35req/s] [内存消耗：2,452.57kb] [文件加载：47]
[ info ] [ LANG ] /Users/xinjiashuodemac/workspace/my/frame/thinkphp/lang/zh-cn.php
[ info ] [ ROUTE ] array (
  'type' => 'module',
  'module' => 
  array (
    0 => 'admin',
    1 => 'login',
    2 => 'login',
  ),
)
[ info ] [ HEADER ] array (
  'host' => 'www.frame.com:8888',
  'connection' => 'keep-alive',
  'upgrade-insecure-requests' => '1',
  'user-agent' => 'Mozilla/5.0 (Macintosh; Intel Mac OS X 10_14_3) AppleWebKit/537.36 (KHTML, like Gecko) Chrome/74.0.3729.169 Safari/537.36',
  'accept' => 'text/html,application/xhtml+xml,application/xml;q=0.9,image/webp,image/apng,*/*;q=0.8,application/signed-exchange;v=b3',
  'accept-encoding' => 'gzip, deflate',
  'accept-language' => 'zh-CN,zh;q=0.9',
  'cookie' => 'PHPSESSID=frqtmdmr2v84bikiv3pvfkjj1g',
)
[ info ] [ PARAM ] array (
)
[ info ] [ SESSION ] INIT array (
  'id' => '',
  'var_session_id' => '',
  'prefix' => 'think',
  'type' => '',
  'auto_start' => true,
)
[ info ] [ DB ] INIT mysql
[ info ] [ RUN ] app\admin\controller\Login->login[ /Users/xinjiashuodemac/workspace/my/frame/application/admin/controller/Login.php ]
[ info ] [ VIEW ] /Users/xinjiashuodemac/workspace/my/frame/public/../application/admin/view/login/login.html [ array (
) ]
[ info ] [ LOG ] INIT File
---------------------------------------------------------------
[ 2019-06-02T11:14:04+08:00 ] 0.0.0.0 GET www.frame.com:8888/admin/login/login
[运行时间：0.035819s] [吞吐率：27.92req/s] [内存消耗：2,453.38kb] [文件加载：47]
[ info ] [ LANG ] /Users/xinjiashuodemac/workspace/my/frame/thinkphp/lang/zh-cn.php
[ info ] [ ROUTE ] array (
  'type' => 'module',
  'module' => 
  array (
    0 => 'admin',
    1 => 'login',
    2 => 'login',
  ),
)
[ info ] [ HEADER ] array (
  'host' => 'www.frame.com:8888',
  'connection' => 'keep-alive',
  'cache-control' => 'max-age=0',
  'upgrade-insecure-requests' => '1',
  'user-agent' => 'Mozilla/5.0 (Macintosh; Intel Mac OS X 10_14_3) AppleWebKit/537.36 (KHTML, like Gecko) Chrome/74.0.3729.169 Safari/537.36',
  'accept' => 'text/html,application/xhtml+xml,application/xml;q=0.9,image/webp,image/apng,*/*;q=0.8,application/signed-exchange;v=b3',
  'accept-encoding' => 'gzip, deflate',
  'accept-language' => 'zh-CN,zh;q=0.9',
  'cookie' => 'PHPSESSID=frqtmdmr2v84bikiv3pvfkjj1g',
)
[ info ] [ PARAM ] array (
)
[ info ] [ SESSION ] INIT array (
  'id' => '',
  'var_session_id' => '',
  'prefix' => 'think',
  'type' => '',
  'auto_start' => true,
)
[ info ] [ DB ] INIT mysql
[ info ] [ RUN ] app\admin\controller\Login->login[ /Users/xinjiashuodemac/workspace/my/frame/application/admin/controller/Login.php ]
[ info ] [ VIEW ] /Users/xinjiashuodemac/workspace/my/frame/public/../application/admin/view/login/login.html [ array (
) ]
[ info ] [ LOG ] INIT File
---------------------------------------------------------------
[ 2019-06-02T11:14:05+08:00 ] 0.0.0.0 GET www.frame.com:8888/admin/login/register.html
[运行时间：0.033254s] [吞吐率：30.07req/s] [内存消耗：2,551.47kb] [文件加载：48]
[ info ] [ LANG ] /Users/xinjiashuodemac/workspace/my/frame/thinkphp/lang/zh-cn.php
[ info ] [ ROUTE ] array (
  'type' => 'module',
  'module' => 
  array (
    0 => 'admin',
    1 => 'login',
    2 => 'register',
  ),
)
[ info ] [ HEADER ] array (
  'host' => 'www.frame.com:8888',
  'connection' => 'keep-alive',
  'upgrade-insecure-requests' => '1',
  'user-agent' => 'Mozilla/5.0 (Macintosh; Intel Mac OS X 10_14_3) AppleWebKit/537.36 (KHTML, like Gecko) Chrome/74.0.3729.169 Safari/537.36',
  'accept' => 'text/html,application/xhtml+xml,application/xml;q=0.9,image/webp,image/apng,*/*;q=0.8,application/signed-exchange;v=b3',
  'referer' => 'http://www.frame.com:8888/admin/login/login',
  'accept-encoding' => 'gzip, deflate',
  'accept-language' => 'zh-CN,zh;q=0.9',
  'cookie' => 'PHPSESSID=frqtmdmr2v84bikiv3pvfkjj1g',
)
[ info ] [ PARAM ] array (
)
[ info ] [ SESSION ] INIT array (
  'id' => '',
  'var_session_id' => '',
  'prefix' => 'think',
  'type' => '',
  'auto_start' => true,
)
[ info ] [ DB ] INIT mysql
[ info ] [ RUN ] app\admin\controller\Login->register[ /Users/xinjiashuodemac/workspace/my/frame/application/admin/controller/Login.php ]
[ info ] [ VIEW ] /Users/xinjiashuodemac/workspace/my/frame/public/../application/admin/view/login/register.html [ array (
) ]
[ info ] [ LOG ] INIT File
---------------------------------------------------------------
[ 2019-06-02T11:15:42+08:00 ] 0.0.0.0 GET www.frame.com:8888/admin/login/register.html
[运行时间：0.037275s] [吞吐率：26.83req/s] [内存消耗：2,553.59kb] [文件加载：48]
[ info ] [ LANG ] /Users/xinjiashuodemac/workspace/my/frame/thinkphp/lang/zh-cn.php
[ info ] [ ROUTE ] array (
  'type' => 'module',
  'module' => 
  array (
    0 => 'admin',
    1 => 'login',
    2 => 'register',
  ),
)
[ info ] [ HEADER ] array (
  'host' => 'www.frame.com:8888',
  'connection' => 'keep-alive',
  'cache-control' => 'max-age=0',
  'upgrade-insecure-requests' => '1',
  'user-agent' => 'Mozilla/5.0 (Macintosh; Intel Mac OS X 10_14_3) AppleWebKit/537.36 (KHTML, like Gecko) Chrome/74.0.3729.169 Safari/537.36',
  'accept' => 'text/html,application/xhtml+xml,application/xml;q=0.9,image/webp,image/apng,*/*;q=0.8,application/signed-exchange;v=b3',
  'referer' => 'http://www.frame.com:8888/admin/login/login',
  'accept-encoding' => 'gzip, deflate',
  'accept-language' => 'zh-CN,zh;q=0.9',
  'cookie' => 'PHPSESSID=frqtmdmr2v84bikiv3pvfkjj1g',
)
[ info ] [ PARAM ] array (
)
[ info ] [ SESSION ] INIT array (
  'id' => '',
  'var_session_id' => '',
  'prefix' => 'think',
  'type' => '',
  'auto_start' => true,
)
[ info ] [ DB ] INIT mysql
[ info ] [ RUN ] app\admin\controller\Login->register[ /Users/xinjiashuodemac/workspace/my/frame/application/admin/controller/Login.php ]
[ info ] [ VIEW ] /Users/xinjiashuodemac/workspace/my/frame/public/../application/admin/view/login/register.html [ array (
) ]
[ info ] [ LOG ] INIT File
---------------------------------------------------------------
[ 2019-06-02T11:17:26+08:00 ] 0.0.0.0 GET www.frame.com:8888/admin/login/register.html
[运行时间：0.039360s] [吞吐率：25.41req/s] [内存消耗：2,603.25kb] [文件加载：49]
[ info ] [ LANG ] /Users/xinjiashuodemac/workspace/my/frame/thinkphp/lang/zh-cn.php
[ info ] [ ROUTE ] array (
  'type' => 'module',
  'module' => 
  array (
    0 => 'admin',
    1 => 'login',
    2 => 'register',
  ),
)
[ info ] [ HEADER ] array (
  'host' => 'www.frame.com:8888',
  'connection' => 'keep-alive',
  'cache-control' => 'max-age=0',
  'upgrade-insecure-requests' => '1',
  'user-agent' => 'Mozilla/5.0 (Macintosh; Intel Mac OS X 10_14_3) AppleWebKit/537.36 (KHTML, like Gecko) Chrome/74.0.3729.169 Safari/537.36',
  'accept' => 'text/html,application/xhtml+xml,application/xml;q=0.9,image/webp,image/apng,*/*;q=0.8,application/signed-exchange;v=b3',
  'referer' => 'http://www.frame.com:8888/admin/login/login',
  'accept-encoding' => 'gzip, deflate',
  'accept-language' => 'zh-CN,zh;q=0.9',
  'cookie' => 'PHPSESSID=frqtmdmr2v84bikiv3pvfkjj1g',
)
[ info ] [ PARAM ] array (
)
[ info ] [ SESSION ] INIT array (
  'id' => '',
  'var_session_id' => '',
  'prefix' => 'think',
  'type' => '',
  'auto_start' => true,
)
[ info ] [ DB ] INIT mysql
[ info ] [ RUN ] app\admin\controller\Login->register[ /Users/xinjiashuodemac/workspace/my/frame/application/admin/controller/Login.php ]
[ info ] [ VIEW ] /Users/xinjiashuodemac/workspace/my/frame/public/../application/admin/view/login/register.html [ array (
) ]
[ info ] [ LOG ] INIT File
---------------------------------------------------------------
[ 2019-06-02T11:17:28+08:00 ] 0.0.0.0 GET www.frame.com:8888/admin/login/register.html
[运行时间：0.030164s] [吞吐率：33.15req/s] [内存消耗：2,454.83kb] [文件加载：47]
[ info ] [ LANG ] /Users/xinjiashuodemac/workspace/my/frame/thinkphp/lang/zh-cn.php
[ info ] [ ROUTE ] array (
  'type' => 'module',
  'module' => 
  array (
    0 => 'admin',
    1 => 'login',
    2 => 'register',
  ),
)
[ info ] [ HEADER ] array (
  'host' => 'www.frame.com:8888',
  'connection' => 'keep-alive',
  'cache-control' => 'max-age=0',
  'upgrade-insecure-requests' => '1',
  'user-agent' => 'Mozilla/5.0 (Macintosh; Intel Mac OS X 10_14_3) AppleWebKit/537.36 (KHTML, like Gecko) Chrome/74.0.3729.169 Safari/537.36',
  'accept' => 'text/html,application/xhtml+xml,application/xml;q=0.9,image/webp,image/apng,*/*;q=0.8,application/signed-exchange;v=b3',
  'referer' => 'http://www.frame.com:8888/admin/login/login',
  'accept-encoding' => 'gzip, deflate',
  'accept-language' => 'zh-CN,zh;q=0.9',
  'cookie' => 'PHPSESSID=frqtmdmr2v84bikiv3pvfkjj1g',
)
[ info ] [ PARAM ] array (
)
[ info ] [ SESSION ] INIT array (
  'id' => '',
  'var_session_id' => '',
  'prefix' => 'think',
  'type' => '',
  'auto_start' => true,
)
[ info ] [ DB ] INIT mysql
[ info ] [ RUN ] app\admin\controller\Login->register[ /Users/xinjiashuodemac/workspace/my/frame/application/admin/controller/Login.php ]
[ info ] [ VIEW ] /Users/xinjiashuodemac/workspace/my/frame/public/../application/admin/view/login/register.html [ array (
) ]
[ info ] [ LOG ] INIT File
---------------------------------------------------------------
[ 2019-06-02T11:17:30+08:00 ] 0.0.0.0 GET www.frame.com:8888/admin/login/login.html
[运行时间：0.035675s] [吞吐率：28.03req/s] [内存消耗：2,453.71kb] [文件加载：47]
[ info ] [ LANG ] /Users/xinjiashuodemac/workspace/my/frame/thinkphp/lang/zh-cn.php
[ info ] [ ROUTE ] array (
  'type' => 'module',
  'module' => 
  array (
    0 => 'admin',
    1 => 'login',
    2 => 'login',
  ),
)
[ info ] [ HEADER ] array (
  'host' => 'www.frame.com:8888',
  'connection' => 'keep-alive',
  'upgrade-insecure-requests' => '1',
  'user-agent' => 'Mozilla/5.0 (Macintosh; Intel Mac OS X 10_14_3) AppleWebKit/537.36 (KHTML, like Gecko) Chrome/74.0.3729.169 Safari/537.36',
  'accept' => 'text/html,application/xhtml+xml,application/xml;q=0.9,image/webp,image/apng,*/*;q=0.8,application/signed-exchange;v=b3',
  'referer' => 'http://www.frame.com:8888/admin/login/register.html',
  'accept-encoding' => 'gzip, deflate',
  'accept-language' => 'zh-CN,zh;q=0.9',
  'cookie' => 'PHPSESSID=frqtmdmr2v84bikiv3pvfkjj1g',
)
[ info ] [ PARAM ] array (
)
[ info ] [ SESSION ] INIT array (
  'id' => '',
  'var_session_id' => '',
  'prefix' => 'think',
  'type' => '',
  'auto_start' => true,
)
[ info ] [ DB ] INIT mysql
[ info ] [ RUN ] app\admin\controller\Login->login[ /Users/xinjiashuodemac/workspace/my/frame/application/admin/controller/Login.php ]
[ info ] [ VIEW ] /Users/xinjiashuodemac/workspace/my/frame/public/../application/admin/view/login/login.html [ array (
) ]
[ info ] [ LOG ] INIT File
---------------------------------------------------------------
[ 2019-06-02T11:17:32+08:00 ] 0.0.0.0 GET www.frame.com:8888/admin/login/register.html
[运行时间：0.035614s] [吞吐率：28.08req/s] [内存消耗：2,454.33kb] [文件加载：47]
[ info ] [ LANG ] /Users/xinjiashuodemac/workspace/my/frame/thinkphp/lang/zh-cn.php
[ info ] [ ROUTE ] array (
  'type' => 'module',
  'module' => 
  array (
    0 => 'admin',
    1 => 'login',
    2 => 'register',
  ),
)
[ info ] [ HEADER ] array (
  'host' => 'www.frame.com:8888',
  'connection' => 'keep-alive',
  'upgrade-insecure-requests' => '1',
  'user-agent' => 'Mozilla/5.0 (Macintosh; Intel Mac OS X 10_14_3) AppleWebKit/537.36 (KHTML, like Gecko) Chrome/74.0.3729.169 Safari/537.36',
  'accept' => 'text/html,application/xhtml+xml,application/xml;q=0.9,image/webp,image/apng,*/*;q=0.8,application/signed-exchange;v=b3',
  'referer' => 'http://www.frame.com:8888/admin/login/login.html',
  'accept-encoding' => 'gzip, deflate',
  'accept-language' => 'zh-CN,zh;q=0.9',
  'cookie' => 'PHPSESSID=frqtmdmr2v84bikiv3pvfkjj1g',
)
[ info ] [ PARAM ] array (
)
[ info ] [ SESSION ] INIT array (
  'id' => '',
  'var_session_id' => '',
  'prefix' => 'think',
  'type' => '',
  'auto_start' => true,
)
[ info ] [ DB ] INIT mysql
[ info ] [ RUN ] app\admin\controller\Login->register[ /Users/xinjiashuodemac/workspace/my/frame/application/admin/controller/Login.php ]
[ info ] [ VIEW ] /Users/xinjiashuodemac/workspace/my/frame/public/../application/admin/view/login/register.html [ array (
) ]
[ info ] [ LOG ] INIT File
---------------------------------------------------------------
[ 2019-06-02T11:18:07+08:00 ] 0.0.0.0 GET www.frame.com:8888/static/admin/json/user/sms.js?phone=18365976266
[运行时间：0.017583s] [吞吐率：56.87req/s] [内存消耗：1,043.30kb] [文件加载：28]
[ info ] [ LANG ] /Users/xinjiashuodemac/workspace/my/frame/thinkphp/lang/zh-cn.php
[ info ] [ ROUTE ] array (
  'type' => 'module',
  'module' => 
  array (
    0 => 'static',
    1 => 'admin',
    2 => 'json',
  ),
)
[ info ] [ HEADER ] array (
  'host' => 'www.frame.com:8888',
  'connection' => 'keep-alive',
  'accept' => 'application/json, text/javascript, */*; q=0.01',
  'x-requested-with' => 'XMLHttpRequest',
  'user-agent' => 'Mozilla/5.0 (Macintosh; Intel Mac OS X 10_14_3) AppleWebKit/537.36 (KHTML, like Gecko) Chrome/74.0.3729.169 Safari/537.36',
  'referer' => 'http://www.frame.com:8888/admin/login/register.html',
  'accept-encoding' => 'gzip, deflate',
  'accept-language' => 'zh-CN,zh;q=0.9',
  'cookie' => 'PHPSESSID=frqtmdmr2v84bikiv3pvfkjj1g',
)
[ info ] [ PARAM ] array (
  'phone' => '18365976266',
  'user' => 'sms.js',
)
[ info ] [ LOG ] INIT File
---------------------------------------------------------------
[ 2019-06-02T11:19:34+08:00 ] 0.0.0.0 GET www.frame.com:8888/static/admin/json/user/sms.js?phone=18365976266
[运行时间：0.016310s] [吞吐率：61.31req/s] [内存消耗：1,043.30kb] [文件加载：28]
[ info ] [ LANG ] /Users/xinjiashuodemac/workspace/my/frame/thinkphp/lang/zh-cn.php
[ info ] [ ROUTE ] array (
  'type' => 'module',
  'module' => 
  array (
    0 => 'static',
    1 => 'admin',
    2 => 'json',
  ),
)
[ info ] [ HEADER ] array (
  'host' => 'www.frame.com:8888',
  'connection' => 'keep-alive',
  'accept' => 'application/json, text/javascript, */*; q=0.01',
  'x-requested-with' => 'XMLHttpRequest',
  'user-agent' => 'Mozilla/5.0 (Macintosh; Intel Mac OS X 10_14_3) AppleWebKit/537.36 (KHTML, like Gecko) Chrome/74.0.3729.169 Safari/537.36',
  'referer' => 'http://www.frame.com:8888/admin/login/register.html',
  'accept-encoding' => 'gzip, deflate',
  'accept-language' => 'zh-CN,zh;q=0.9',
  'cookie' => 'PHPSESSID=frqtmdmr2v84bikiv3pvfkjj1g',
)
[ info ] [ PARAM ] array (
  'phone' => '18365976266',
  'user' => 'sms.js',
)
[ info ] [ LOG ] INIT File
---------------------------------------------------------------
[ 2019-06-02T11:23:00+08:00 ] 0.0.0.0 GET www.frame.com:8888/admin/login/register.html
[运行时间：0.041315s] [吞吐率：24.20req/s] [内存消耗：2,603.63kb] [文件加载：49]
[ info ] [ LANG ] /Users/xinjiashuodemac/workspace/my/frame/thinkphp/lang/zh-cn.php
[ info ] [ ROUTE ] array (
  'type' => 'module',
  'module' => 
  array (
    0 => 'admin',
    1 => 'login',
    2 => 'register',
  ),
)
[ info ] [ HEADER ] array (
  'host' => 'www.frame.com:8888',
  'connection' => 'keep-alive',
  'cache-control' => 'max-age=0',
  'upgrade-insecure-requests' => '1',
  'user-agent' => 'Mozilla/5.0 (Macintosh; Intel Mac OS X 10_14_3) AppleWebKit/537.36 (KHTML, like Gecko) Chrome/74.0.3729.169 Safari/537.36',
  'accept' => 'text/html,application/xhtml+xml,application/xml;q=0.9,image/webp,image/apng,*/*;q=0.8,application/signed-exchange;v=b3',
  'referer' => 'http://www.frame.com:8888/admin/login/login.html',
  'accept-encoding' => 'gzip, deflate',
  'accept-language' => 'zh-CN,zh;q=0.9',
  'cookie' => 'PHPSESSID=frqtmdmr2v84bikiv3pvfkjj1g',
)
[ info ] [ PARAM ] array (
)
[ info ] [ SESSION ] INIT array (
  'id' => '',
  'var_session_id' => '',
  'prefix' => 'think',
  'type' => '',
  'auto_start' => true,
)
[ info ] [ DB ] INIT mysql
[ info ] [ RUN ] app\admin\controller\Login->register[ /Users/xinjiashuodemac/workspace/my/frame/application/admin/controller/Login.php ]
[ info ] [ VIEW ] /Users/xinjiashuodemac/workspace/my/frame/public/../application/admin/view/login/register.html [ array (
) ]
[ info ] [ LOG ] INIT File
---------------------------------------------------------------
[ 2019-06-02T11:23:18+08:00 ] 0.0.0.0 GET www.frame.com:8888/admin/login/register.html?cellphone=18365976266&vercode=123123&password=123123&repass=123123&nickname=Justin&agreement=on
[运行时间：0.034305s] [吞吐率：29.15req/s] [内存消耗：2,456.64kb] [文件加载：47]
[ info ] [ LANG ] /Users/xinjiashuodemac/workspace/my/frame/thinkphp/lang/zh-cn.php
[ info ] [ ROUTE ] array (
  'type' => 'module',
  'module' => 
  array (
    0 => 'admin',
    1 => 'login',
    2 => 'register',
  ),
)
[ info ] [ HEADER ] array (
  'host' => 'www.frame.com:8888',
  'connection' => 'keep-alive',
  'accept' => 'application/json, text/javascript, */*; q=0.01',
  'x-requested-with' => 'XMLHttpRequest',
  'user-agent' => 'Mozilla/5.0 (Macintosh; Intel Mac OS X 10_14_3) AppleWebKit/537.36 (KHTML, like Gecko) Chrome/74.0.3729.169 Safari/537.36',
  'referer' => 'http://www.frame.com:8888/admin/login/register.html',
  'accept-encoding' => 'gzip, deflate',
  'accept-language' => 'zh-CN,zh;q=0.9',
  'cookie' => 'PHPSESSID=frqtmdmr2v84bikiv3pvfkjj1g',
)
[ info ] [ PARAM ] array (
  'cellphone' => '18365976266',
  'vercode' => '123123',
  'password' => '123123',
  'repass' => '123123',
  'nickname' => 'Justin',
  'agreement' => 'on',
)
[ info ] [ SESSION ] INIT array (
  'id' => '',
  'var_session_id' => '',
  'prefix' => 'think',
  'type' => '',
  'auto_start' => true,
)
[ info ] [ DB ] INIT mysql
[ info ] [ RUN ] app\admin\controller\Login->register[ /Users/xinjiashuodemac/workspace/my/frame/application/admin/controller/Login.php ]
[ info ] [ VIEW ] /Users/xinjiashuodemac/workspace/my/frame/public/../application/admin/view/login/register.html [ array (
) ]
[ info ] [ LOG ] INIT File
---------------------------------------------------------------
[ 2019-06-02T11:25:17+08:00 ] 0.0.0.0 GET www.frame.com:8888/admin/login/register.html
[运行时间：0.037028s] [吞吐率：27.01req/s] [内存消耗：2,603.54kb] [文件加载：49]
[ info ] [ LANG ] /Users/xinjiashuodemac/workspace/my/frame/thinkphp/lang/zh-cn.php
[ info ] [ ROUTE ] array (
  'type' => 'module',
  'module' => 
  array (
    0 => 'admin',
    1 => 'login',
    2 => 'register',
  ),
)
[ info ] [ HEADER ] array (
  'host' => 'www.frame.com:8888',
  'connection' => 'keep-alive',
  'cache-control' => 'max-age=0',
  'upgrade-insecure-requests' => '1',
  'user-agent' => 'Mozilla/5.0 (Macintosh; Intel Mac OS X 10_14_3) AppleWebKit/537.36 (KHTML, like Gecko) Chrome/74.0.3729.169 Safari/537.36',
  'accept' => 'text/html,application/xhtml+xml,application/xml;q=0.9,image/webp,image/apng,*/*;q=0.8,application/signed-exchange;v=b3',
  'referer' => 'http://www.frame.com:8888/admin/login/login.html',
  'accept-encoding' => 'gzip, deflate',
  'accept-language' => 'zh-CN,zh;q=0.9',
  'cookie' => 'PHPSESSID=frqtmdmr2v84bikiv3pvfkjj1g',
)
[ info ] [ PARAM ] array (
)
[ info ] [ SESSION ] INIT array (
  'id' => '',
  'var_session_id' => '',
  'prefix' => 'think',
  'type' => '',
  'auto_start' => true,
)
[ info ] [ DB ] INIT mysql
[ info ] [ RUN ] app\admin\controller\Login->register[ /Users/xinjiashuodemac/workspace/my/frame/application/admin/controller/Login.php ]
[ info ] [ VIEW ] /Users/xinjiashuodemac/workspace/my/frame/public/../application/admin/view/login/register.html [ array (
) ]
[ info ] [ LOG ] INIT File
---------------------------------------------------------------
[ 2019-06-02T11:25:33+08:00 ] 0.0.0.0 POST www.frame.com:8888/admin/login/register.html
[运行时间：0.033934s] [吞吐率：29.47req/s] [内存消耗：2,399.45kb] [文件加载：44]
[ info ] [ LANG ] /Users/xinjiashuodemac/workspace/my/frame/thinkphp/lang/zh-cn.php
[ info ] [ ROUTE ] array (
  'type' => 'module',
  'module' => 
  array (
    0 => 'admin',
    1 => 'login',
    2 => 'register',
  ),
)
[ info ] [ HEADER ] array (
  'host' => 'www.frame.com:8888',
  'connection' => 'keep-alive',
  'content-length' => '95',
  'accept' => '*/*',
  'origin' => 'http://www.frame.com:8888',
  'x-requested-with' => 'XMLHttpRequest',
  'user-agent' => 'Mozilla/5.0 (Macintosh; Intel Mac OS X 10_14_3) AppleWebKit/537.36 (KHTML, like Gecko) Chrome/74.0.3729.169 Safari/537.36',
  'content-type' => 'application/x-www-form-urlencoded; charset=UTF-8',
  'referer' => 'http://www.frame.com:8888/admin/login/register.html',
  'accept-encoding' => 'gzip, deflate',
  'accept-language' => 'zh-CN,zh;q=0.9',
  'cookie' => 'PHPSESSID=frqtmdmr2v84bikiv3pvfkjj1g',
)
[ info ] [ PARAM ] array (
  'cellphone' => '18365976266',
  'vercode' => '123123',
  'password' => '123123',
  'repass' => '123123',
  'nickname' => 'Justin',
  'agreement' => 'on',
)
[ info ] [ SESSION ] INIT array (
  'id' => '',
  'var_session_id' => '',
  'prefix' => 'think',
  'type' => '',
  'auto_start' => true,
)
[ info ] [ DB ] INIT mysql
[ info ] [ RUN ] app\admin\controller\Login->register[ /Users/xinjiashuodemac/workspace/my/frame/application/admin/controller/Login.php ]
[ info ] [ LOG ] INIT File
---------------------------------------------------------------
[ 2019-06-02T11:27:18+08:00 ] 0.0.0.0 GET www.frame.com:8888/admin/login/register.html
[运行时间：0.040372s] [吞吐率：24.77req/s] [内存消耗：2,603.54kb] [文件加载：49]
[ info ] [ LANG ] /Users/xinjiashuodemac/workspace/my/frame/thinkphp/lang/zh-cn.php
[ info ] [ ROUTE ] array (
  'type' => 'module',
  'module' => 
  array (
    0 => 'admin',
    1 => 'login',
    2 => 'register',
  ),
)
[ info ] [ HEADER ] array (
  'host' => 'www.frame.com:8888',
  'connection' => 'keep-alive',
  'cache-control' => 'max-age=0',
  'upgrade-insecure-requests' => '1',
  'user-agent' => 'Mozilla/5.0 (Macintosh; Intel Mac OS X 10_14_3) AppleWebKit/537.36 (KHTML, like Gecko) Chrome/74.0.3729.169 Safari/537.36',
  'accept' => 'text/html,application/xhtml+xml,application/xml;q=0.9,image/webp,image/apng,*/*;q=0.8,application/signed-exchange;v=b3',
  'referer' => 'http://www.frame.com:8888/admin/login/login.html',
  'accept-encoding' => 'gzip, deflate',
  'accept-language' => 'zh-CN,zh;q=0.9',
  'cookie' => 'PHPSESSID=frqtmdmr2v84bikiv3pvfkjj1g',
)
[ info ] [ PARAM ] array (
)
[ info ] [ SESSION ] INIT array (
  'id' => '',
  'var_session_id' => '',
  'prefix' => 'think',
  'type' => '',
  'auto_start' => true,
)
[ info ] [ DB ] INIT mysql
[ info ] [ RUN ] app\admin\controller\Login->register[ /Users/xinjiashuodemac/workspace/my/frame/application/admin/controller/Login.php ]
[ info ] [ VIEW ] /Users/xinjiashuodemac/workspace/my/frame/public/../application/admin/view/login/register.html [ array (
) ]
[ info ] [ LOG ] INIT File
---------------------------------------------------------------
[ 2019-06-02T11:27:40+08:00 ] 0.0.0.0 POST www.frame.com:8888/admin/login/register.html
[运行时间：0.035057s] [吞吐率：28.52req/s] [内存消耗：2,399.55kb] [文件加载：44]
[ info ] [ LANG ] /Users/xinjiashuodemac/workspace/my/frame/thinkphp/lang/zh-cn.php
[ info ] [ ROUTE ] array (
  'type' => 'module',
  'module' => 
  array (
    0 => 'admin',
    1 => 'login',
    2 => 'register',
  ),
)
[ info ] [ HEADER ] array (
  'host' => 'www.frame.com:8888',
  'connection' => 'keep-alive',
  'content-length' => '123',
  'accept' => '*/*',
  'origin' => 'http://www.frame.com:8888',
  'x-requested-with' => 'XMLHttpRequest',
  'user-agent' => 'Mozilla/5.0 (Macintosh; Intel Mac OS X 10_14_3) AppleWebKit/537.36 (KHTML, like Gecko) Chrome/74.0.3729.169 Safari/537.36',
  'content-type' => 'application/x-www-form-urlencoded; charset=UTF-8',
  'referer' => 'http://www.frame.com:8888/admin/login/register.html',
  'accept-encoding' => 'gzip, deflate',
  'accept-language' => 'zh-CN,zh;q=0.9',
  'cookie' => 'PHPSESSID=frqtmdmr2v84bikiv3pvfkjj1g',
)
[ info ] [ PARAM ] array (
  'member_mobile' => '18365976266',
  'vercode' => '123123',
  'member_password' => '123123',
  'remember_password' => '123123123',
  'member_name' => 'Justin',
  'agreement' => 'on',
)
[ info ] [ SESSION ] INIT array (
  'id' => '',
  'var_session_id' => '',
  'prefix' => 'think',
  'type' => '',
  'auto_start' => true,
)
[ info ] [ DB ] INIT mysql
[ info ] [ RUN ] app\admin\controller\Login->register[ /Users/xinjiashuodemac/workspace/my/frame/application/admin/controller/Login.php ]
[ info ] [ LOG ] INIT File
---------------------------------------------------------------
[ 2019-06-02T11:28:25+08:00 ] 0.0.0.0 GET www.frame.com:8888/admin/login/register.html
[运行时间：0.041723s] [吞吐率：23.97req/s] [内存消耗：2,603.54kb] [文件加载：49]
[ info ] [ LANG ] /Users/xinjiashuodemac/workspace/my/frame/thinkphp/lang/zh-cn.php
[ info ] [ ROUTE ] array (
  'type' => 'module',
  'module' => 
  array (
    0 => 'admin',
    1 => 'login',
    2 => 'register',
  ),
)
[ info ] [ HEADER ] array (
  'host' => 'www.frame.com:8888',
  'connection' => 'keep-alive',
  'cache-control' => 'max-age=0',
  'upgrade-insecure-requests' => '1',
  'user-agent' => 'Mozilla/5.0 (Macintosh; Intel Mac OS X 10_14_3) AppleWebKit/537.36 (KHTML, like Gecko) Chrome/74.0.3729.169 Safari/537.36',
  'accept' => 'text/html,application/xhtml+xml,application/xml;q=0.9,image/webp,image/apng,*/*;q=0.8,application/signed-exchange;v=b3',
  'referer' => 'http://www.frame.com:8888/admin/login/login.html',
  'accept-encoding' => 'gzip, deflate',
  'accept-language' => 'zh-CN,zh;q=0.9',
  'cookie' => 'PHPSESSID=frqtmdmr2v84bikiv3pvfkjj1g',
)
[ info ] [ PARAM ] array (
)
[ info ] [ SESSION ] INIT array (
  'id' => '',
  'var_session_id' => '',
  'prefix' => 'think',
  'type' => '',
  'auto_start' => true,
)
[ info ] [ DB ] INIT mysql
[ info ] [ RUN ] app\admin\controller\Login->register[ /Users/xinjiashuodemac/workspace/my/frame/application/admin/controller/Login.php ]
[ info ] [ VIEW ] /Users/xinjiashuodemac/workspace/my/frame/public/../application/admin/view/login/register.html [ array (
) ]
[ info ] [ LOG ] INIT File
---------------------------------------------------------------
[ 2019-06-02T11:28:25+08:00 ] 0.0.0.0 GET www.frame.com:8888/admin/login/register.html
[运行时间：0.037439s] [吞吐率：26.71req/s] [内存消耗：2,455.12kb] [文件加载：47]
[ info ] [ LANG ] /Users/xinjiashuodemac/workspace/my/frame/thinkphp/lang/zh-cn.php
[ info ] [ ROUTE ] array (
  'type' => 'module',
  'module' => 
  array (
    0 => 'admin',
    1 => 'login',
    2 => 'register',
  ),
)
[ info ] [ HEADER ] array (
  'host' => 'www.frame.com:8888',
  'connection' => 'keep-alive',
  'cache-control' => 'max-age=0',
  'upgrade-insecure-requests' => '1',
  'user-agent' => 'Mozilla/5.0 (Macintosh; Intel Mac OS X 10_14_3) AppleWebKit/537.36 (KHTML, like Gecko) Chrome/74.0.3729.169 Safari/537.36',
  'accept' => 'text/html,application/xhtml+xml,application/xml;q=0.9,image/webp,image/apng,*/*;q=0.8,application/signed-exchange;v=b3',
  'referer' => 'http://www.frame.com:8888/admin/login/login.html',
  'accept-encoding' => 'gzip, deflate',
  'accept-language' => 'zh-CN,zh;q=0.9',
  'cookie' => 'PHPSESSID=frqtmdmr2v84bikiv3pvfkjj1g',
)
[ info ] [ PARAM ] array (
)
[ info ] [ SESSION ] INIT array (
  'id' => '',
  'var_session_id' => '',
  'prefix' => 'think',
  'type' => '',
  'auto_start' => true,
)
[ info ] [ DB ] INIT mysql
[ info ] [ RUN ] app\admin\controller\Login->register[ /Users/xinjiashuodemac/workspace/my/frame/application/admin/controller/Login.php ]
[ info ] [ VIEW ] /Users/xinjiashuodemac/workspace/my/frame/public/../application/admin/view/login/register.html [ array (
) ]
[ info ] [ LOG ] INIT File
