---------------------------------------------------------------
[ 2019-05-31T08:46:30+08:00 ] 0.0.0.0 GET www.frame.com:8888/
[运行时间：0.061591s] [吞吐率：16.24req/s] [内存消耗：1,247.74kb] [文件加载：34]
[ info ] [ LANG ] /Users/xinjiashuodemac/workspace/my/frame/thinkphp/lang/zh-cn.php
[ info ] [ ROUTE ] array (
  'type' => 'module',
  'module' => 
  array (
    0 => '',
    1 => NULL,
    2 => NULL,
  ),
)
[ info ] [ HEADER ] array (
  'host' => 'www.frame.com:8888',
  'connection' => 'keep-alive',
  'upgrade-insecure-requests' => '1',
  'user-agent' => 'Mozilla/5.0 (Macintosh; Intel Mac OS X 10_14_3) AppleWebKit/537.36 (KHTML, like Gecko) Chrome/74.0.3729.169 Safari/537.36',
  'accept' => 'text/html,application/xhtml+xml,application/xml;q=0.9,image/webp,image/apng,*/*;q=0.8,application/signed-exchange;v=b3',
  'accept-encoding' => 'gzip, deflate',
  'accept-language' => 'zh-CN,zh;q=0.9',
)
[ info ] [ PARAM ] array (
)
[ info ] [ RUN ] app\index\controller\Index->index[ /Users/xinjiashuodemac/workspace/my/frame/application/index/controller/Index.php ]
[ info ] [ VIEW ] /Users/xinjiashuodemac/workspace/my/frame/public/../application/index/view/index/index.html [ array (
) ]
[ info ] [ SESSION ] INIT array (
  'id' => '',
  'var_session_id' => '',
  'prefix' => 'think',
  'type' => '',
  'auto_start' => true,
)
[ info ] [ LOG ] INIT File
---------------------------------------------------------------
[ 2019-05-31T08:46:45+08:00 ] 0.0.0.0 GET www.frame.com:8888/admin
[运行时间：0.077959s] [吞吐率：12.83req/s] [内存消耗：2,492.73kb] [文件加载：47]
[ info ] [ LANG ] /Users/xinjiashuodemac/workspace/my/frame/thinkphp/lang/zh-cn.php
[ info ] [ ROUTE ] array (
  'type' => 'module',
  'module' => 
  array (
    0 => 'admin',
    1 => NULL,
    2 => NULL,
  ),
)
[ info ] [ HEADER ] array (
  'host' => 'www.frame.com:8888',
  'connection' => 'keep-alive',
  'upgrade-insecure-requests' => '1',
  'user-agent' => 'Mozilla/5.0 (Macintosh; Intel Mac OS X 10_14_3) AppleWebKit/537.36 (KHTML, like Gecko) Chrome/74.0.3729.169 Safari/537.36',
  'accept' => 'text/html,application/xhtml+xml,application/xml;q=0.9,image/webp,image/apng,*/*;q=0.8,application/signed-exchange;v=b3',
  'accept-encoding' => 'gzip, deflate',
  'accept-language' => 'zh-CN,zh;q=0.9',
  'cookie' => 'PHPSESSID=frqtmdmr2v84bikiv3pvfkjj1g',
)
[ info ] [ PARAM ] array (
)
[ info ] [ SESSION ] INIT array (
  'id' => '',
  'var_session_id' => '',
  'prefix' => 'think',
  'type' => '',
  'auto_start' => true,
)
[ info ] [ DB ] INIT mysql
[ info ] [ LOG ] INIT File
[ sql ] [ DB ] CONNECT:[ UseTime:0.001515s ] mysql:host=localhost;dbname=frame;charset=utf8
[ sql ] [ SQL ] SHOW COLUMNS FROM `xin_config` [ RunTime:0.008957s ]
[ sql ] [ SQL ] SELECT * FROM `xin_config` WHERE  `config_id` = 1 LIMIT 1 [ RunTime:0.002196s ]
---------------------------------------------------------------
[ 2019-05-31T08:46:45+08:00 ] 0.0.0.0 GET www.frame.com:8888/admin/login/login.html
[运行时间：0.043416s] [吞吐率：23.03req/s] [内存消耗：2,584.50kb] [文件加载：49]
[ info ] [ LANG ] /Users/xinjiashuodemac/workspace/my/frame/thinkphp/lang/zh-cn.php
[ info ] [ ROUTE ] array (
  'type' => 'module',
  'module' => 
  array (
    0 => 'admin',
    1 => 'login',
    2 => 'login',
  ),
)
[ info ] [ HEADER ] array (
  'host' => 'www.frame.com:8888',
  'connection' => 'keep-alive',
  'upgrade-insecure-requests' => '1',
  'user-agent' => 'Mozilla/5.0 (Macintosh; Intel Mac OS X 10_14_3) AppleWebKit/537.36 (KHTML, like Gecko) Chrome/74.0.3729.169 Safari/537.36',
  'accept' => 'text/html,application/xhtml+xml,application/xml;q=0.9,image/webp,image/apng,*/*;q=0.8,application/signed-exchange;v=b3',
  'accept-encoding' => 'gzip, deflate',
  'accept-language' => 'zh-CN,zh;q=0.9',
  'cookie' => 'PHPSESSID=frqtmdmr2v84bikiv3pvfkjj1g',
)
[ info ] [ PARAM ] array (
)
[ info ] [ SESSION ] INIT array (
  'id' => '',
  'var_session_id' => '',
  'prefix' => 'think',
  'type' => '',
  'auto_start' => true,
)
[ info ] [ DB ] INIT mysql
[ info ] [ RUN ] app\admin\controller\Login->login[ /Users/xinjiashuodemac/workspace/my/frame/application/admin/controller/Login.php ]
[ info ] [ VIEW ] /Users/xinjiashuodemac/workspace/my/frame/public/../application/admin/view/login/login.html [ array (
) ]
[ info ] [ LOG ] INIT File
---------------------------------------------------------------
[ 2019-05-31T08:46:53+08:00 ] 0.0.0.0 POST www.frame.com:8888/admin/login/login.html
[运行时间：0.042701s] [吞吐率：23.42req/s] [内存消耗：2,476.70kb] [文件加载：46]
[ info ] [ LANG ] /Users/xinjiashuodemac/workspace/my/frame/thinkphp/lang/zh-cn.php
[ info ] [ ROUTE ] array (
  'type' => 'module',
  'module' => 
  array (
    0 => 'admin',
    1 => 'login',
    2 => 'login',
  ),
)
[ info ] [ HEADER ] array (
  'host' => 'www.frame.com:8888',
  'connection' => 'keep-alive',
  'content-length' => '37',
  'accept' => '*/*',
  'origin' => 'http://www.frame.com:8888',
  'x-requested-with' => 'XMLHttpRequest',
  'user-agent' => 'Mozilla/5.0 (Macintosh; Intel Mac OS X 10_14_3) AppleWebKit/537.36 (KHTML, like Gecko) Chrome/74.0.3729.169 Safari/537.36',
  'content-type' => 'application/x-www-form-urlencoded; charset=UTF-8',
  'referer' => 'http://www.frame.com:8888/admin/login/login.html',
  'accept-encoding' => 'gzip, deflate',
  'accept-language' => 'zh-CN,zh;q=0.9',
  'cookie' => 'PHPSESSID=frqtmdmr2v84bikiv3pvfkjj1g',
)
[ info ] [ PARAM ] array (
  'mobile' => 'admin',
  'password' => '123456',
  'vercode' => '',
)
[ info ] [ SESSION ] INIT array (
  'id' => '',
  'var_session_id' => '',
  'prefix' => 'think',
  'type' => '',
  'auto_start' => true,
)
[ info ] [ DB ] INIT mysql
[ info ] [ RUN ] app\admin\controller\Login->login[ /Users/xinjiashuodemac/workspace/my/frame/application/admin/controller/Login.php ]
[ info ] [ LOG ] INIT File
[ sql ] [ DB ] CONNECT:[ UseTime:0.000530s ] mysql:host=localhost;dbname=frame;charset=utf8
[ sql ] [ SQL ] SHOW COLUMNS FROM `xin_member` [ RunTime:0.002241s ]
[ sql ] [ SQL ] SELECT * FROM `xin_member` WHERE  `member_mobile` = 'admin' LIMIT 1 [ RunTime:0.000377s ]
---------------------------------------------------------------
[ 2019-05-31T08:47:03+08:00 ] 0.0.0.0 POST www.frame.com:8888/admin/login/login.html
[运行时间：0.045228s] [吞吐率：22.11req/s] [内存消耗：2,503.98kb] [文件加载：49]
[ info ] [ LANG ] /Users/xinjiashuodemac/workspace/my/frame/thinkphp/lang/zh-cn.php
[ info ] [ ROUTE ] array (
  'type' => 'module',
  'module' => 
  array (
    0 => 'admin',
    1 => 'login',
    2 => 'login',
  ),
)
[ info ] [ HEADER ] array (
  'host' => 'www.frame.com:8888',
  'connection' => 'keep-alive',
  'content-length' => '43',
  'accept' => '*/*',
  'origin' => 'http://www.frame.com:8888',
  'x-requested-with' => 'XMLHttpRequest',
  'user-agent' => 'Mozilla/5.0 (Macintosh; Intel Mac OS X 10_14_3) AppleWebKit/537.36 (KHTML, like Gecko) Chrome/74.0.3729.169 Safari/537.36',
  'content-type' => 'application/x-www-form-urlencoded; charset=UTF-8',
  'referer' => 'http://www.frame.com:8888/admin/login/login.html',
  'accept-encoding' => 'gzip, deflate',
  'accept-language' => 'zh-CN,zh;q=0.9',
  'cookie' => 'PHPSESSID=frqtmdmr2v84bikiv3pvfkjj1g',
)
[ info ] [ PARAM ] array (
  'mobile' => '18365976266',
  'password' => '123456',
  'vercode' => '',
)
[ info ] [ SESSION ] INIT array (
  'id' => '',
  'var_session_id' => '',
  'prefix' => 'think',
  'type' => '',
  'auto_start' => true,
)
[ info ] [ DB ] INIT mysql
[ info ] [ RUN ] app\admin\controller\Login->login[ /Users/xinjiashuodemac/workspace/my/frame/application/admin/controller/Login.php ]
[ info ] [ CACHE ] INIT File
[ info ] [ LOG ] INIT File
[ sql ] [ DB ] CONNECT:[ UseTime:0.000432s ] mysql:host=localhost;dbname=frame;charset=utf8
[ sql ] [ SQL ] SHOW COLUMNS FROM `xin_member` [ RunTime:0.000662s ]
[ sql ] [ SQL ] SELECT * FROM `xin_member` WHERE  `member_mobile` = '18365976266' LIMIT 1 [ RunTime:0.000360s ]
[ sql ] [ SQL ] UPDATE `xin_member`  SET `member_last_ip`='::1',`member_last_time`=1559263623  WHERE  `member_id` = 1 [ RunTime:0.001947s ]
---------------------------------------------------------------
[ 2019-05-31T08:47:05+08:00 ] 0.0.0.0 GET www.frame.com:8888/admin/index/index.html
[运行时间：0.040030s] [吞吐率：24.98req/s] [内存消耗：2,572.97kb] [文件加载：49]
[ info ] [ LANG ] /Users/xinjiashuodemac/workspace/my/frame/thinkphp/lang/zh-cn.php
[ info ] [ ROUTE ] array (
  'type' => 'module',
  'module' => 
  array (
    0 => 'admin',
    1 => 'index',
    2 => 'index',
  ),
)
[ info ] [ HEADER ] array (
  'host' => 'www.frame.com:8888',
  'connection' => 'keep-alive',
  'upgrade-insecure-requests' => '1',
  'user-agent' => 'Mozilla/5.0 (Macintosh; Intel Mac OS X 10_14_3) AppleWebKit/537.36 (KHTML, like Gecko) Chrome/74.0.3729.169 Safari/537.36',
  'accept' => 'text/html,application/xhtml+xml,application/xml;q=0.9,image/webp,image/apng,*/*;q=0.8,application/signed-exchange;v=b3',
  'referer' => 'http://www.frame.com:8888/admin/login/login.html',
  'accept-encoding' => 'gzip, deflate',
  'accept-language' => 'zh-CN,zh;q=0.9',
  'cookie' => 'PHPSESSID=frqtmdmr2v84bikiv3pvfkjj1g',
)
[ info ] [ PARAM ] array (
)
[ info ] [ SESSION ] INIT array (
  'id' => '',
  'var_session_id' => '',
  'prefix' => 'think',
  'type' => '',
  'auto_start' => true,
)
[ info ] [ RUN ] app\admin\controller\Index->Index[ /Users/xinjiashuodemac/workspace/my/frame/application/admin/controller/Index.php ]
[ info ] [ DB ] INIT mysql
[ info ] [ VIEW ] /Users/xinjiashuodemac/workspace/my/frame/public/../application/admin/view/index/index.html [ array (
  0 => 'adminmenu',
) ]
[ info ] [ LOG ] INIT File
[ sql ] [ DB ] CONNECT:[ UseTime:0.000290s ] mysql:host=localhost;dbname=frame;charset=utf8
[ sql ] [ SQL ] SHOW COLUMNS FROM `xin_menu` [ RunTime:0.001387s ]
[ sql ] [ SQL ] SELECT * FROM `xin_menu` WHERE  `menu_status` = 1  AND `menu_parent` = 0 ORDER BY `menu_rank` DESC LIMIT 0,100 [ RunTime:0.001124s ]
[ sql ] [ SQL ] SELECT * FROM `xin_menu` WHERE  `menu_parent` = 1  AND `menu_status` = 1 ORDER BY `menu_rank` DESC LIMIT 0,100 [ RunTime:0.000303s ]
[ sql ] [ SQL ] SELECT * FROM `xin_menu` WHERE  `menu_parent` = 5  AND `menu_status` = 1 ORDER BY `menu_rank` DESC LIMIT 0,100 [ RunTime:0.000398s ]
[ sql ] [ SQL ] SELECT * FROM `xin_menu` WHERE  `menu_parent` = 17  AND `menu_status` = 1 ORDER BY `menu_rank` DESC LIMIT 0,100 [ RunTime:0.000311s ]
---------------------------------------------------------------
[ 2019-05-31T08:47:05+08:00 ] 0.0.0.0 GET www.frame.com:8888/admin/index/welcome.html
[运行时间：0.028486s] [吞吐率：35.10req/s] [内存消耗：1,641.70kb] [文件加载：40]
[ info ] [ LANG ] /Users/xinjiashuodemac/workspace/my/frame/thinkphp/lang/zh-cn.php
[ info ] [ ROUTE ] array (
  'type' => 'module',
  'module' => 
  array (
    0 => 'admin',
    1 => 'index',
    2 => 'welcome',
  ),
)
[ info ] [ HEADER ] array (
  'host' => 'www.frame.com:8888',
  'connection' => 'keep-alive',
  'upgrade-insecure-requests' => '1',
  'user-agent' => 'Mozilla/5.0 (Macintosh; Intel Mac OS X 10_14_3) AppleWebKit/537.36 (KHTML, like Gecko) Chrome/74.0.3729.169 Safari/537.36',
  'accept' => 'text/html,application/xhtml+xml,application/xml;q=0.9,image/webp,image/apng,*/*;q=0.8,application/signed-exchange;v=b3',
  'referer' => 'http://www.frame.com:8888/admin/index/index.html',
  'accept-encoding' => 'gzip, deflate',
  'accept-language' => 'zh-CN,zh;q=0.9',
  'cookie' => 'PHPSESSID=frqtmdmr2v84bikiv3pvfkjj1g',
)
[ info ] [ PARAM ] array (
)
[ info ] [ SESSION ] INIT array (
  'id' => '',
  'var_session_id' => '',
  'prefix' => 'think',
  'type' => '',
  'auto_start' => true,
)
[ info ] [ RUN ] app\admin\controller\Index->Welcome[ /Users/xinjiashuodemac/workspace/my/frame/application/admin/controller/Index.php ]
[ info ] [ VIEW ] /Users/xinjiashuodemac/workspace/my/frame/public/../application/admin/view/index/welcome.html [ array (
  0 => 'Greetings',
) ]
[ info ] [ LOG ] INIT File
---------------------------------------------------------------
[ 2019-05-31T08:47:09+08:00 ] 0.0.0.0 GET www.frame.com:8888/admin/member/index.html
[运行时间：0.019762s] [吞吐率：50.60req/s] [内存消耗：1,062.35kb] [文件加载：31]
[ info ] [ LANG ] /Users/xinjiashuodemac/workspace/my/frame/thinkphp/lang/zh-cn.php
[ info ] [ ROUTE ] array (
  'type' => 'module',
  'module' => 
  array (
    0 => 'admin',
    1 => 'member',
    2 => 'index',
  ),
)
[ info ] [ HEADER ] array (
  'host' => 'www.frame.com:8888',
  'connection' => 'keep-alive',
  'upgrade-insecure-requests' => '1',
  'user-agent' => 'Mozilla/5.0 (Macintosh; Intel Mac OS X 10_14_3) AppleWebKit/537.36 (KHTML, like Gecko) Chrome/74.0.3729.169 Safari/537.36',
  'accept' => 'text/html,application/xhtml+xml,application/xml;q=0.9,image/webp,image/apng,*/*;q=0.8,application/signed-exchange;v=b3',
  'referer' => 'http://www.frame.com:8888/admin/index/index.html',
  'accept-encoding' => 'gzip, deflate',
  'accept-language' => 'zh-CN,zh;q=0.9',
  'cookie' => 'PHPSESSID=frqtmdmr2v84bikiv3pvfkjj1g',
)
[ info ] [ PARAM ] array (
)
[ info ] [ LOG ] INIT File
---------------------------------------------------------------
[ 2019-05-31T08:47:12+08:00 ] 0.0.0.0 GET www.frame.com:8888/admin/setting/index.html
[运行时间：0.018469s] [吞吐率：54.14req/s] [内存消耗：1,062.39kb] [文件加载：31]
[ info ] [ LANG ] /Users/xinjiashuodemac/workspace/my/frame/thinkphp/lang/zh-cn.php
[ info ] [ ROUTE ] array (
  'type' => 'module',
  'module' => 
  array (
    0 => 'admin',
    1 => 'setting',
    2 => 'index',
  ),
)
[ info ] [ HEADER ] array (
  'host' => 'www.frame.com:8888',
  'connection' => 'keep-alive',
  'upgrade-insecure-requests' => '1',
  'user-agent' => 'Mozilla/5.0 (Macintosh; Intel Mac OS X 10_14_3) AppleWebKit/537.36 (KHTML, like Gecko) Chrome/74.0.3729.169 Safari/537.36',
  'accept' => 'text/html,application/xhtml+xml,application/xml;q=0.9,image/webp,image/apng,*/*;q=0.8,application/signed-exchange;v=b3',
  'referer' => 'http://www.frame.com:8888/admin/index/index.html',
  'accept-encoding' => 'gzip, deflate',
  'accept-language' => 'zh-CN,zh;q=0.9',
  'cookie' => 'PHPSESSID=frqtmdmr2v84bikiv3pvfkjj1g',
)
[ info ] [ PARAM ] array (
)
[ info ] [ LOG ] INIT File
---------------------------------------------------------------
[ 2019-05-31T08:47:33+08:00 ] 0.0.0.0 GET www.frame.com:8888/admin/index/controlcenter.html
[运行时间：0.030840s] [吞吐率：32.43req/s] [内存消耗：1,710.20kb] [文件加载：41]
[ info ] [ LANG ] /Users/xinjiashuodemac/workspace/my/frame/thinkphp/lang/zh-cn.php
[ info ] [ ROUTE ] array (
  'type' => 'module',
  'module' => 
  array (
    0 => 'admin',
    1 => 'index',
    2 => 'controlcenter',
  ),
)
[ info ] [ HEADER ] array (
  'host' => 'www.frame.com:8888',
  'connection' => 'keep-alive',
  'upgrade-insecure-requests' => '1',
  'user-agent' => 'Mozilla/5.0 (Macintosh; Intel Mac OS X 10_14_3) AppleWebKit/537.36 (KHTML, like Gecko) Chrome/74.0.3729.169 Safari/537.36',
  'accept' => 'text/html,application/xhtml+xml,application/xml;q=0.9,image/webp,image/apng,*/*;q=0.8,application/signed-exchange;v=b3',
  'referer' => 'http://www.frame.com:8888/admin/index/index.html',
  'accept-encoding' => 'gzip, deflate',
  'accept-language' => 'zh-CN,zh;q=0.9',
  'cookie' => 'PHPSESSID=frqtmdmr2v84bikiv3pvfkjj1g',
)
[ info ] [ PARAM ] array (
)
[ info ] [ SESSION ] INIT array (
  'id' => '',
  'var_session_id' => '',
  'prefix' => 'think',
  'type' => '',
  'auto_start' => true,
)
[ info ] [ RUN ] app\admin\controller\Index->ControlCenter[ /Users/xinjiashuodemac/workspace/my/frame/application/admin/controller/Index.php ]
[ info ] [ VIEW ] /Users/xinjiashuodemac/workspace/my/frame/public/../application/admin/view/index/control_center.html [ array (
) ]
[ info ] [ LOG ] INIT File
---------------------------------------------------------------
[ 2019-05-31T08:47:33+08:00 ] 0.0.0.0 GET www.frame.com:8888/static/admin/json/console/top-search.js?page=1&limit=10
[运行时间：0.020299s] [吞吐率：49.26req/s] [内存消耗：1,043.52kb] [文件加载：28]
[ info ] [ LANG ] /Users/xinjiashuodemac/workspace/my/frame/thinkphp/lang/zh-cn.php
[ info ] [ ROUTE ] array (
  'type' => 'module',
  'module' => 
  array (
    0 => 'static',
    1 => 'admin',
    2 => 'json',
  ),
)
[ info ] [ HEADER ] array (
  'host' => 'www.frame.com:8888',
  'connection' => 'keep-alive',
  'accept' => 'application/json, text/javascript, */*; q=0.01',
  'x-requested-with' => 'XMLHttpRequest',
  'user-agent' => 'Mozilla/5.0 (Macintosh; Intel Mac OS X 10_14_3) AppleWebKit/537.36 (KHTML, like Gecko) Chrome/74.0.3729.169 Safari/537.36',
  'referer' => 'http://www.frame.com:8888/admin/index/controlcenter.html',
  'accept-encoding' => 'gzip, deflate',
  'accept-language' => 'zh-CN,zh;q=0.9',
  'cookie' => 'PHPSESSID=frqtmdmr2v84bikiv3pvfkjj1g',
)
[ info ] [ PARAM ] array (
  'page' => '1',
  'limit' => '10',
  'console' => 'top-search.js',
)
[ info ] [ LOG ] INIT File
---------------------------------------------------------------
[ 2019-05-31T08:47:33+08:00 ] 0.0.0.0 GET www.frame.com:8888/static/admin/json/console/top-card.js?page=1&limit=10
[运行时间：0.022827s] [吞吐率：43.81req/s] [内存消耗：1,043.42kb] [文件加载：28]
[ info ] [ LANG ] /Users/xinjiashuodemac/workspace/my/frame/thinkphp/lang/zh-cn.php
[ info ] [ ROUTE ] array (
  'type' => 'module',
  'module' => 
  array (
    0 => 'static',
    1 => 'admin',
    2 => 'json',
  ),
)
[ info ] [ HEADER ] array (
  'host' => 'www.frame.com:8888',
  'connection' => 'keep-alive',
  'accept' => 'application/json, text/javascript, */*; q=0.01',
  'x-requested-with' => 'XMLHttpRequest',
  'user-agent' => 'Mozilla/5.0 (Macintosh; Intel Mac OS X 10_14_3) AppleWebKit/537.36 (KHTML, like Gecko) Chrome/74.0.3729.169 Safari/537.36',
  'referer' => 'http://www.frame.com:8888/admin/index/controlcenter.html',
  'accept-encoding' => 'gzip, deflate',
  'accept-language' => 'zh-CN,zh;q=0.9',
  'cookie' => 'PHPSESSID=frqtmdmr2v84bikiv3pvfkjj1g',
)
[ info ] [ PARAM ] array (
  'page' => '1',
  'limit' => '10',
  'console' => 'top-card.js',
)
[ info ] [ LOG ] INIT File
---------------------------------------------------------------
[ 2019-05-31T08:47:48+08:00 ] 0.0.0.0 GET www.frame.com:8888/admin/index/statisticscenter.html
[运行时间：0.027677s] [吞吐率：36.13req/s] [内存消耗：1,681.06kb] [文件加载：42]
[ info ] [ LANG ] /Users/xinjiashuodemac/workspace/my/frame/thinkphp/lang/zh-cn.php
[ info ] [ ROUTE ] array (
  'type' => 'module',
  'module' => 
  array (
    0 => 'admin',
    1 => 'index',
    2 => 'statisticscenter',
  ),
)
[ info ] [ HEADER ] array (
  'host' => 'www.frame.com:8888',
  'connection' => 'keep-alive',
  'upgrade-insecure-requests' => '1',
  'user-agent' => 'Mozilla/5.0 (Macintosh; Intel Mac OS X 10_14_3) AppleWebKit/537.36 (KHTML, like Gecko) Chrome/74.0.3729.169 Safari/537.36',
  'accept' => 'text/html,application/xhtml+xml,application/xml;q=0.9,image/webp,image/apng,*/*;q=0.8,application/signed-exchange;v=b3',
  'referer' => 'http://www.frame.com:8888/admin/index/index.html',
  'accept-encoding' => 'gzip, deflate',
  'accept-language' => 'zh-CN,zh;q=0.9',
  'cookie' => 'PHPSESSID=frqtmdmr2v84bikiv3pvfkjj1g',
)
[ info ] [ PARAM ] array (
)
[ info ] [ SESSION ] INIT array (
  'id' => '',
  'var_session_id' => '',
  'prefix' => 'think',
  'type' => '',
  'auto_start' => true,
)
[ info ] [ RUN ] app\admin\controller\Index->StatisticsCenter[ /Users/xinjiashuodemac/workspace/my/frame/application/admin/controller/Index.php ]
[ info ] [ LOG ] INIT File
[ error ] [0]模板文件不存在:/Users/xinjiashuodemac/workspace/my/frame/public/../application/admin/view/index/statistics_center.html[/Users/xinjiashuodemac/workspace/my/frame/thinkphp/library/think/view/driver/Think.php:82]
---------------------------------------------------------------
[ 2019-05-31T08:47:59+08:00 ] 0.0.0.0 GET www.frame.com:8888/admin/index/app/content/comment.html
[运行时间：0.030684s] [吞吐率：32.59req/s] [内存消耗：1,673.27kb] [文件加载：41]
[ info ] [ LANG ] /Users/xinjiashuodemac/workspace/my/frame/thinkphp/lang/zh-cn.php
[ info ] [ ROUTE ] array (
  'type' => 'module',
  'module' => 
  array (
    0 => 'admin',
    1 => 'index',
    2 => 'app',
  ),
)
[ info ] [ HEADER ] array (
  'host' => 'www.frame.com:8888',
  'connection' => 'keep-alive',
  'upgrade-insecure-requests' => '1',
  'user-agent' => 'Mozilla/5.0 (Macintosh; Intel Mac OS X 10_14_3) AppleWebKit/537.36 (KHTML, like Gecko) Chrome/74.0.3729.169 Safari/537.36',
  'accept' => 'text/html,application/xhtml+xml,application/xml;q=0.9,image/webp,image/apng,*/*;q=0.8,application/signed-exchange;v=b3',
  'referer' => 'http://www.frame.com:8888/admin/index/index.html',
  'accept-encoding' => 'gzip, deflate',
  'accept-language' => 'zh-CN,zh;q=0.9',
  'cookie' => 'PHPSESSID=frqtmdmr2v84bikiv3pvfkjj1g',
)
[ info ] [ PARAM ] array (
  'content' => 'comment',
)
[ info ] [ SESSION ] INIT array (
  'id' => '',
  'var_session_id' => '',
  'prefix' => 'think',
  'type' => '',
  'auto_start' => true,
)
[ info ] [ LOG ] INIT File
---------------------------------------------------------------
[ 2019-05-31T08:48:12+08:00 ] 0.0.0.0 GET www.frame.com:8888/admin/index/statisticscenter.html
[运行时间：0.029091s] [吞吐率：34.38req/s] [内存消耗：1,681.06kb] [文件加载：42]
[ info ] [ LANG ] /Users/xinjiashuodemac/workspace/my/frame/thinkphp/lang/zh-cn.php
[ info ] [ ROUTE ] array (
  'type' => 'module',
  'module' => 
  array (
    0 => 'admin',
    1 => 'index',
    2 => 'statisticscenter',
  ),
)
[ info ] [ HEADER ] array (
  'host' => 'www.frame.com:8888',
  'connection' => 'keep-alive',
  'upgrade-insecure-requests' => '1',
  'user-agent' => 'Mozilla/5.0 (Macintosh; Intel Mac OS X 10_14_3) AppleWebKit/537.36 (KHTML, like Gecko) Chrome/74.0.3729.169 Safari/537.36',
  'accept' => 'text/html,application/xhtml+xml,application/xml;q=0.9,image/webp,image/apng,*/*;q=0.8,application/signed-exchange;v=b3',
  'referer' => 'http://www.frame.com:8888/admin/index/index.html',
  'accept-encoding' => 'gzip, deflate',
  'accept-language' => 'zh-CN,zh;q=0.9',
  'cookie' => 'PHPSESSID=frqtmdmr2v84bikiv3pvfkjj1g',
)
[ info ] [ PARAM ] array (
)
[ info ] [ SESSION ] INIT array (
  'id' => '',
  'var_session_id' => '',
  'prefix' => 'think',
  'type' => '',
  'auto_start' => true,
)
[ info ] [ RUN ] app\admin\controller\Index->StatisticsCenter[ /Users/xinjiashuodemac/workspace/my/frame/application/admin/controller/Index.php ]
[ info ] [ LOG ] INIT File
[ error ] [0]模板文件不存在:/Users/xinjiashuodemac/workspace/my/frame/public/../application/admin/view/index/statistics_center.html[/Users/xinjiashuodemac/workspace/my/frame/thinkphp/library/think/view/driver/Think.php:82]
---------------------------------------------------------------
[ 2019-05-31T08:48:14+08:00 ] 0.0.0.0 GET www.frame.com:8888/admin/index/datacenter.html
[运行时间：0.030343s] [吞吐率：32.96req/s] [内存消耗：1,680.85kb] [文件加载：42]
[ info ] [ LANG ] /Users/xinjiashuodemac/workspace/my/frame/thinkphp/lang/zh-cn.php
[ info ] [ ROUTE ] array (
  'type' => 'module',
  'module' => 
  array (
    0 => 'admin',
    1 => 'index',
    2 => 'datacenter',
  ),
)
[ info ] [ HEADER ] array (
  'host' => 'www.frame.com:8888',
  'connection' => 'keep-alive',
  'upgrade-insecure-requests' => '1',
  'user-agent' => 'Mozilla/5.0 (Macintosh; Intel Mac OS X 10_14_3) AppleWebKit/537.36 (KHTML, like Gecko) Chrome/74.0.3729.169 Safari/537.36',
  'accept' => 'text/html,application/xhtml+xml,application/xml;q=0.9,image/webp,image/apng,*/*;q=0.8,application/signed-exchange;v=b3',
  'referer' => 'http://www.frame.com:8888/admin/index/index.html',
  'accept-encoding' => 'gzip, deflate',
  'accept-language' => 'zh-CN,zh;q=0.9',
  'cookie' => 'PHPSESSID=frqtmdmr2v84bikiv3pvfkjj1g',
)
[ info ] [ PARAM ] array (
)
[ info ] [ SESSION ] INIT array (
  'id' => '',
  'var_session_id' => '',
  'prefix' => 'think',
  'type' => '',
  'auto_start' => true,
)
[ info ] [ RUN ] app\admin\controller\Index->DataCenter[ /Users/xinjiashuodemac/workspace/my/frame/application/admin/controller/Index.php ]
[ info ] [ LOG ] INIT File
[ error ] [0]模板文件不存在:/Users/xinjiashuodemac/workspace/my/frame/public/../application/admin/view/index/data_center.html[/Users/xinjiashuodemac/workspace/my/frame/thinkphp/library/think/view/driver/Think.php:82]
